<?xml version="1.0" encoding="UTF-8"?>
<testsuite name="users.ManagementTest" tests="1" skipped="0" failures="0" errors="0" timestamp="2023-08-07T13:33:42" hostname="LAPTOP-VFJTKINN" time="6.563">
  <properties/>
  <testcase name="testParallel()" classname="users.ManagementTest" time="6.563"/>
  <system-out><![CDATA[08:33:43.671 [Test worker] DEBUG com.intuit.karate.Suite - waiting for 6 features to complete
08:33:45.010 [pool-1-thread-4] DEBUG com.jayway.jsonpath.internal.path.CompiledPath - Evaluating path: $
08:33:45.010 [pool-1-thread-3] DEBUG com.jayway.jsonpath.internal.path.CompiledPath - Evaluating path: $
08:33:45.010 [pool-1-thread-2] DEBUG com.jayway.jsonpath.internal.path.CompiledPath - Evaluating path: $
08:33:45.010 [pool-1-thread-1] DEBUG com.jayway.jsonpath.internal.path.CompiledPath - Evaluating path: $
08:33:45.096 [pool-1-thread-2] DEBUG io.netty.util.internal.logging.InternalLoggerFactory - Using SLF4J as the default logging framework
08:33:45.099 [pool-1-thread-2] DEBUG io.netty.util.internal.PlatformDependent0 - -Dio.netty.noUnsafe: false
08:33:45.100 [pool-1-thread-2] DEBUG io.netty.util.internal.PlatformDependent0 - Java version: 11
08:33:45.102 [pool-1-thread-2] DEBUG io.netty.util.internal.PlatformDependent0 - sun.misc.Unsafe.theUnsafe: available
08:33:45.103 [pool-1-thread-2] DEBUG io.netty.util.internal.PlatformDependent0 - sun.misc.Unsafe.copyMemory: available
08:33:45.103 [pool-1-thread-2] DEBUG io.netty.util.internal.PlatformDependent0 - sun.misc.Unsafe.storeFence: available
08:33:45.103 [pool-1-thread-2] DEBUG io.netty.util.internal.PlatformDependent0 - java.nio.Buffer.address: available
08:33:45.103 [pool-1-thread-2] DEBUG io.netty.util.internal.PlatformDependent0 - direct buffer constructor: unavailable: Reflective setAccessible(true) disabled
08:33:45.103 [pool-1-thread-2] DEBUG io.netty.util.internal.PlatformDependent0 - java.nio.Bits.unaligned: available, true
08:33:45.103 [pool-1-thread-2] DEBUG io.netty.util.internal.PlatformDependent0 - jdk.internal.misc.Unsafe.allocateUninitializedArray(int): unavailable: class io.netty.util.internal.PlatformDependent0$7 cannot access class jdk.internal.misc.Unsafe (in module java.base) because module java.base does not export jdk.internal.misc to unnamed module @4245779a
08:33:45.103 [pool-1-thread-2] DEBUG io.netty.util.internal.PlatformDependent0 - java.nio.DirectByteBuffer.<init>(long, int): unavailable
08:33:45.103 [pool-1-thread-2] DEBUG io.netty.util.internal.PlatformDependent - sun.misc.Unsafe: available
08:33:45.132 [pool-1-thread-2] DEBUG io.netty.util.internal.PlatformDependent - maxDirectMemory: 536870912 bytes (maybe)
08:33:45.133 [pool-1-thread-2] DEBUG io.netty.util.internal.PlatformDependent - -Dio.netty.tmpdir: C:\Users\Jaime\AppData\Local\Temp (java.io.tmpdir)
08:33:45.133 [pool-1-thread-2] DEBUG io.netty.util.internal.PlatformDependent - -Dio.netty.bitMode: 64 (sun.arch.data.model)
08:33:45.134 [pool-1-thread-2] DEBUG io.netty.util.internal.PlatformDependent - Platform: Windows
08:33:45.136 [pool-1-thread-2] DEBUG io.netty.util.internal.PlatformDependent - -Dio.netty.maxDirectMemory: -1 bytes
08:33:45.136 [pool-1-thread-2] DEBUG io.netty.util.internal.PlatformDependent - -Dio.netty.uninitializedArrayAllocationThreshold: -1
08:33:45.138 [pool-1-thread-2] DEBUG io.netty.util.internal.CleanerJava9 - java.nio.ByteBuffer.cleaner(): available
08:33:45.138 [pool-1-thread-2] DEBUG io.netty.util.internal.PlatformDependent - -Dio.netty.noPreferDirect: false
08:33:45.408 [pool-1-thread-4] DEBUG org.apache.http.client.protocol.RequestAddCookies - CookieSpec selected: karate
08:33:45.408 [pool-1-thread-2] DEBUG org.apache.http.client.protocol.RequestAddCookies - CookieSpec selected: karate
08:33:45.408 [pool-1-thread-3] DEBUG org.apache.http.client.protocol.RequestAddCookies - CookieSpec selected: karate
08:33:45.408 [pool-1-thread-1] DEBUG org.apache.http.client.protocol.RequestAddCookies - CookieSpec selected: karate
08:33:45.423 [pool-1-thread-3] DEBUG org.apache.http.client.protocol.RequestAuthCache - Auth cache not set in the context
08:33:45.423 [pool-1-thread-1] DEBUG org.apache.http.client.protocol.RequestAuthCache - Auth cache not set in the context
08:33:45.423 [pool-1-thread-2] DEBUG org.apache.http.client.protocol.RequestAuthCache - Auth cache not set in the context
08:33:45.423 [pool-1-thread-4] DEBUG org.apache.http.client.protocol.RequestAuthCache - Auth cache not set in the context
08:33:45.423 [pool-1-thread-3] DEBUG com.intuit.karate - request:
1 > POST https://petstore.swagger.io/v2/user
1 > Content-Type: application/json; charset=UTF-8
1 > Content-Length: 145
1 > Host: petstore.swagger.io
1 > Connection: Keep-Alive
1 > User-Agent: Apache-HttpClient/4.5.13 (Java/11.0.9)
1 > Accept-Encoding: gzip,deflate
{"id":0,"username":"lgomez","firstName":"Luis","lastName":"Gomez","email":"lg@gmail.com","password":"pass123","phone":"099291555","userStatus":0}

08:33:45.423 [pool-1-thread-2] DEBUG com.intuit.karate - request:
1 > POST https://petstore.swagger.io/v2/user
1 > Content-Type: application/json; charset=UTF-8
1 > Content-Length: 145
1 > Host: petstore.swagger.io
1 > Connection: Keep-Alive
1 > User-Agent: Apache-HttpClient/4.5.13 (Java/11.0.9)
1 > Accept-Encoding: gzip,deflate
{"id":0,"username":"lgomez","firstName":"Luis","lastName":"Gomez","email":"lg@gmail.com","password":"pass123","phone":"099291555","userStatus":0}

08:33:45.423 [pool-1-thread-1] DEBUG com.intuit.karate - request:
1 > POST https://petstore.swagger.io/v2/user
1 > Content-Type: application/json; charset=UTF-8
1 > Content-Length: 145
1 > Host: petstore.swagger.io
1 > Connection: Keep-Alive
1 > User-Agent: Apache-HttpClient/4.5.13 (Java/11.0.9)
1 > Accept-Encoding: gzip,deflate
{"id":0,"username":"lgomez","firstName":"Luis","lastName":"Gomez","email":"lg@gmail.com","password":"pass123","phone":"099291555","userStatus":0}

08:33:45.423 [pool-1-thread-4] DEBUG com.intuit.karate - request:
1 > POST https://petstore.swagger.io/v2/user
1 > Content-Type: application/json; charset=UTF-8
1 > Content-Length: 145
1 > Host: petstore.swagger.io
1 > Connection: Keep-Alive
1 > User-Agent: Apache-HttpClient/4.5.13 (Java/11.0.9)
1 > Accept-Encoding: gzip,deflate
{"id":0,"username":"lgomez","firstName":"Luis","lastName":"Gomez","email":"lg@gmail.com","password":"pass123","phone":"099291555","userStatus":0}

08:33:45.423 [pool-1-thread-4] DEBUG org.apache.http.impl.conn.PoolingHttpClientConnectionManager - Connection request: [route: {s}->https://petstore.swagger.io:443][total available: 0; route allocated: 0 of 5; total allocated: 0 of 10]
08:33:45.423 [pool-1-thread-1] DEBUG org.apache.http.impl.conn.PoolingHttpClientConnectionManager - Connection request: [route: {s}->https://petstore.swagger.io:443][total available: 0; route allocated: 0 of 5; total allocated: 0 of 10]
08:33:45.423 [pool-1-thread-2] DEBUG org.apache.http.impl.conn.PoolingHttpClientConnectionManager - Connection request: [route: {s}->https://petstore.swagger.io:443][total available: 0; route allocated: 0 of 5; total allocated: 0 of 10]
08:33:45.423 [pool-1-thread-3] DEBUG org.apache.http.impl.conn.PoolingHttpClientConnectionManager - Connection request: [route: {s}->https://petstore.swagger.io:443][total available: 0; route allocated: 0 of 5; total allocated: 0 of 10]
08:33:45.442 [pool-1-thread-1] DEBUG org.apache.http.impl.conn.PoolingHttpClientConnectionManager - Connection leased: [id: 1][route: {s}->https://petstore.swagger.io:443][total available: 0; route allocated: 1 of 5; total allocated: 1 of 10]
08:33:45.442 [pool-1-thread-3] DEBUG org.apache.http.impl.conn.PoolingHttpClientConnectionManager - Connection leased: [id: 3][route: {s}->https://petstore.swagger.io:443][total available: 0; route allocated: 1 of 5; total allocated: 1 of 10]
08:33:45.442 [pool-1-thread-2] DEBUG org.apache.http.impl.conn.PoolingHttpClientConnectionManager - Connection leased: [id: 0][route: {s}->https://petstore.swagger.io:443][total available: 0; route allocated: 1 of 5; total allocated: 1 of 10]
08:33:45.442 [pool-1-thread-4] DEBUG org.apache.http.impl.conn.PoolingHttpClientConnectionManager - Connection leased: [id: 2][route: {s}->https://petstore.swagger.io:443][total available: 0; route allocated: 1 of 5; total allocated: 1 of 10]
08:33:45.442 [pool-1-thread-4] DEBUG org.apache.http.impl.execchain.MainClientExec - Opening connection {s}->https://petstore.swagger.io:443
08:33:45.442 [pool-1-thread-1] DEBUG org.apache.http.impl.execchain.MainClientExec - Opening connection {s}->https://petstore.swagger.io:443
08:33:45.442 [pool-1-thread-2] DEBUG org.apache.http.impl.execchain.MainClientExec - Opening connection {s}->https://petstore.swagger.io:443
08:33:45.442 [pool-1-thread-3] DEBUG org.apache.http.impl.execchain.MainClientExec - Opening connection {s}->https://petstore.swagger.io:443
08:33:45.558 [pool-1-thread-3] DEBUG org.apache.http.impl.conn.DefaultHttpClientConnectionOperator - Connecting to petstore.swagger.io/54.147.109.72:443
08:33:45.558 [pool-1-thread-2] DEBUG org.apache.http.impl.conn.DefaultHttpClientConnectionOperator - Connecting to petstore.swagger.io/54.147.109.72:443
08:33:45.558 [pool-1-thread-1] DEBUG org.apache.http.impl.conn.DefaultHttpClientConnectionOperator - Connecting to petstore.swagger.io/54.147.109.72:443
08:33:45.558 [pool-1-thread-4] DEBUG org.apache.http.impl.conn.DefaultHttpClientConnectionOperator - Connecting to petstore.swagger.io/54.147.109.72:443
08:33:45.558 [pool-1-thread-4] DEBUG org.apache.http.conn.ssl.SSLConnectionSocketFactory - Connecting socket to petstore.swagger.io/54.147.109.72:443 with timeout 30000
08:33:45.558 [pool-1-thread-3] DEBUG org.apache.http.conn.ssl.SSLConnectionSocketFactory - Connecting socket to petstore.swagger.io/54.147.109.72:443 with timeout 30000
08:33:45.558 [pool-1-thread-2] DEBUG org.apache.http.conn.ssl.SSLConnectionSocketFactory - Connecting socket to petstore.swagger.io/54.147.109.72:443 with timeout 30000
08:33:45.558 [pool-1-thread-1] DEBUG org.apache.http.conn.ssl.SSLConnectionSocketFactory - Connecting socket to petstore.swagger.io/54.147.109.72:443 with timeout 30000
08:33:45.689 [pool-1-thread-1] DEBUG org.apache.http.conn.ssl.SSLConnectionSocketFactory - Enabled protocols: [TLSv1.3, TLSv1.2, TLSv1.1, TLSv1]
08:33:45.689 [pool-1-thread-3] DEBUG org.apache.http.conn.ssl.SSLConnectionSocketFactory - Enabled protocols: [TLSv1.3, TLSv1.2, TLSv1.1, TLSv1]
08:33:45.689 [pool-1-thread-1] DEBUG org.apache.http.conn.ssl.SSLConnectionSocketFactory - Enabled cipher suites:[TLS_AES_128_GCM_SHA256, TLS_AES_256_GCM_SHA384, TLS_ECDHE_ECDSA_WITH_AES_256_GCM_SHA384, TLS_ECDHE_ECDSA_WITH_AES_128_GCM_SHA256, TLS_ECDHE_RSA_WITH_AES_256_GCM_SHA384, TLS_RSA_WITH_AES_256_GCM_SHA384, TLS_ECDH_ECDSA_WITH_AES_256_GCM_SHA384, TLS_ECDH_RSA_WITH_AES_256_GCM_SHA384, TLS_DHE_RSA_WITH_AES_256_GCM_SHA384, TLS_DHE_DSS_WITH_AES_256_GCM_SHA384, TLS_ECDHE_RSA_WITH_AES_128_GCM_SHA256, TLS_RSA_WITH_AES_128_GCM_SHA256, TLS_ECDH_ECDSA_WITH_AES_128_GCM_SHA256, TLS_ECDH_RSA_WITH_AES_128_GCM_SHA256, TLS_DHE_RSA_WITH_AES_128_GCM_SHA256, TLS_DHE_DSS_WITH_AES_128_GCM_SHA256, TLS_ECDHE_ECDSA_WITH_AES_256_CBC_SHA384, TLS_ECDHE_RSA_WITH_AES_256_CBC_SHA384, TLS_RSA_WITH_AES_256_CBC_SHA256, TLS_ECDH_ECDSA_WITH_AES_256_CBC_SHA384, TLS_ECDH_RSA_WITH_AES_256_CBC_SHA384, TLS_DHE_RSA_WITH_AES_256_CBC_SHA256, TLS_DHE_DSS_WITH_AES_256_CBC_SHA256, TLS_ECDHE_ECDSA_WITH_AES_256_CBC_SHA, TLS_ECDHE_RSA_WITH_AES_256_CBC_SHA, TLS_RSA_WITH_AES_256_CBC_SHA, TLS_ECDH_ECDSA_WITH_AES_256_CBC_SHA, TLS_ECDH_RSA_WITH_AES_256_CBC_SHA, TLS_DHE_RSA_WITH_AES_256_CBC_SHA, TLS_DHE_DSS_WITH_AES_256_CBC_SHA, TLS_ECDHE_ECDSA_WITH_AES_128_CBC_SHA256, TLS_ECDHE_RSA_WITH_AES_128_CBC_SHA256, TLS_RSA_WITH_AES_128_CBC_SHA256, TLS_ECDH_ECDSA_WITH_AES_128_CBC_SHA256, TLS_ECDH_RSA_WITH_AES_128_CBC_SHA256, TLS_DHE_RSA_WITH_AES_128_CBC_SHA256, TLS_DHE_DSS_WITH_AES_128_CBC_SHA256, TLS_ECDHE_ECDSA_WITH_AES_128_CBC_SHA, TLS_ECDHE_RSA_WITH_AES_128_CBC_SHA, TLS_RSA_WITH_AES_128_CBC_SHA, TLS_ECDH_ECDSA_WITH_AES_128_CBC_SHA, TLS_ECDH_RSA_WITH_AES_128_CBC_SHA, TLS_DHE_RSA_WITH_AES_128_CBC_SHA, TLS_DHE_DSS_WITH_AES_128_CBC_SHA, TLS_EMPTY_RENEGOTIATION_INFO_SCSV]
08:33:45.689 [pool-1-thread-3] DEBUG org.apache.http.conn.ssl.SSLConnectionSocketFactory - Enabled cipher suites:[TLS_AES_128_GCM_SHA256, TLS_AES_256_GCM_SHA384, TLS_ECDHE_ECDSA_WITH_AES_256_GCM_SHA384, TLS_ECDHE_ECDSA_WITH_AES_128_GCM_SHA256, TLS_ECDHE_RSA_WITH_AES_256_GCM_SHA384, TLS_RSA_WITH_AES_256_GCM_SHA384, TLS_ECDH_ECDSA_WITH_AES_256_GCM_SHA384, TLS_ECDH_RSA_WITH_AES_256_GCM_SHA384, TLS_DHE_RSA_WITH_AES_256_GCM_SHA384, TLS_DHE_DSS_WITH_AES_256_GCM_SHA384, TLS_ECDHE_RSA_WITH_AES_128_GCM_SHA256, TLS_RSA_WITH_AES_128_GCM_SHA256, TLS_ECDH_ECDSA_WITH_AES_128_GCM_SHA256, TLS_ECDH_RSA_WITH_AES_128_GCM_SHA256, TLS_DHE_RSA_WITH_AES_128_GCM_SHA256, TLS_DHE_DSS_WITH_AES_128_GCM_SHA256, TLS_ECDHE_ECDSA_WITH_AES_256_CBC_SHA384, TLS_ECDHE_RSA_WITH_AES_256_CBC_SHA384, TLS_RSA_WITH_AES_256_CBC_SHA256, TLS_ECDH_ECDSA_WITH_AES_256_CBC_SHA384, TLS_ECDH_RSA_WITH_AES_256_CBC_SHA384, TLS_DHE_RSA_WITH_AES_256_CBC_SHA256, TLS_DHE_DSS_WITH_AES_256_CBC_SHA256, TLS_ECDHE_ECDSA_WITH_AES_256_CBC_SHA, TLS_ECDHE_RSA_WITH_AES_256_CBC_SHA, TLS_RSA_WITH_AES_256_CBC_SHA, TLS_ECDH_ECDSA_WITH_AES_256_CBC_SHA, TLS_ECDH_RSA_WITH_AES_256_CBC_SHA, TLS_DHE_RSA_WITH_AES_256_CBC_SHA, TLS_DHE_DSS_WITH_AES_256_CBC_SHA, TLS_ECDHE_ECDSA_WITH_AES_128_CBC_SHA256, TLS_ECDHE_RSA_WITH_AES_128_CBC_SHA256, TLS_RSA_WITH_AES_128_CBC_SHA256, TLS_ECDH_ECDSA_WITH_AES_128_CBC_SHA256, TLS_ECDH_RSA_WITH_AES_128_CBC_SHA256, TLS_DHE_RSA_WITH_AES_128_CBC_SHA256, TLS_DHE_DSS_WITH_AES_128_CBC_SHA256, TLS_ECDHE_ECDSA_WITH_AES_128_CBC_SHA, TLS_ECDHE_RSA_WITH_AES_128_CBC_SHA, TLS_RSA_WITH_AES_128_CBC_SHA, TLS_ECDH_ECDSA_WITH_AES_128_CBC_SHA, TLS_ECDH_RSA_WITH_AES_128_CBC_SHA, TLS_DHE_RSA_WITH_AES_128_CBC_SHA, TLS_DHE_DSS_WITH_AES_128_CBC_SHA, TLS_EMPTY_RENEGOTIATION_INFO_SCSV]
08:33:45.689 [pool-1-thread-3] DEBUG org.apache.http.conn.ssl.SSLConnectionSocketFactory - Starting handshake
08:33:45.689 [pool-1-thread-1] DEBUG org.apache.http.conn.ssl.SSLConnectionSocketFactory - Starting handshake
08:33:45.689 [pool-1-thread-4] DEBUG org.apache.http.conn.ssl.SSLConnectionSocketFactory - Enabled protocols: [TLSv1.3, TLSv1.2, TLSv1.1, TLSv1]
08:33:45.689 [pool-1-thread-2] DEBUG org.apache.http.conn.ssl.SSLConnectionSocketFactory - Enabled protocols: [TLSv1.3, TLSv1.2, TLSv1.1, TLSv1]
08:33:45.689 [pool-1-thread-4] DEBUG org.apache.http.conn.ssl.SSLConnectionSocketFactory - Enabled cipher suites:[TLS_AES_128_GCM_SHA256, TLS_AES_256_GCM_SHA384, TLS_ECDHE_ECDSA_WITH_AES_256_GCM_SHA384, TLS_ECDHE_ECDSA_WITH_AES_128_GCM_SHA256, TLS_ECDHE_RSA_WITH_AES_256_GCM_SHA384, TLS_RSA_WITH_AES_256_GCM_SHA384, TLS_ECDH_ECDSA_WITH_AES_256_GCM_SHA384, TLS_ECDH_RSA_WITH_AES_256_GCM_SHA384, TLS_DHE_RSA_WITH_AES_256_GCM_SHA384, TLS_DHE_DSS_WITH_AES_256_GCM_SHA384, TLS_ECDHE_RSA_WITH_AES_128_GCM_SHA256, TLS_RSA_WITH_AES_128_GCM_SHA256, TLS_ECDH_ECDSA_WITH_AES_128_GCM_SHA256, TLS_ECDH_RSA_WITH_AES_128_GCM_SHA256, TLS_DHE_RSA_WITH_AES_128_GCM_SHA256, TLS_DHE_DSS_WITH_AES_128_GCM_SHA256, TLS_ECDHE_ECDSA_WITH_AES_256_CBC_SHA384, TLS_ECDHE_RSA_WITH_AES_256_CBC_SHA384, TLS_RSA_WITH_AES_256_CBC_SHA256, TLS_ECDH_ECDSA_WITH_AES_256_CBC_SHA384, TLS_ECDH_RSA_WITH_AES_256_CBC_SHA384, TLS_DHE_RSA_WITH_AES_256_CBC_SHA256, TLS_DHE_DSS_WITH_AES_256_CBC_SHA256, TLS_ECDHE_ECDSA_WITH_AES_256_CBC_SHA, TLS_ECDHE_RSA_WITH_AES_256_CBC_SHA, TLS_RSA_WITH_AES_256_CBC_SHA, TLS_ECDH_ECDSA_WITH_AES_256_CBC_SHA, TLS_ECDH_RSA_WITH_AES_256_CBC_SHA, TLS_DHE_RSA_WITH_AES_256_CBC_SHA, TLS_DHE_DSS_WITH_AES_256_CBC_SHA, TLS_ECDHE_ECDSA_WITH_AES_128_CBC_SHA256, TLS_ECDHE_RSA_WITH_AES_128_CBC_SHA256, TLS_RSA_WITH_AES_128_CBC_SHA256, TLS_ECDH_ECDSA_WITH_AES_128_CBC_SHA256, TLS_ECDH_RSA_WITH_AES_128_CBC_SHA256, TLS_DHE_RSA_WITH_AES_128_CBC_SHA256, TLS_DHE_DSS_WITH_AES_128_CBC_SHA256, TLS_ECDHE_ECDSA_WITH_AES_128_CBC_SHA, TLS_ECDHE_RSA_WITH_AES_128_CBC_SHA, TLS_RSA_WITH_AES_128_CBC_SHA, TLS_ECDH_ECDSA_WITH_AES_128_CBC_SHA, TLS_ECDH_RSA_WITH_AES_128_CBC_SHA, TLS_DHE_RSA_WITH_AES_128_CBC_SHA, TLS_DHE_DSS_WITH_AES_128_CBC_SHA, TLS_EMPTY_RENEGOTIATION_INFO_SCSV]
08:33:45.689 [pool-1-thread-2] DEBUG org.apache.http.conn.ssl.SSLConnectionSocketFactory - Enabled cipher suites:[TLS_AES_128_GCM_SHA256, TLS_AES_256_GCM_SHA384, TLS_ECDHE_ECDSA_WITH_AES_256_GCM_SHA384, TLS_ECDHE_ECDSA_WITH_AES_128_GCM_SHA256, TLS_ECDHE_RSA_WITH_AES_256_GCM_SHA384, TLS_RSA_WITH_AES_256_GCM_SHA384, TLS_ECDH_ECDSA_WITH_AES_256_GCM_SHA384, TLS_ECDH_RSA_WITH_AES_256_GCM_SHA384, TLS_DHE_RSA_WITH_AES_256_GCM_SHA384, TLS_DHE_DSS_WITH_AES_256_GCM_SHA384, TLS_ECDHE_RSA_WITH_AES_128_GCM_SHA256, TLS_RSA_WITH_AES_128_GCM_SHA256, TLS_ECDH_ECDSA_WITH_AES_128_GCM_SHA256, TLS_ECDH_RSA_WITH_AES_128_GCM_SHA256, TLS_DHE_RSA_WITH_AES_128_GCM_SHA256, TLS_DHE_DSS_WITH_AES_128_GCM_SHA256, TLS_ECDHE_ECDSA_WITH_AES_256_CBC_SHA384, TLS_ECDHE_RSA_WITH_AES_256_CBC_SHA384, TLS_RSA_WITH_AES_256_CBC_SHA256, TLS_ECDH_ECDSA_WITH_AES_256_CBC_SHA384, TLS_ECDH_RSA_WITH_AES_256_CBC_SHA384, TLS_DHE_RSA_WITH_AES_256_CBC_SHA256, TLS_DHE_DSS_WITH_AES_256_CBC_SHA256, TLS_ECDHE_ECDSA_WITH_AES_256_CBC_SHA, TLS_ECDHE_RSA_WITH_AES_256_CBC_SHA, TLS_RSA_WITH_AES_256_CBC_SHA, TLS_ECDH_ECDSA_WITH_AES_256_CBC_SHA, TLS_ECDH_RSA_WITH_AES_256_CBC_SHA, TLS_DHE_RSA_WITH_AES_256_CBC_SHA, TLS_DHE_DSS_WITH_AES_256_CBC_SHA, TLS_ECDHE_ECDSA_WITH_AES_128_CBC_SHA256, TLS_ECDHE_RSA_WITH_AES_128_CBC_SHA256, TLS_RSA_WITH_AES_128_CBC_SHA256, TLS_ECDH_ECDSA_WITH_AES_128_CBC_SHA256, TLS_ECDH_RSA_WITH_AES_128_CBC_SHA256, TLS_DHE_RSA_WITH_AES_128_CBC_SHA256, TLS_DHE_DSS_WITH_AES_128_CBC_SHA256, TLS_ECDHE_ECDSA_WITH_AES_128_CBC_SHA, TLS_ECDHE_RSA_WITH_AES_128_CBC_SHA, TLS_RSA_WITH_AES_128_CBC_SHA, TLS_ECDH_ECDSA_WITH_AES_128_CBC_SHA, TLS_ECDH_RSA_WITH_AES_128_CBC_SHA, TLS_DHE_RSA_WITH_AES_128_CBC_SHA, TLS_DHE_DSS_WITH_AES_128_CBC_SHA, TLS_EMPTY_RENEGOTIATION_INFO_SCSV]
08:33:45.689 [pool-1-thread-2] DEBUG org.apache.http.conn.ssl.SSLConnectionSocketFactory - Starting handshake
08:33:45.689 [pool-1-thread-4] DEBUG org.apache.http.conn.ssl.SSLConnectionSocketFactory - Starting handshake
08:33:46.044 [pool-1-thread-1] DEBUG org.apache.http.conn.ssl.SSLConnectionSocketFactory - Secure session established
08:33:46.044 [pool-1-thread-3] DEBUG org.apache.http.conn.ssl.SSLConnectionSocketFactory - Secure session established
08:33:46.044 [pool-1-thread-1] DEBUG org.apache.http.conn.ssl.SSLConnectionSocketFactory -  negotiated protocol: TLSv1.2
08:33:46.044 [pool-1-thread-4] DEBUG org.apache.http.conn.ssl.SSLConnectionSocketFactory - Secure session established
08:33:46.044 [pool-1-thread-2] DEBUG org.apache.http.conn.ssl.SSLConnectionSocketFactory - Secure session established
08:33:46.044 [pool-1-thread-3] DEBUG org.apache.http.conn.ssl.SSLConnectionSocketFactory -  negotiated protocol: TLSv1.2
08:33:46.044 [pool-1-thread-1] DEBUG org.apache.http.conn.ssl.SSLConnectionSocketFactory -  negotiated cipher suite: TLS_ECDHE_RSA_WITH_AES_128_GCM_SHA256
08:33:46.044 [pool-1-thread-4] DEBUG org.apache.http.conn.ssl.SSLConnectionSocketFactory -  negotiated protocol: TLSv1.2
08:33:46.044 [pool-1-thread-2] DEBUG org.apache.http.conn.ssl.SSLConnectionSocketFactory -  negotiated protocol: TLSv1.2
08:33:46.044 [pool-1-thread-3] DEBUG org.apache.http.conn.ssl.SSLConnectionSocketFactory -  negotiated cipher suite: TLS_ECDHE_RSA_WITH_AES_128_GCM_SHA256
08:33:46.044 [pool-1-thread-4] DEBUG org.apache.http.conn.ssl.SSLConnectionSocketFactory -  negotiated cipher suite: TLS_ECDHE_RSA_WITH_AES_128_GCM_SHA256
08:33:46.044 [pool-1-thread-3] DEBUG org.apache.http.conn.ssl.SSLConnectionSocketFactory -  peer principal: CN=*.swagger.io
08:33:46.044 [pool-1-thread-1] DEBUG org.apache.http.conn.ssl.SSLConnectionSocketFactory -  peer principal: CN=*.swagger.io
08:33:46.044 [pool-1-thread-2] DEBUG org.apache.http.conn.ssl.SSLConnectionSocketFactory -  negotiated cipher suite: TLS_ECDHE_RSA_WITH_AES_128_GCM_SHA256
08:33:46.044 [pool-1-thread-1] DEBUG org.apache.http.conn.ssl.SSLConnectionSocketFactory -  peer alternative names: [*.swagger.io]
08:33:46.044 [pool-1-thread-4] DEBUG org.apache.http.conn.ssl.SSLConnectionSocketFactory -  peer principal: CN=*.swagger.io
08:33:46.044 [pool-1-thread-3] DEBUG org.apache.http.conn.ssl.SSLConnectionSocketFactory -  peer alternative names: [*.swagger.io]
08:33:46.044 [pool-1-thread-4] DEBUG org.apache.http.conn.ssl.SSLConnectionSocketFactory -  peer alternative names: [*.swagger.io]
08:33:46.044 [pool-1-thread-2] DEBUG org.apache.http.conn.ssl.SSLConnectionSocketFactory -  peer principal: CN=*.swagger.io
08:33:46.044 [pool-1-thread-1] DEBUG org.apache.http.conn.ssl.SSLConnectionSocketFactory -  issuer principal: CN=Amazon RSA 2048 M02, O=Amazon, C=US
08:33:46.044 [pool-1-thread-2] DEBUG org.apache.http.conn.ssl.SSLConnectionSocketFactory -  peer alternative names: [*.swagger.io]
08:33:46.044 [pool-1-thread-4] DEBUG org.apache.http.conn.ssl.SSLConnectionSocketFactory -  issuer principal: CN=Amazon RSA 2048 M02, O=Amazon, C=US
08:33:46.044 [pool-1-thread-3] DEBUG org.apache.http.conn.ssl.SSLConnectionSocketFactory -  issuer principal: CN=Amazon RSA 2048 M02, O=Amazon, C=US
08:33:46.044 [pool-1-thread-2] DEBUG org.apache.http.conn.ssl.SSLConnectionSocketFactory -  issuer principal: CN=Amazon RSA 2048 M02, O=Amazon, C=US
08:33:46.044 [pool-1-thread-2] DEBUG org.apache.http.impl.conn.DefaultHttpClientConnectionOperator - Connection established 192.168.100.10:64444<->54.147.109.72:443
08:33:46.044 [pool-1-thread-1] DEBUG org.apache.http.impl.conn.DefaultHttpClientConnectionOperator - Connection established 192.168.100.10:64441<->54.147.109.72:443
08:33:46.044 [pool-1-thread-3] DEBUG org.apache.http.impl.conn.DefaultHttpClientConnectionOperator - Connection established 192.168.100.10:64442<->54.147.109.72:443
08:33:46.044 [pool-1-thread-4] DEBUG org.apache.http.impl.conn.DefaultHttpClientConnectionOperator - Connection established 192.168.100.10:64443<->54.147.109.72:443
08:33:46.044 [pool-1-thread-2] DEBUG org.apache.http.impl.conn.DefaultManagedHttpClientConnection - http-outgoing-0: set socket timeout to 30000
08:33:46.044 [pool-1-thread-1] DEBUG org.apache.http.impl.conn.DefaultManagedHttpClientConnection - http-outgoing-2: set socket timeout to 30000
08:33:46.044 [pool-1-thread-3] DEBUG org.apache.http.impl.conn.DefaultManagedHttpClientConnection - http-outgoing-1: set socket timeout to 30000
08:33:46.044 [pool-1-thread-1] DEBUG org.apache.http.impl.execchain.MainClientExec - Executing request POST /v2/user HTTP/1.1
08:33:46.044 [pool-1-thread-3] DEBUG org.apache.http.impl.execchain.MainClientExec - Executing request POST /v2/user HTTP/1.1
08:33:46.044 [pool-1-thread-1] DEBUG org.apache.http.impl.execchain.MainClientExec - Target auth state: UNCHALLENGED
08:33:46.044 [pool-1-thread-4] DEBUG org.apache.http.impl.conn.DefaultManagedHttpClientConnection - http-outgoing-3: set socket timeout to 30000
08:33:46.044 [pool-1-thread-2] DEBUG org.apache.http.impl.execchain.MainClientExec - Executing request POST /v2/user HTTP/1.1
08:33:46.044 [pool-1-thread-3] DEBUG org.apache.http.impl.execchain.MainClientExec - Target auth state: UNCHALLENGED
08:33:46.044 [pool-1-thread-4] DEBUG org.apache.http.impl.execchain.MainClientExec - Executing request POST /v2/user HTTP/1.1
08:33:46.044 [pool-1-thread-2] DEBUG org.apache.http.impl.execchain.MainClientExec - Target auth state: UNCHALLENGED
08:33:46.044 [pool-1-thread-4] DEBUG org.apache.http.impl.execchain.MainClientExec - Target auth state: UNCHALLENGED
08:33:46.044 [pool-1-thread-4] DEBUG org.apache.http.impl.execchain.MainClientExec - Proxy auth state: UNCHALLENGED
08:33:46.044 [pool-1-thread-3] DEBUG org.apache.http.impl.execchain.MainClientExec - Proxy auth state: UNCHALLENGED
08:33:46.044 [pool-1-thread-2] DEBUG org.apache.http.impl.execchain.MainClientExec - Proxy auth state: UNCHALLENGED
08:33:46.044 [pool-1-thread-1] DEBUG org.apache.http.impl.execchain.MainClientExec - Proxy auth state: UNCHALLENGED
08:33:46.059 [pool-1-thread-1] DEBUG org.apache.http.headers - http-outgoing-2 >> POST /v2/user HTTP/1.1
08:33:46.059 [pool-1-thread-4] DEBUG org.apache.http.headers - http-outgoing-3 >> POST /v2/user HTTP/1.1
08:33:46.059 [pool-1-thread-2] DEBUG org.apache.http.headers - http-outgoing-0 >> POST /v2/user HTTP/1.1
08:33:46.059 [pool-1-thread-3] DEBUG org.apache.http.headers - http-outgoing-1 >> POST /v2/user HTTP/1.1
08:33:46.059 [pool-1-thread-1] DEBUG org.apache.http.headers - http-outgoing-2 >> Content-Type: application/json; charset=UTF-8
08:33:46.059 [pool-1-thread-4] DEBUG org.apache.http.headers - http-outgoing-3 >> Content-Type: application/json; charset=UTF-8
08:33:46.059 [pool-1-thread-2] DEBUG org.apache.http.headers - http-outgoing-0 >> Content-Type: application/json; charset=UTF-8
08:33:46.059 [pool-1-thread-3] DEBUG org.apache.http.headers - http-outgoing-1 >> Content-Type: application/json; charset=UTF-8
08:33:46.059 [pool-1-thread-1] DEBUG org.apache.http.headers - http-outgoing-2 >> Content-Length: 145
08:33:46.059 [pool-1-thread-4] DEBUG org.apache.http.headers - http-outgoing-3 >> Content-Length: 145
08:33:46.059 [pool-1-thread-2] DEBUG org.apache.http.headers - http-outgoing-0 >> Content-Length: 145
08:33:46.059 [pool-1-thread-3] DEBUG org.apache.http.headers - http-outgoing-1 >> Content-Length: 145
08:33:46.059 [pool-1-thread-1] DEBUG org.apache.http.headers - http-outgoing-2 >> Host: petstore.swagger.io
08:33:46.059 [pool-1-thread-4] DEBUG org.apache.http.headers - http-outgoing-3 >> Host: petstore.swagger.io
08:33:46.059 [pool-1-thread-2] DEBUG org.apache.http.headers - http-outgoing-0 >> Host: petstore.swagger.io
08:33:46.059 [pool-1-thread-3] DEBUG org.apache.http.headers - http-outgoing-1 >> Host: petstore.swagger.io
08:33:46.059 [pool-1-thread-1] DEBUG org.apache.http.headers - http-outgoing-2 >> Connection: Keep-Alive
08:33:46.059 [pool-1-thread-4] DEBUG org.apache.http.headers - http-outgoing-3 >> Connection: Keep-Alive
08:33:46.059 [pool-1-thread-2] DEBUG org.apache.http.headers - http-outgoing-0 >> Connection: Keep-Alive
08:33:46.059 [pool-1-thread-3] DEBUG org.apache.http.headers - http-outgoing-1 >> Connection: Keep-Alive
08:33:46.059 [pool-1-thread-4] DEBUG org.apache.http.headers - http-outgoing-3 >> User-Agent: Apache-HttpClient/4.5.13 (Java/11.0.9)
08:33:46.059 [pool-1-thread-1] DEBUG org.apache.http.headers - http-outgoing-2 >> User-Agent: Apache-HttpClient/4.5.13 (Java/11.0.9)
08:33:46.059 [pool-1-thread-2] DEBUG org.apache.http.headers - http-outgoing-0 >> User-Agent: Apache-HttpClient/4.5.13 (Java/11.0.9)
08:33:46.059 [pool-1-thread-3] DEBUG org.apache.http.headers - http-outgoing-1 >> User-Agent: Apache-HttpClient/4.5.13 (Java/11.0.9)
08:33:46.059 [pool-1-thread-4] DEBUG org.apache.http.headers - http-outgoing-3 >> Accept-Encoding: gzip,deflate
08:33:46.059 [pool-1-thread-1] DEBUG org.apache.http.headers - http-outgoing-2 >> Accept-Encoding: gzip,deflate
08:33:46.059 [pool-1-thread-2] DEBUG org.apache.http.headers - http-outgoing-0 >> Accept-Encoding: gzip,deflate
08:33:46.059 [pool-1-thread-3] DEBUG org.apache.http.headers - http-outgoing-1 >> Accept-Encoding: gzip,deflate
08:33:46.059 [pool-1-thread-1] DEBUG org.apache.http.wire - http-outgoing-2 >> "POST /v2/user HTTP/1.1[\r][\n]"
08:33:46.059 [pool-1-thread-4] DEBUG org.apache.http.wire - http-outgoing-3 >> "POST /v2/user HTTP/1.1[\r][\n]"
08:33:46.059 [pool-1-thread-2] DEBUG org.apache.http.wire - http-outgoing-0 >> "POST /v2/user HTTP/1.1[\r][\n]"
08:33:46.059 [pool-1-thread-3] DEBUG org.apache.http.wire - http-outgoing-1 >> "POST /v2/user HTTP/1.1[\r][\n]"
08:33:46.059 [pool-1-thread-1] DEBUG org.apache.http.wire - http-outgoing-2 >> "Content-Type: application/json; charset=UTF-8[\r][\n]"
08:33:46.059 [pool-1-thread-4] DEBUG org.apache.http.wire - http-outgoing-3 >> "Content-Type: application/json; charset=UTF-8[\r][\n]"
08:33:46.059 [pool-1-thread-2] DEBUG org.apache.http.wire - http-outgoing-0 >> "Content-Type: application/json; charset=UTF-8[\r][\n]"
08:33:46.059 [pool-1-thread-3] DEBUG org.apache.http.wire - http-outgoing-1 >> "Content-Type: application/json; charset=UTF-8[\r][\n]"
08:33:46.059 [pool-1-thread-1] DEBUG org.apache.http.wire - http-outgoing-2 >> "Content-Length: 145[\r][\n]"
08:33:46.059 [pool-1-thread-4] DEBUG org.apache.http.wire - http-outgoing-3 >> "Content-Length: 145[\r][\n]"
08:33:46.059 [pool-1-thread-2] DEBUG org.apache.http.wire - http-outgoing-0 >> "Content-Length: 145[\r][\n]"
08:33:46.059 [pool-1-thread-3] DEBUG org.apache.http.wire - http-outgoing-1 >> "Content-Length: 145[\r][\n]"
08:33:46.059 [pool-1-thread-1] DEBUG org.apache.http.wire - http-outgoing-2 >> "Host: petstore.swagger.io[\r][\n]"
08:33:46.059 [pool-1-thread-4] DEBUG org.apache.http.wire - http-outgoing-3 >> "Host: petstore.swagger.io[\r][\n]"
08:33:46.059 [pool-1-thread-2] DEBUG org.apache.http.wire - http-outgoing-0 >> "Host: petstore.swagger.io[\r][\n]"
08:33:46.059 [pool-1-thread-3] DEBUG org.apache.http.wire - http-outgoing-1 >> "Host: petstore.swagger.io[\r][\n]"
08:33:46.059 [pool-1-thread-1] DEBUG org.apache.http.wire - http-outgoing-2 >> "Connection: Keep-Alive[\r][\n]"
08:33:46.059 [pool-1-thread-4] DEBUG org.apache.http.wire - http-outgoing-3 >> "Connection: Keep-Alive[\r][\n]"
08:33:46.059 [pool-1-thread-2] DEBUG org.apache.http.wire - http-outgoing-0 >> "Connection: Keep-Alive[\r][\n]"
08:33:46.059 [pool-1-thread-3] DEBUG org.apache.http.wire - http-outgoing-1 >> "Connection: Keep-Alive[\r][\n]"
08:33:46.059 [pool-1-thread-1] DEBUG org.apache.http.wire - http-outgoing-2 >> "User-Agent: Apache-HttpClient/4.5.13 (Java/11.0.9)[\r][\n]"
08:33:46.059 [pool-1-thread-4] DEBUG org.apache.http.wire - http-outgoing-3 >> "User-Agent: Apache-HttpClient/4.5.13 (Java/11.0.9)[\r][\n]"
08:33:46.059 [pool-1-thread-2] DEBUG org.apache.http.wire - http-outgoing-0 >> "User-Agent: Apache-HttpClient/4.5.13 (Java/11.0.9)[\r][\n]"
08:33:46.059 [pool-1-thread-3] DEBUG org.apache.http.wire - http-outgoing-1 >> "User-Agent: Apache-HttpClient/4.5.13 (Java/11.0.9)[\r][\n]"
08:33:46.059 [pool-1-thread-1] DEBUG org.apache.http.wire - http-outgoing-2 >> "Accept-Encoding: gzip,deflate[\r][\n]"
08:33:46.059 [pool-1-thread-4] DEBUG org.apache.http.wire - http-outgoing-3 >> "Accept-Encoding: gzip,deflate[\r][\n]"
08:33:46.059 [pool-1-thread-2] DEBUG org.apache.http.wire - http-outgoing-0 >> "Accept-Encoding: gzip,deflate[\r][\n]"
08:33:46.059 [pool-1-thread-3] DEBUG org.apache.http.wire - http-outgoing-1 >> "Accept-Encoding: gzip,deflate[\r][\n]"
08:33:46.059 [pool-1-thread-1] DEBUG org.apache.http.wire - http-outgoing-2 >> "[\r][\n]"
08:33:46.059 [pool-1-thread-4] DEBUG org.apache.http.wire - http-outgoing-3 >> "[\r][\n]"
08:33:46.059 [pool-1-thread-2] DEBUG org.apache.http.wire - http-outgoing-0 >> "[\r][\n]"
08:33:46.059 [pool-1-thread-3] DEBUG org.apache.http.wire - http-outgoing-1 >> "[\r][\n]"
08:33:46.059 [pool-1-thread-4] DEBUG org.apache.http.wire - http-outgoing-3 >> "{"id":0,"username":"lgomez","firstName":"Luis","lastName":"Gomez","email":"lg@gmail.com","password":"pass123","phone":"099291555","userStatus":0}"
08:33:46.059 [pool-1-thread-1] DEBUG org.apache.http.wire - http-outgoing-2 >> "{"id":0,"username":"lgomez","firstName":"Luis","lastName":"Gomez","email":"lg@gmail.com","password":"pass123","phone":"099291555","userStatus":0}"
08:33:46.059 [pool-1-thread-2] DEBUG org.apache.http.wire - http-outgoing-0 >> "{"id":0,"username":"lgomez","firstName":"Luis","lastName":"Gomez","email":"lg@gmail.com","password":"pass123","phone":"099291555","userStatus":0}"
08:33:46.059 [pool-1-thread-3] DEBUG org.apache.http.wire - http-outgoing-1 >> "{"id":0,"username":"lgomez","firstName":"Luis","lastName":"Gomez","email":"lg@gmail.com","password":"pass123","phone":"099291555","userStatus":0}"
08:33:46.160 [pool-1-thread-3] DEBUG org.apache.http.wire - http-outgoing-1 << "HTTP/1.1 200 OK[\r][\n]"
08:33:46.160 [pool-1-thread-2] DEBUG org.apache.http.wire - http-outgoing-0 << "HTTP/1.1 200 OK[\r][\n]"
08:33:46.160 [pool-1-thread-2] DEBUG org.apache.http.wire - http-outgoing-0 << "Date: Mon, 07 Aug 2023 13:33:46 GMT[\r][\n]"
08:33:46.160 [pool-1-thread-4] DEBUG org.apache.http.wire - http-outgoing-3 << "HTTP/1.1 200 OK[\r][\n]"
08:33:46.160 [pool-1-thread-1] DEBUG org.apache.http.wire - http-outgoing-2 << "HTTP/1.1 200 OK[\r][\n]"
08:33:46.160 [pool-1-thread-3] DEBUG org.apache.http.wire - http-outgoing-1 << "Date: Mon, 07 Aug 2023 13:33:46 GMT[\r][\n]"
08:33:46.160 [pool-1-thread-2] DEBUG org.apache.http.wire - http-outgoing-0 << "Content-Type: application/json[\r][\n]"
08:33:46.160 [pool-1-thread-4] DEBUG org.apache.http.wire - http-outgoing-3 << "Date: Mon, 07 Aug 2023 13:33:46 GMT[\r][\n]"
08:33:46.160 [pool-1-thread-1] DEBUG org.apache.http.wire - http-outgoing-2 << "Date: Mon, 07 Aug 2023 13:33:46 GMT[\r][\n]"
08:33:46.160 [pool-1-thread-3] DEBUG org.apache.http.wire - http-outgoing-1 << "Content-Type: application/json[\r][\n]"
08:33:46.160 [pool-1-thread-4] DEBUG org.apache.http.wire - http-outgoing-3 << "Content-Type: application/json[\r][\n]"
08:33:46.160 [pool-1-thread-2] DEBUG org.apache.http.wire - http-outgoing-0 << "Transfer-Encoding: chunked[\r][\n]"
08:33:46.160 [pool-1-thread-1] DEBUG org.apache.http.wire - http-outgoing-2 << "Content-Type: application/json[\r][\n]"
08:33:46.160 [pool-1-thread-1] DEBUG org.apache.http.wire - http-outgoing-2 << "Transfer-Encoding: chunked[\r][\n]"
08:33:46.160 [pool-1-thread-1] DEBUG org.apache.http.wire - http-outgoing-2 << "Connection: keep-alive[\r][\n]"
08:33:46.160 [pool-1-thread-3] DEBUG org.apache.http.wire - http-outgoing-1 << "Transfer-Encoding: chunked[\r][\n]"
08:33:46.160 [pool-1-thread-4] DEBUG org.apache.http.wire - http-outgoing-3 << "Transfer-Encoding: chunked[\r][\n]"
08:33:46.160 [pool-1-thread-2] DEBUG org.apache.http.wire - http-outgoing-0 << "Connection: keep-alive[\r][\n]"
08:33:46.160 [pool-1-thread-4] DEBUG org.apache.http.wire - http-outgoing-3 << "Connection: keep-alive[\r][\n]"
08:33:46.160 [pool-1-thread-1] DEBUG org.apache.http.wire - http-outgoing-2 << "Access-Control-Allow-Origin: *[\r][\n]"
08:33:46.160 [pool-1-thread-3] DEBUG org.apache.http.wire - http-outgoing-1 << "Connection: keep-alive[\r][\n]"
08:33:46.160 [pool-1-thread-2] DEBUG org.apache.http.wire - http-outgoing-0 << "Access-Control-Allow-Origin: *[\r][\n]"
08:33:46.160 [pool-1-thread-4] DEBUG org.apache.http.wire - http-outgoing-3 << "Access-Control-Allow-Origin: *[\r][\n]"
08:33:46.160 [pool-1-thread-1] DEBUG org.apache.http.wire - http-outgoing-2 << "Access-Control-Allow-Methods: GET, POST, DELETE, PUT[\r][\n]"
08:33:46.160 [pool-1-thread-3] DEBUG org.apache.http.wire - http-outgoing-1 << "Access-Control-Allow-Origin: *[\r][\n]"
08:33:46.160 [pool-1-thread-4] DEBUG org.apache.http.wire - http-outgoing-3 << "Access-Control-Allow-Methods: GET, POST, DELETE, PUT[\r][\n]"
08:33:46.160 [pool-1-thread-2] DEBUG org.apache.http.wire - http-outgoing-0 << "Access-Control-Allow-Methods: GET, POST, DELETE, PUT[\r][\n]"
08:33:46.160 [pool-1-thread-1] DEBUG org.apache.http.wire - http-outgoing-2 << "Access-Control-Allow-Headers: Content-Type, api_key, Authorization[\r][\n]"
08:33:46.160 [pool-1-thread-3] DEBUG org.apache.http.wire - http-outgoing-1 << "Access-Control-Allow-Methods: GET, POST, DELETE, PUT[\r][\n]"
08:33:46.160 [pool-1-thread-4] DEBUG org.apache.http.wire - http-outgoing-3 << "Access-Control-Allow-Headers: Content-Type, api_key, Authorization[\r][\n]"
08:33:46.160 [pool-1-thread-2] DEBUG org.apache.http.wire - http-outgoing-0 << "Access-Control-Allow-Headers: Content-Type, api_key, Authorization[\r][\n]"
08:33:46.160 [pool-1-thread-1] DEBUG org.apache.http.wire - http-outgoing-2 << "Server: Jetty(9.2.9.v20150224)[\r][\n]"
08:33:46.160 [pool-1-thread-2] DEBUG org.apache.http.wire - http-outgoing-0 << "Server: Jetty(9.2.9.v20150224)[\r][\n]"
08:33:46.160 [pool-1-thread-3] DEBUG org.apache.http.wire - http-outgoing-1 << "Access-Control-Allow-Headers: Content-Type, api_key, Authorization[\r][\n]"
08:33:46.160 [pool-1-thread-4] DEBUG org.apache.http.wire - http-outgoing-3 << "Server: Jetty(9.2.9.v20150224)[\r][\n]"
08:33:46.160 [pool-1-thread-1] DEBUG org.apache.http.wire - http-outgoing-2 << "[\r][\n]"
08:33:46.160 [pool-1-thread-2] DEBUG org.apache.http.wire - http-outgoing-0 << "[\r][\n]"
08:33:46.160 [pool-1-thread-3] DEBUG org.apache.http.wire - http-outgoing-1 << "Server: Jetty(9.2.9.v20150224)[\r][\n]"
08:33:46.160 [pool-1-thread-2] DEBUG org.apache.http.wire - http-outgoing-0 << "3d[\r][\n]"
08:33:46.160 [pool-1-thread-4] DEBUG org.apache.http.wire - http-outgoing-3 << "[\r][\n]"
08:33:46.160 [pool-1-thread-1] DEBUG org.apache.http.wire - http-outgoing-2 << "3d[\r][\n]"
08:33:46.160 [pool-1-thread-3] DEBUG org.apache.http.wire - http-outgoing-1 << "[\r][\n]"
08:33:46.160 [pool-1-thread-2] DEBUG org.apache.http.wire - http-outgoing-0 << "{"code":200,"type":"unknown","message":"9223372036854767859"}[\r][\n]"
08:33:46.160 [pool-1-thread-4] DEBUG org.apache.http.wire - http-outgoing-3 << "3d[\r][\n]"
08:33:46.160 [pool-1-thread-1] DEBUG org.apache.http.wire - http-outgoing-2 << "{"code":200,"type":"unknown","message":"9223372036854767858"}[\r][\n]"
08:33:46.160 [pool-1-thread-4] DEBUG org.apache.http.wire - http-outgoing-3 << "{"code":200,"type":"unknown","message":"9223372036854767860"}[\r][\n]"
08:33:46.160 [pool-1-thread-3] DEBUG org.apache.http.wire - http-outgoing-1 << "3d[\r][\n]"
08:33:46.160 [pool-1-thread-3] DEBUG org.apache.http.wire - http-outgoing-1 << "{"code":200,"type":"unknown","message":"9223372036854767861"}[\r][\n]"
08:33:46.160 [pool-1-thread-4] DEBUG org.apache.http.headers - http-outgoing-3 << HTTP/1.1 200 OK
08:33:46.160 [pool-1-thread-3] DEBUG org.apache.http.headers - http-outgoing-1 << HTTP/1.1 200 OK
08:33:46.160 [pool-1-thread-1] DEBUG org.apache.http.headers - http-outgoing-2 << HTTP/1.1 200 OK
08:33:46.160 [pool-1-thread-1] DEBUG org.apache.http.headers - http-outgoing-2 << Date: Mon, 07 Aug 2023 13:33:46 GMT
08:33:46.160 [pool-1-thread-2] DEBUG org.apache.http.headers - http-outgoing-0 << HTTP/1.1 200 OK
08:33:46.160 [pool-1-thread-4] DEBUG org.apache.http.headers - http-outgoing-3 << Date: Mon, 07 Aug 2023 13:33:46 GMT
08:33:46.160 [pool-1-thread-3] DEBUG org.apache.http.headers - http-outgoing-1 << Date: Mon, 07 Aug 2023 13:33:46 GMT
08:33:46.160 [pool-1-thread-3] DEBUG org.apache.http.headers - http-outgoing-1 << Content-Type: application/json
08:33:46.160 [pool-1-thread-1] DEBUG org.apache.http.headers - http-outgoing-2 << Content-Type: application/json
08:33:46.160 [pool-1-thread-2] DEBUG org.apache.http.headers - http-outgoing-0 << Date: Mon, 07 Aug 2023 13:33:46 GMT
08:33:46.160 [pool-1-thread-4] DEBUG org.apache.http.headers - http-outgoing-3 << Content-Type: application/json
08:33:46.160 [pool-1-thread-4] DEBUG org.apache.http.headers - http-outgoing-3 << Transfer-Encoding: chunked
08:33:46.160 [pool-1-thread-3] DEBUG org.apache.http.headers - http-outgoing-1 << Transfer-Encoding: chunked
08:33:46.160 [pool-1-thread-3] DEBUG org.apache.http.headers - http-outgoing-1 << Connection: keep-alive
08:33:46.160 [pool-1-thread-1] DEBUG org.apache.http.headers - http-outgoing-2 << Transfer-Encoding: chunked
08:33:46.160 [pool-1-thread-2] DEBUG org.apache.http.headers - http-outgoing-0 << Content-Type: application/json
08:33:46.160 [pool-1-thread-4] DEBUG org.apache.http.headers - http-outgoing-3 << Connection: keep-alive
08:33:46.160 [pool-1-thread-3] DEBUG org.apache.http.headers - http-outgoing-1 << Access-Control-Allow-Origin: *
08:33:46.160 [pool-1-thread-1] DEBUG org.apache.http.headers - http-outgoing-2 << Connection: keep-alive
08:33:46.160 [pool-1-thread-2] DEBUG org.apache.http.headers - http-outgoing-0 << Transfer-Encoding: chunked
08:33:46.160 [pool-1-thread-2] DEBUG org.apache.http.headers - http-outgoing-0 << Connection: keep-alive
08:33:46.160 [pool-1-thread-4] DEBUG org.apache.http.headers - http-outgoing-3 << Access-Control-Allow-Origin: *
08:33:46.160 [pool-1-thread-3] DEBUG org.apache.http.headers - http-outgoing-1 << Access-Control-Allow-Methods: GET, POST, DELETE, PUT
08:33:46.160 [pool-1-thread-1] DEBUG org.apache.http.headers - http-outgoing-2 << Access-Control-Allow-Origin: *
08:33:46.160 [pool-1-thread-1] DEBUG org.apache.http.headers - http-outgoing-2 << Access-Control-Allow-Methods: GET, POST, DELETE, PUT
08:33:46.160 [pool-1-thread-1] DEBUG org.apache.http.headers - http-outgoing-2 << Access-Control-Allow-Headers: Content-Type, api_key, Authorization
08:33:46.160 [pool-1-thread-2] DEBUG org.apache.http.headers - http-outgoing-0 << Access-Control-Allow-Origin: *
08:33:46.160 [pool-1-thread-4] DEBUG org.apache.http.headers - http-outgoing-3 << Access-Control-Allow-Methods: GET, POST, DELETE, PUT
08:33:46.160 [pool-1-thread-3] DEBUG org.apache.http.headers - http-outgoing-1 << Access-Control-Allow-Headers: Content-Type, api_key, Authorization
08:33:46.160 [pool-1-thread-1] DEBUG org.apache.http.headers - http-outgoing-2 << Server: Jetty(9.2.9.v20150224)
08:33:46.160 [pool-1-thread-2] DEBUG org.apache.http.headers - http-outgoing-0 << Access-Control-Allow-Methods: GET, POST, DELETE, PUT
08:33:46.160 [pool-1-thread-4] DEBUG org.apache.http.headers - http-outgoing-3 << Access-Control-Allow-Headers: Content-Type, api_key, Authorization
08:33:46.160 [pool-1-thread-3] DEBUG org.apache.http.headers - http-outgoing-1 << Server: Jetty(9.2.9.v20150224)
08:33:46.160 [pool-1-thread-2] DEBUG org.apache.http.headers - http-outgoing-0 << Access-Control-Allow-Headers: Content-Type, api_key, Authorization
08:33:46.160 [pool-1-thread-4] DEBUG org.apache.http.headers - http-outgoing-3 << Server: Jetty(9.2.9.v20150224)
08:33:46.160 [pool-1-thread-2] DEBUG org.apache.http.headers - http-outgoing-0 << Server: Jetty(9.2.9.v20150224)
08:33:46.160 [pool-1-thread-3] DEBUG org.apache.http.impl.execchain.MainClientExec - Connection can be kept alive indefinitely
08:33:46.160 [pool-1-thread-2] DEBUG org.apache.http.impl.execchain.MainClientExec - Connection can be kept alive indefinitely
08:33:46.160 [pool-1-thread-4] DEBUG org.apache.http.impl.execchain.MainClientExec - Connection can be kept alive indefinitely
08:33:46.160 [pool-1-thread-1] DEBUG org.apache.http.impl.execchain.MainClientExec - Connection can be kept alive indefinitely
08:33:46.175 [pool-1-thread-4] DEBUG org.apache.http.wire - http-outgoing-3 << "0[\r][\n]"
08:33:46.175 [pool-1-thread-2] DEBUG org.apache.http.wire - http-outgoing-0 << "0[\r][\n]"
08:33:46.175 [pool-1-thread-4] DEBUG org.apache.http.wire - http-outgoing-3 << "[\r][\n]"
08:33:46.175 [pool-1-thread-3] DEBUG org.apache.http.wire - http-outgoing-1 << "0[\r][\n]"
08:33:46.175 [pool-1-thread-3] DEBUG org.apache.http.wire - http-outgoing-1 << "[\r][\n]"
08:33:46.175 [pool-1-thread-1] DEBUG org.apache.http.wire - http-outgoing-2 << "0[\r][\n]"
08:33:46.175 [pool-1-thread-2] DEBUG org.apache.http.wire - http-outgoing-0 << "[\r][\n]"
08:33:46.175 [pool-1-thread-3] DEBUG org.apache.http.impl.conn.PoolingHttpClientConnectionManager - Connection [id: 3][route: {s}->https://petstore.swagger.io:443] can be kept alive indefinitely
08:33:46.175 [pool-1-thread-2] DEBUG org.apache.http.impl.conn.PoolingHttpClientConnectionManager - Connection [id: 0][route: {s}->https://petstore.swagger.io:443] can be kept alive indefinitely
08:33:46.175 [pool-1-thread-4] DEBUG org.apache.http.impl.conn.PoolingHttpClientConnectionManager - Connection [id: 2][route: {s}->https://petstore.swagger.io:443] can be kept alive indefinitely
08:33:46.175 [pool-1-thread-1] DEBUG org.apache.http.wire - http-outgoing-2 << "[\r][\n]"
08:33:46.175 [pool-1-thread-3] DEBUG org.apache.http.impl.conn.DefaultManagedHttpClientConnection - http-outgoing-1: set socket timeout to 0
08:33:46.175 [pool-1-thread-2] DEBUG org.apache.http.impl.conn.DefaultManagedHttpClientConnection - http-outgoing-0: set socket timeout to 0
08:33:46.175 [pool-1-thread-4] DEBUG org.apache.http.impl.conn.DefaultManagedHttpClientConnection - http-outgoing-3: set socket timeout to 0
08:33:46.175 [pool-1-thread-2] DEBUG org.apache.http.impl.conn.PoolingHttpClientConnectionManager - Connection released: [id: 0][route: {s}->https://petstore.swagger.io:443][total available: 1; route allocated: 1 of 5; total allocated: 1 of 10]
08:33:46.175 [pool-1-thread-4] DEBUG org.apache.http.impl.conn.PoolingHttpClientConnectionManager - Connection released: [id: 2][route: {s}->https://petstore.swagger.io:443][total available: 1; route allocated: 1 of 5; total allocated: 1 of 10]
08:33:46.175 [pool-1-thread-3] DEBUG org.apache.http.impl.conn.PoolingHttpClientConnectionManager - Connection released: [id: 3][route: {s}->https://petstore.swagger.io:443][total available: 1; route allocated: 1 of 5; total allocated: 1 of 10]
08:33:46.175 [pool-1-thread-1] DEBUG org.apache.http.impl.conn.PoolingHttpClientConnectionManager - Connection [id: 1][route: {s}->https://petstore.swagger.io:443] can be kept alive indefinitely
08:33:46.175 [pool-1-thread-1] DEBUG org.apache.http.impl.conn.DefaultManagedHttpClientConnection - http-outgoing-2: set socket timeout to 0
08:33:46.175 [pool-1-thread-1] DEBUG org.apache.http.impl.conn.PoolingHttpClientConnectionManager - Connection released: [id: 1][route: {s}->https://petstore.swagger.io:443][total available: 1; route allocated: 1 of 5; total allocated: 1 of 10]
08:33:46.175 [pool-1-thread-2] DEBUG com.intuit.karate - response time in milliseconds: 752
1 < 200
1 < Date: Mon, 07 Aug 2023 13:33:46 GMT
1 < Content-Type: application/json
1 < Transfer-Encoding: chunked
1 < Connection: keep-alive
1 < Access-Control-Allow-Origin: *
1 < Access-Control-Allow-Methods: GET, POST, DELETE, PUT
1 < Access-Control-Allow-Headers: Content-Type, api_key, Authorization
1 < Server: Jetty(9.2.9.v20150224)
{"code":200,"type":"unknown","message":"9223372036854767859"}

08:33:46.175 [pool-1-thread-3] DEBUG com.intuit.karate - response time in milliseconds: 752
1 < 200
1 < Date: Mon, 07 Aug 2023 13:33:46 GMT
1 < Content-Type: application/json
1 < Transfer-Encoding: chunked
1 < Connection: keep-alive
1 < Access-Control-Allow-Origin: *
1 < Access-Control-Allow-Methods: GET, POST, DELETE, PUT
1 < Access-Control-Allow-Headers: Content-Type, api_key, Authorization
1 < Server: Jetty(9.2.9.v20150224)
{"code":200,"type":"unknown","message":"9223372036854767861"}

08:33:46.175 [pool-1-thread-1] DEBUG com.intuit.karate - response time in milliseconds: 752
1 < 200
1 < Date: Mon, 07 Aug 2023 13:33:46 GMT
1 < Content-Type: application/json
1 < Transfer-Encoding: chunked
1 < Connection: keep-alive
1 < Access-Control-Allow-Origin: *
1 < Access-Control-Allow-Methods: GET, POST, DELETE, PUT
1 < Access-Control-Allow-Headers: Content-Type, api_key, Authorization
1 < Server: Jetty(9.2.9.v20150224)
{"code":200,"type":"unknown","message":"9223372036854767858"}

08:33:46.175 [pool-1-thread-4] DEBUG com.intuit.karate - response time in milliseconds: 752
1 < 200
1 < Date: Mon, 07 Aug 2023 13:33:46 GMT
1 < Content-Type: application/json
1 < Transfer-Encoding: chunked
1 < Connection: keep-alive
1 < Access-Control-Allow-Origin: *
1 < Access-Control-Allow-Methods: GET, POST, DELETE, PUT
1 < Access-Control-Allow-Headers: Content-Type, api_key, Authorization
1 < Server: Jetty(9.2.9.v20150224)
{"code":200,"type":"unknown","message":"9223372036854767860"}

08:33:46.191 [pool-1-thread-2] DEBUG org.apache.http.client.protocol.RequestAddCookies - CookieSpec selected: karate
08:33:46.191 [pool-1-thread-1] DEBUG org.apache.http.client.protocol.RequestAddCookies - CookieSpec selected: karate
08:33:46.191 [pool-1-thread-3] DEBUG org.apache.http.client.protocol.RequestAddCookies - CookieSpec selected: karate
08:33:46.191 [pool-1-thread-4] DEBUG org.apache.http.client.protocol.RequestAddCookies - CookieSpec selected: karate
08:33:46.191 [pool-1-thread-2] DEBUG org.apache.http.client.protocol.RequestAuthCache - Auth cache not set in the context
08:33:46.191 [pool-1-thread-3] DEBUG org.apache.http.client.protocol.RequestAuthCache - Auth cache not set in the context
08:33:46.191 [pool-1-thread-4] DEBUG org.apache.http.client.protocol.RequestAuthCache - Auth cache not set in the context
08:33:46.191 [pool-1-thread-2] DEBUG com.intuit.karate - request:
1 > GET https://petstore.swagger.io/v2/user/lgomez
1 > Host: petstore.swagger.io
1 > Connection: Keep-Alive
1 > User-Agent: Apache-HttpClient/4.5.13 (Java/11.0.9)
1 > Accept-Encoding: gzip,deflate


08:33:46.191 [pool-1-thread-4] DEBUG com.intuit.karate - request:
1 > GET https://petstore.swagger.io/v2/user/lgomez
1 > Host: petstore.swagger.io
1 > Connection: Keep-Alive
1 > User-Agent: Apache-HttpClient/4.5.13 (Java/11.0.9)
1 > Accept-Encoding: gzip,deflate


08:33:46.191 [pool-1-thread-3] DEBUG com.intuit.karate - request:
1 > GET https://petstore.swagger.io/v2/user/lgomez
1 > Host: petstore.swagger.io
1 > Connection: Keep-Alive
1 > User-Agent: Apache-HttpClient/4.5.13 (Java/11.0.9)
1 > Accept-Encoding: gzip,deflate


08:33:46.191 [pool-1-thread-1] DEBUG org.apache.http.client.protocol.RequestAuthCache - Auth cache not set in the context
08:33:46.191 [pool-1-thread-4] DEBUG org.apache.http.impl.conn.PoolingHttpClientConnectionManager - Connection request: [route: {s}->https://petstore.swagger.io:443][total available: 0; route allocated: 0 of 5; total allocated: 0 of 10]
08:33:46.191 [pool-1-thread-2] DEBUG org.apache.http.impl.conn.PoolingHttpClientConnectionManager - Connection request: [route: {s}->https://petstore.swagger.io:443][total available: 0; route allocated: 0 of 5; total allocated: 0 of 10]
08:33:46.191 [pool-1-thread-1] DEBUG com.intuit.karate - request:
1 > GET https://petstore.swagger.io/v2/user/lgomez
1 > Host: petstore.swagger.io
1 > Connection: Keep-Alive
1 > User-Agent: Apache-HttpClient/4.5.13 (Java/11.0.9)
1 > Accept-Encoding: gzip,deflate


08:33:46.191 [pool-1-thread-3] DEBUG org.apache.http.impl.conn.PoolingHttpClientConnectionManager - Connection request: [route: {s}->https://petstore.swagger.io:443][total available: 0; route allocated: 0 of 5; total allocated: 0 of 10]
08:33:46.191 [pool-1-thread-4] DEBUG org.apache.http.impl.conn.PoolingHttpClientConnectionManager - Connection leased: [id: 4][route: {s}->https://petstore.swagger.io:443][total available: 0; route allocated: 1 of 5; total allocated: 1 of 10]
08:33:46.191 [pool-1-thread-1] DEBUG org.apache.http.impl.conn.PoolingHttpClientConnectionManager - Connection request: [route: {s}->https://petstore.swagger.io:443][total available: 0; route allocated: 0 of 5; total allocated: 0 of 10]
08:33:46.191 [pool-1-thread-2] DEBUG org.apache.http.impl.conn.PoolingHttpClientConnectionManager - Connection leased: [id: 5][route: {s}->https://petstore.swagger.io:443][total available: 0; route allocated: 1 of 5; total allocated: 1 of 10]
08:33:46.191 [pool-1-thread-3] DEBUG org.apache.http.impl.conn.PoolingHttpClientConnectionManager - Connection leased: [id: 6][route: {s}->https://petstore.swagger.io:443][total available: 0; route allocated: 1 of 5; total allocated: 1 of 10]
08:33:46.191 [pool-1-thread-1] DEBUG org.apache.http.impl.conn.PoolingHttpClientConnectionManager - Connection leased: [id: 7][route: {s}->https://petstore.swagger.io:443][total available: 0; route allocated: 1 of 5; total allocated: 1 of 10]
08:33:46.191 [pool-1-thread-4] DEBUG org.apache.http.impl.execchain.MainClientExec - Opening connection {s}->https://petstore.swagger.io:443
08:33:46.191 [pool-1-thread-2] DEBUG org.apache.http.impl.execchain.MainClientExec - Opening connection {s}->https://petstore.swagger.io:443
08:33:46.191 [pool-1-thread-3] DEBUG org.apache.http.impl.execchain.MainClientExec - Opening connection {s}->https://petstore.swagger.io:443
08:33:46.191 [pool-1-thread-1] DEBUG org.apache.http.impl.execchain.MainClientExec - Opening connection {s}->https://petstore.swagger.io:443
08:33:46.191 [pool-1-thread-1] DEBUG org.apache.http.impl.conn.DefaultHttpClientConnectionOperator - Connecting to petstore.swagger.io/54.147.109.72:443
08:33:46.191 [pool-1-thread-4] DEBUG org.apache.http.impl.conn.DefaultHttpClientConnectionOperator - Connecting to petstore.swagger.io/54.147.109.72:443
08:33:46.191 [pool-1-thread-1] DEBUG org.apache.http.conn.ssl.SSLConnectionSocketFactory - Connecting socket to petstore.swagger.io/54.147.109.72:443 with timeout 30000
08:33:46.191 [pool-1-thread-4] DEBUG org.apache.http.conn.ssl.SSLConnectionSocketFactory - Connecting socket to petstore.swagger.io/54.147.109.72:443 with timeout 30000
08:33:46.191 [pool-1-thread-2] DEBUG org.apache.http.impl.conn.DefaultHttpClientConnectionOperator - Connecting to petstore.swagger.io/54.147.109.72:443
08:33:46.191 [pool-1-thread-3] DEBUG org.apache.http.impl.conn.DefaultHttpClientConnectionOperator - Connecting to petstore.swagger.io/54.147.109.72:443
08:33:46.191 [pool-1-thread-2] DEBUG org.apache.http.conn.ssl.SSLConnectionSocketFactory - Connecting socket to petstore.swagger.io/54.147.109.72:443 with timeout 30000
08:33:46.191 [pool-1-thread-3] DEBUG org.apache.http.conn.ssl.SSLConnectionSocketFactory - Connecting socket to petstore.swagger.io/54.147.109.72:443 with timeout 30000
08:33:46.307 [pool-1-thread-4] DEBUG org.apache.http.conn.ssl.SSLConnectionSocketFactory - Enabled protocols: [TLSv1.3, TLSv1.2, TLSv1.1, TLSv1]
08:33:46.307 [pool-1-thread-4] DEBUG org.apache.http.conn.ssl.SSLConnectionSocketFactory - Enabled cipher suites:[TLS_AES_128_GCM_SHA256, TLS_AES_256_GCM_SHA384, TLS_ECDHE_ECDSA_WITH_AES_256_GCM_SHA384, TLS_ECDHE_ECDSA_WITH_AES_128_GCM_SHA256, TLS_ECDHE_RSA_WITH_AES_256_GCM_SHA384, TLS_RSA_WITH_AES_256_GCM_SHA384, TLS_ECDH_ECDSA_WITH_AES_256_GCM_SHA384, TLS_ECDH_RSA_WITH_AES_256_GCM_SHA384, TLS_DHE_RSA_WITH_AES_256_GCM_SHA384, TLS_DHE_DSS_WITH_AES_256_GCM_SHA384, TLS_ECDHE_RSA_WITH_AES_128_GCM_SHA256, TLS_RSA_WITH_AES_128_GCM_SHA256, TLS_ECDH_ECDSA_WITH_AES_128_GCM_SHA256, TLS_ECDH_RSA_WITH_AES_128_GCM_SHA256, TLS_DHE_RSA_WITH_AES_128_GCM_SHA256, TLS_DHE_DSS_WITH_AES_128_GCM_SHA256, TLS_ECDHE_ECDSA_WITH_AES_256_CBC_SHA384, TLS_ECDHE_RSA_WITH_AES_256_CBC_SHA384, TLS_RSA_WITH_AES_256_CBC_SHA256, TLS_ECDH_ECDSA_WITH_AES_256_CBC_SHA384, TLS_ECDH_RSA_WITH_AES_256_CBC_SHA384, TLS_DHE_RSA_WITH_AES_256_CBC_SHA256, TLS_DHE_DSS_WITH_AES_256_CBC_SHA256, TLS_ECDHE_ECDSA_WITH_AES_256_CBC_SHA, TLS_ECDHE_RSA_WITH_AES_256_CBC_SHA, TLS_RSA_WITH_AES_256_CBC_SHA, TLS_ECDH_ECDSA_WITH_AES_256_CBC_SHA, TLS_ECDH_RSA_WITH_AES_256_CBC_SHA, TLS_DHE_RSA_WITH_AES_256_CBC_SHA, TLS_DHE_DSS_WITH_AES_256_CBC_SHA, TLS_ECDHE_ECDSA_WITH_AES_128_CBC_SHA256, TLS_ECDHE_RSA_WITH_AES_128_CBC_SHA256, TLS_RSA_WITH_AES_128_CBC_SHA256, TLS_ECDH_ECDSA_WITH_AES_128_CBC_SHA256, TLS_ECDH_RSA_WITH_AES_128_CBC_SHA256, TLS_DHE_RSA_WITH_AES_128_CBC_SHA256, TLS_DHE_DSS_WITH_AES_128_CBC_SHA256, TLS_ECDHE_ECDSA_WITH_AES_128_CBC_SHA, TLS_ECDHE_RSA_WITH_AES_128_CBC_SHA, TLS_RSA_WITH_AES_128_CBC_SHA, TLS_ECDH_ECDSA_WITH_AES_128_CBC_SHA, TLS_ECDH_RSA_WITH_AES_128_CBC_SHA, TLS_DHE_RSA_WITH_AES_128_CBC_SHA, TLS_DHE_DSS_WITH_AES_128_CBC_SHA, TLS_EMPTY_RENEGOTIATION_INFO_SCSV]
08:33:46.307 [pool-1-thread-4] DEBUG org.apache.http.conn.ssl.SSLConnectionSocketFactory - Starting handshake
08:33:46.307 [pool-1-thread-1] DEBUG org.apache.http.conn.ssl.SSLConnectionSocketFactory - Enabled protocols: [TLSv1.3, TLSv1.2, TLSv1.1, TLSv1]
08:33:46.307 [pool-1-thread-1] DEBUG org.apache.http.conn.ssl.SSLConnectionSocketFactory - Enabled cipher suites:[TLS_AES_128_GCM_SHA256, TLS_AES_256_GCM_SHA384, TLS_ECDHE_ECDSA_WITH_AES_256_GCM_SHA384, TLS_ECDHE_ECDSA_WITH_AES_128_GCM_SHA256, TLS_ECDHE_RSA_WITH_AES_256_GCM_SHA384, TLS_RSA_WITH_AES_256_GCM_SHA384, TLS_ECDH_ECDSA_WITH_AES_256_GCM_SHA384, TLS_ECDH_RSA_WITH_AES_256_GCM_SHA384, TLS_DHE_RSA_WITH_AES_256_GCM_SHA384, TLS_DHE_DSS_WITH_AES_256_GCM_SHA384, TLS_ECDHE_RSA_WITH_AES_128_GCM_SHA256, TLS_RSA_WITH_AES_128_GCM_SHA256, TLS_ECDH_ECDSA_WITH_AES_128_GCM_SHA256, TLS_ECDH_RSA_WITH_AES_128_GCM_SHA256, TLS_DHE_RSA_WITH_AES_128_GCM_SHA256, TLS_DHE_DSS_WITH_AES_128_GCM_SHA256, TLS_ECDHE_ECDSA_WITH_AES_256_CBC_SHA384, TLS_ECDHE_RSA_WITH_AES_256_CBC_SHA384, TLS_RSA_WITH_AES_256_CBC_SHA256, TLS_ECDH_ECDSA_WITH_AES_256_CBC_SHA384, TLS_ECDH_RSA_WITH_AES_256_CBC_SHA384, TLS_DHE_RSA_WITH_AES_256_CBC_SHA256, TLS_DHE_DSS_WITH_AES_256_CBC_SHA256, TLS_ECDHE_ECDSA_WITH_AES_256_CBC_SHA, TLS_ECDHE_RSA_WITH_AES_256_CBC_SHA, TLS_RSA_WITH_AES_256_CBC_SHA, TLS_ECDH_ECDSA_WITH_AES_256_CBC_SHA, TLS_ECDH_RSA_WITH_AES_256_CBC_SHA, TLS_DHE_RSA_WITH_AES_256_CBC_SHA, TLS_DHE_DSS_WITH_AES_256_CBC_SHA, TLS_ECDHE_ECDSA_WITH_AES_128_CBC_SHA256, TLS_ECDHE_RSA_WITH_AES_128_CBC_SHA256, TLS_RSA_WITH_AES_128_CBC_SHA256, TLS_ECDH_ECDSA_WITH_AES_128_CBC_SHA256, TLS_ECDH_RSA_WITH_AES_128_CBC_SHA256, TLS_DHE_RSA_WITH_AES_128_CBC_SHA256, TLS_DHE_DSS_WITH_AES_128_CBC_SHA256, TLS_ECDHE_ECDSA_WITH_AES_128_CBC_SHA, TLS_ECDHE_RSA_WITH_AES_128_CBC_SHA, TLS_RSA_WITH_AES_128_CBC_SHA, TLS_ECDH_ECDSA_WITH_AES_128_CBC_SHA, TLS_ECDH_RSA_WITH_AES_128_CBC_SHA, TLS_DHE_RSA_WITH_AES_128_CBC_SHA, TLS_DHE_DSS_WITH_AES_128_CBC_SHA, TLS_EMPTY_RENEGOTIATION_INFO_SCSV]
08:33:46.307 [pool-1-thread-1] DEBUG org.apache.http.conn.ssl.SSLConnectionSocketFactory - Starting handshake
08:33:46.307 [pool-1-thread-3] DEBUG org.apache.http.conn.ssl.SSLConnectionSocketFactory - Enabled protocols: [TLSv1.3, TLSv1.2, TLSv1.1, TLSv1]
08:33:46.307 [pool-1-thread-3] DEBUG org.apache.http.conn.ssl.SSLConnectionSocketFactory - Enabled cipher suites:[TLS_AES_128_GCM_SHA256, TLS_AES_256_GCM_SHA384, TLS_ECDHE_ECDSA_WITH_AES_256_GCM_SHA384, TLS_ECDHE_ECDSA_WITH_AES_128_GCM_SHA256, TLS_ECDHE_RSA_WITH_AES_256_GCM_SHA384, TLS_RSA_WITH_AES_256_GCM_SHA384, TLS_ECDH_ECDSA_WITH_AES_256_GCM_SHA384, TLS_ECDH_RSA_WITH_AES_256_GCM_SHA384, TLS_DHE_RSA_WITH_AES_256_GCM_SHA384, TLS_DHE_DSS_WITH_AES_256_GCM_SHA384, TLS_ECDHE_RSA_WITH_AES_128_GCM_SHA256, TLS_RSA_WITH_AES_128_GCM_SHA256, TLS_ECDH_ECDSA_WITH_AES_128_GCM_SHA256, TLS_ECDH_RSA_WITH_AES_128_GCM_SHA256, TLS_DHE_RSA_WITH_AES_128_GCM_SHA256, TLS_DHE_DSS_WITH_AES_128_GCM_SHA256, TLS_ECDHE_ECDSA_WITH_AES_256_CBC_SHA384, TLS_ECDHE_RSA_WITH_AES_256_CBC_SHA384, TLS_RSA_WITH_AES_256_CBC_SHA256, TLS_ECDH_ECDSA_WITH_AES_256_CBC_SHA384, TLS_ECDH_RSA_WITH_AES_256_CBC_SHA384, TLS_DHE_RSA_WITH_AES_256_CBC_SHA256, TLS_DHE_DSS_WITH_AES_256_CBC_SHA256, TLS_ECDHE_ECDSA_WITH_AES_256_CBC_SHA, TLS_ECDHE_RSA_WITH_AES_256_CBC_SHA, TLS_RSA_WITH_AES_256_CBC_SHA, TLS_ECDH_ECDSA_WITH_AES_256_CBC_SHA, TLS_ECDH_RSA_WITH_AES_256_CBC_SHA, TLS_DHE_RSA_WITH_AES_256_CBC_SHA, TLS_DHE_DSS_WITH_AES_256_CBC_SHA, TLS_ECDHE_ECDSA_WITH_AES_128_CBC_SHA256, TLS_ECDHE_RSA_WITH_AES_128_CBC_SHA256, TLS_RSA_WITH_AES_128_CBC_SHA256, TLS_ECDH_ECDSA_WITH_AES_128_CBC_SHA256, TLS_ECDH_RSA_WITH_AES_128_CBC_SHA256, TLS_DHE_RSA_WITH_AES_128_CBC_SHA256, TLS_DHE_DSS_WITH_AES_128_CBC_SHA256, TLS_ECDHE_ECDSA_WITH_AES_128_CBC_SHA, TLS_ECDHE_RSA_WITH_AES_128_CBC_SHA, TLS_RSA_WITH_AES_128_CBC_SHA, TLS_ECDH_ECDSA_WITH_AES_128_CBC_SHA, TLS_ECDH_RSA_WITH_AES_128_CBC_SHA, TLS_DHE_RSA_WITH_AES_128_CBC_SHA, TLS_DHE_DSS_WITH_AES_128_CBC_SHA, TLS_EMPTY_RENEGOTIATION_INFO_SCSV]
08:33:46.307 [pool-1-thread-3] DEBUG org.apache.http.conn.ssl.SSLConnectionSocketFactory - Starting handshake
08:33:46.307 [pool-1-thread-2] DEBUG org.apache.http.conn.ssl.SSLConnectionSocketFactory - Enabled protocols: [TLSv1.3, TLSv1.2, TLSv1.1, TLSv1]
08:33:46.307 [pool-1-thread-2] DEBUG org.apache.http.conn.ssl.SSLConnectionSocketFactory - Enabled cipher suites:[TLS_AES_128_GCM_SHA256, TLS_AES_256_GCM_SHA384, TLS_ECDHE_ECDSA_WITH_AES_256_GCM_SHA384, TLS_ECDHE_ECDSA_WITH_AES_128_GCM_SHA256, TLS_ECDHE_RSA_WITH_AES_256_GCM_SHA384, TLS_RSA_WITH_AES_256_GCM_SHA384, TLS_ECDH_ECDSA_WITH_AES_256_GCM_SHA384, TLS_ECDH_RSA_WITH_AES_256_GCM_SHA384, TLS_DHE_RSA_WITH_AES_256_GCM_SHA384, TLS_DHE_DSS_WITH_AES_256_GCM_SHA384, TLS_ECDHE_RSA_WITH_AES_128_GCM_SHA256, TLS_RSA_WITH_AES_128_GCM_SHA256, TLS_ECDH_ECDSA_WITH_AES_128_GCM_SHA256, TLS_ECDH_RSA_WITH_AES_128_GCM_SHA256, TLS_DHE_RSA_WITH_AES_128_GCM_SHA256, TLS_DHE_DSS_WITH_AES_128_GCM_SHA256, TLS_ECDHE_ECDSA_WITH_AES_256_CBC_SHA384, TLS_ECDHE_RSA_WITH_AES_256_CBC_SHA384, TLS_RSA_WITH_AES_256_CBC_SHA256, TLS_ECDH_ECDSA_WITH_AES_256_CBC_SHA384, TLS_ECDH_RSA_WITH_AES_256_CBC_SHA384, TLS_DHE_RSA_WITH_AES_256_CBC_SHA256, TLS_DHE_DSS_WITH_AES_256_CBC_SHA256, TLS_ECDHE_ECDSA_WITH_AES_256_CBC_SHA, TLS_ECDHE_RSA_WITH_AES_256_CBC_SHA, TLS_RSA_WITH_AES_256_CBC_SHA, TLS_ECDH_ECDSA_WITH_AES_256_CBC_SHA, TLS_ECDH_RSA_WITH_AES_256_CBC_SHA, TLS_DHE_RSA_WITH_AES_256_CBC_SHA, TLS_DHE_DSS_WITH_AES_256_CBC_SHA, TLS_ECDHE_ECDSA_WITH_AES_128_CBC_SHA256, TLS_ECDHE_RSA_WITH_AES_128_CBC_SHA256, TLS_RSA_WITH_AES_128_CBC_SHA256, TLS_ECDH_ECDSA_WITH_AES_128_CBC_SHA256, TLS_ECDH_RSA_WITH_AES_128_CBC_SHA256, TLS_DHE_RSA_WITH_AES_128_CBC_SHA256, TLS_DHE_DSS_WITH_AES_128_CBC_SHA256, TLS_ECDHE_ECDSA_WITH_AES_128_CBC_SHA, TLS_ECDHE_RSA_WITH_AES_128_CBC_SHA, TLS_RSA_WITH_AES_128_CBC_SHA, TLS_ECDH_ECDSA_WITH_AES_128_CBC_SHA, TLS_ECDH_RSA_WITH_AES_128_CBC_SHA, TLS_DHE_RSA_WITH_AES_128_CBC_SHA, TLS_DHE_DSS_WITH_AES_128_CBC_SHA, TLS_EMPTY_RENEGOTIATION_INFO_SCSV]
08:33:46.307 [pool-1-thread-2] DEBUG org.apache.http.conn.ssl.SSLConnectionSocketFactory - Starting handshake
08:33:46.447 [pool-1-thread-4] DEBUG org.apache.http.conn.ssl.SSLConnectionSocketFactory - Secure session established
08:33:46.447 [pool-1-thread-4] DEBUG org.apache.http.conn.ssl.SSLConnectionSocketFactory -  negotiated protocol: TLSv1.2
08:33:46.447 [pool-1-thread-4] DEBUG org.apache.http.conn.ssl.SSLConnectionSocketFactory -  negotiated cipher suite: TLS_ECDHE_RSA_WITH_AES_128_GCM_SHA256
08:33:46.447 [pool-1-thread-4] DEBUG org.apache.http.conn.ssl.SSLConnectionSocketFactory -  peer principal: CN=*.swagger.io
08:33:46.447 [pool-1-thread-4] DEBUG org.apache.http.conn.ssl.SSLConnectionSocketFactory -  peer alternative names: [*.swagger.io]
08:33:46.447 [pool-1-thread-4] DEBUG org.apache.http.conn.ssl.SSLConnectionSocketFactory -  issuer principal: CN=Amazon RSA 2048 M02, O=Amazon, C=US
08:33:46.447 [pool-1-thread-4] DEBUG org.apache.http.impl.conn.DefaultHttpClientConnectionOperator - Connection established 192.168.100.10:64446<->54.147.109.72:443
08:33:46.447 [pool-1-thread-4] DEBUG org.apache.http.impl.conn.DefaultManagedHttpClientConnection - http-outgoing-4: set socket timeout to 30000
08:33:46.447 [pool-1-thread-4] DEBUG org.apache.http.impl.execchain.MainClientExec - Executing request GET /v2/user/lgomez HTTP/1.1
08:33:46.447 [pool-1-thread-4] DEBUG org.apache.http.impl.execchain.MainClientExec - Target auth state: UNCHALLENGED
08:33:46.447 [pool-1-thread-4] DEBUG org.apache.http.impl.execchain.MainClientExec - Proxy auth state: UNCHALLENGED
08:33:46.447 [pool-1-thread-4] DEBUG org.apache.http.headers - http-outgoing-4 >> GET /v2/user/lgomez HTTP/1.1
08:33:46.447 [pool-1-thread-4] DEBUG org.apache.http.headers - http-outgoing-4 >> Host: petstore.swagger.io
08:33:46.447 [pool-1-thread-4] DEBUG org.apache.http.headers - http-outgoing-4 >> Connection: Keep-Alive
08:33:46.447 [pool-1-thread-4] DEBUG org.apache.http.headers - http-outgoing-4 >> User-Agent: Apache-HttpClient/4.5.13 (Java/11.0.9)
08:33:46.447 [pool-1-thread-4] DEBUG org.apache.http.headers - http-outgoing-4 >> Accept-Encoding: gzip,deflate
08:33:46.447 [pool-1-thread-4] DEBUG org.apache.http.wire - http-outgoing-4 >> "GET /v2/user/lgomez HTTP/1.1[\r][\n]"
08:33:46.447 [pool-1-thread-4] DEBUG org.apache.http.wire - http-outgoing-4 >> "Host: petstore.swagger.io[\r][\n]"
08:33:46.447 [pool-1-thread-4] DEBUG org.apache.http.wire - http-outgoing-4 >> "Connection: Keep-Alive[\r][\n]"
08:33:46.447 [pool-1-thread-4] DEBUG org.apache.http.wire - http-outgoing-4 >> "User-Agent: Apache-HttpClient/4.5.13 (Java/11.0.9)[\r][\n]"
08:33:46.447 [pool-1-thread-4] DEBUG org.apache.http.wire - http-outgoing-4 >> "Accept-Encoding: gzip,deflate[\r][\n]"
08:33:46.447 [pool-1-thread-4] DEBUG org.apache.http.wire - http-outgoing-4 >> "[\r][\n]"
08:33:46.447 [pool-1-thread-1] DEBUG org.apache.http.conn.ssl.SSLConnectionSocketFactory - Secure session established
08:33:46.447 [pool-1-thread-1] DEBUG org.apache.http.conn.ssl.SSLConnectionSocketFactory -  negotiated protocol: TLSv1.2
08:33:46.447 [pool-1-thread-1] DEBUG org.apache.http.conn.ssl.SSLConnectionSocketFactory -  negotiated cipher suite: TLS_ECDHE_RSA_WITH_AES_128_GCM_SHA256
08:33:46.447 [pool-1-thread-1] DEBUG org.apache.http.conn.ssl.SSLConnectionSocketFactory -  peer principal: CN=*.swagger.io
08:33:46.447 [pool-1-thread-1] DEBUG org.apache.http.conn.ssl.SSLConnectionSocketFactory -  peer alternative names: [*.swagger.io]
08:33:46.447 [pool-1-thread-1] DEBUG org.apache.http.conn.ssl.SSLConnectionSocketFactory -  issuer principal: CN=Amazon RSA 2048 M02, O=Amazon, C=US
08:33:46.447 [pool-1-thread-1] DEBUG org.apache.http.impl.conn.DefaultHttpClientConnectionOperator - Connection established 192.168.100.10:64447<->54.147.109.72:443
08:33:46.447 [pool-1-thread-1] DEBUG org.apache.http.impl.conn.DefaultManagedHttpClientConnection - http-outgoing-7: set socket timeout to 30000
08:33:46.447 [pool-1-thread-1] DEBUG org.apache.http.impl.execchain.MainClientExec - Executing request GET /v2/user/lgomez HTTP/1.1
08:33:46.447 [pool-1-thread-1] DEBUG org.apache.http.impl.execchain.MainClientExec - Target auth state: UNCHALLENGED
08:33:46.447 [pool-1-thread-1] DEBUG org.apache.http.impl.execchain.MainClientExec - Proxy auth state: UNCHALLENGED
08:33:46.447 [pool-1-thread-1] DEBUG org.apache.http.headers - http-outgoing-7 >> GET /v2/user/lgomez HTTP/1.1
08:33:46.447 [pool-1-thread-1] DEBUG org.apache.http.headers - http-outgoing-7 >> Host: petstore.swagger.io
08:33:46.447 [pool-1-thread-1] DEBUG org.apache.http.headers - http-outgoing-7 >> Connection: Keep-Alive
08:33:46.447 [pool-1-thread-1] DEBUG org.apache.http.headers - http-outgoing-7 >> User-Agent: Apache-HttpClient/4.5.13 (Java/11.0.9)
08:33:46.447 [pool-1-thread-1] DEBUG org.apache.http.headers - http-outgoing-7 >> Accept-Encoding: gzip,deflate
08:33:46.447 [pool-1-thread-1] DEBUG org.apache.http.wire - http-outgoing-7 >> "GET /v2/user/lgomez HTTP/1.1[\r][\n]"
08:33:46.447 [pool-1-thread-1] DEBUG org.apache.http.wire - http-outgoing-7 >> "Host: petstore.swagger.io[\r][\n]"
08:33:46.447 [pool-1-thread-1] DEBUG org.apache.http.wire - http-outgoing-7 >> "Connection: Keep-Alive[\r][\n]"
08:33:46.447 [pool-1-thread-1] DEBUG org.apache.http.wire - http-outgoing-7 >> "User-Agent: Apache-HttpClient/4.5.13 (Java/11.0.9)[\r][\n]"
08:33:46.447 [pool-1-thread-1] DEBUG org.apache.http.wire - http-outgoing-7 >> "Accept-Encoding: gzip,deflate[\r][\n]"
08:33:46.447 [pool-1-thread-1] DEBUG org.apache.http.wire - http-outgoing-7 >> "[\r][\n]"
08:33:46.455 [pool-1-thread-3] DEBUG org.apache.http.conn.ssl.SSLConnectionSocketFactory - Secure session established
08:33:46.455 [pool-1-thread-3] DEBUG org.apache.http.conn.ssl.SSLConnectionSocketFactory -  negotiated protocol: TLSv1.2
08:33:46.455 [pool-1-thread-3] DEBUG org.apache.http.conn.ssl.SSLConnectionSocketFactory -  negotiated cipher suite: TLS_ECDHE_RSA_WITH_AES_128_GCM_SHA256
08:33:46.455 [pool-1-thread-3] DEBUG org.apache.http.conn.ssl.SSLConnectionSocketFactory -  peer principal: CN=*.swagger.io
08:33:46.455 [pool-1-thread-3] DEBUG org.apache.http.conn.ssl.SSLConnectionSocketFactory -  peer alternative names: [*.swagger.io]
08:33:46.455 [pool-1-thread-3] DEBUG org.apache.http.conn.ssl.SSLConnectionSocketFactory -  issuer principal: CN=Amazon RSA 2048 M02, O=Amazon, C=US
08:33:46.457 [pool-1-thread-3] DEBUG org.apache.http.impl.conn.DefaultHttpClientConnectionOperator - Connection established 192.168.100.10:64449<->54.147.109.72:443
08:33:46.457 [pool-1-thread-3] DEBUG org.apache.http.impl.conn.DefaultManagedHttpClientConnection - http-outgoing-6: set socket timeout to 30000
08:33:46.457 [pool-1-thread-3] DEBUG org.apache.http.impl.execchain.MainClientExec - Executing request GET /v2/user/lgomez HTTP/1.1
08:33:46.457 [pool-1-thread-3] DEBUG org.apache.http.impl.execchain.MainClientExec - Target auth state: UNCHALLENGED
08:33:46.457 [pool-1-thread-3] DEBUG org.apache.http.impl.execchain.MainClientExec - Proxy auth state: UNCHALLENGED
08:33:46.457 [pool-1-thread-3] DEBUG org.apache.http.headers - http-outgoing-6 >> GET /v2/user/lgomez HTTP/1.1
08:33:46.457 [pool-1-thread-3] DEBUG org.apache.http.headers - http-outgoing-6 >> Host: petstore.swagger.io
08:33:46.457 [pool-1-thread-3] DEBUG org.apache.http.headers - http-outgoing-6 >> Connection: Keep-Alive
08:33:46.457 [pool-1-thread-3] DEBUG org.apache.http.headers - http-outgoing-6 >> User-Agent: Apache-HttpClient/4.5.13 (Java/11.0.9)
08:33:46.457 [pool-1-thread-3] DEBUG org.apache.http.headers - http-outgoing-6 >> Accept-Encoding: gzip,deflate
08:33:46.457 [pool-1-thread-3] DEBUG org.apache.http.wire - http-outgoing-6 >> "GET /v2/user/lgomez HTTP/1.1[\r][\n]"
08:33:46.457 [pool-1-thread-3] DEBUG org.apache.http.wire - http-outgoing-6 >> "Host: petstore.swagger.io[\r][\n]"
08:33:46.457 [pool-1-thread-3] DEBUG org.apache.http.wire - http-outgoing-6 >> "Connection: Keep-Alive[\r][\n]"
08:33:46.457 [pool-1-thread-3] DEBUG org.apache.http.wire - http-outgoing-6 >> "User-Agent: Apache-HttpClient/4.5.13 (Java/11.0.9)[\r][\n]"
08:33:46.457 [pool-1-thread-3] DEBUG org.apache.http.wire - http-outgoing-6 >> "Accept-Encoding: gzip,deflate[\r][\n]"
08:33:46.457 [pool-1-thread-3] DEBUG org.apache.http.wire - http-outgoing-6 >> "[\r][\n]"
08:33:46.457 [pool-1-thread-2] DEBUG org.apache.http.conn.ssl.SSLConnectionSocketFactory - Secure session established
08:33:46.457 [pool-1-thread-2] DEBUG org.apache.http.conn.ssl.SSLConnectionSocketFactory -  negotiated protocol: TLSv1.2
08:33:46.457 [pool-1-thread-2] DEBUG org.apache.http.conn.ssl.SSLConnectionSocketFactory -  negotiated cipher suite: TLS_ECDHE_RSA_WITH_AES_128_GCM_SHA256
08:33:46.457 [pool-1-thread-2] DEBUG org.apache.http.conn.ssl.SSLConnectionSocketFactory -  peer principal: CN=*.swagger.io
08:33:46.457 [pool-1-thread-2] DEBUG org.apache.http.conn.ssl.SSLConnectionSocketFactory -  peer alternative names: [*.swagger.io]
08:33:46.457 [pool-1-thread-2] DEBUG org.apache.http.conn.ssl.SSLConnectionSocketFactory -  issuer principal: CN=Amazon RSA 2048 M02, O=Amazon, C=US
08:33:46.457 [pool-1-thread-2] DEBUG org.apache.http.impl.conn.DefaultHttpClientConnectionOperator - Connection established 192.168.100.10:64448<->54.147.109.72:443
08:33:46.457 [pool-1-thread-2] DEBUG org.apache.http.impl.conn.DefaultManagedHttpClientConnection - http-outgoing-5: set socket timeout to 30000
08:33:46.457 [pool-1-thread-2] DEBUG org.apache.http.impl.execchain.MainClientExec - Executing request GET /v2/user/lgomez HTTP/1.1
08:33:46.457 [pool-1-thread-2] DEBUG org.apache.http.impl.execchain.MainClientExec - Target auth state: UNCHALLENGED
08:33:46.457 [pool-1-thread-2] DEBUG org.apache.http.impl.execchain.MainClientExec - Proxy auth state: UNCHALLENGED
08:33:46.457 [pool-1-thread-2] DEBUG org.apache.http.headers - http-outgoing-5 >> GET /v2/user/lgomez HTTP/1.1
08:33:46.457 [pool-1-thread-2] DEBUG org.apache.http.headers - http-outgoing-5 >> Host: petstore.swagger.io
08:33:46.457 [pool-1-thread-2] DEBUG org.apache.http.headers - http-outgoing-5 >> Connection: Keep-Alive
08:33:46.457 [pool-1-thread-2] DEBUG org.apache.http.headers - http-outgoing-5 >> User-Agent: Apache-HttpClient/4.5.13 (Java/11.0.9)
08:33:46.457 [pool-1-thread-2] DEBUG org.apache.http.headers - http-outgoing-5 >> Accept-Encoding: gzip,deflate
08:33:46.457 [pool-1-thread-2] DEBUG org.apache.http.wire - http-outgoing-5 >> "GET /v2/user/lgomez HTTP/1.1[\r][\n]"
08:33:46.457 [pool-1-thread-2] DEBUG org.apache.http.wire - http-outgoing-5 >> "Host: petstore.swagger.io[\r][\n]"
08:33:46.457 [pool-1-thread-2] DEBUG org.apache.http.wire - http-outgoing-5 >> "Connection: Keep-Alive[\r][\n]"
08:33:46.457 [pool-1-thread-2] DEBUG org.apache.http.wire - http-outgoing-5 >> "User-Agent: Apache-HttpClient/4.5.13 (Java/11.0.9)[\r][\n]"
08:33:46.457 [pool-1-thread-2] DEBUG org.apache.http.wire - http-outgoing-5 >> "Accept-Encoding: gzip,deflate[\r][\n]"
08:33:46.457 [pool-1-thread-2] DEBUG org.apache.http.wire - http-outgoing-5 >> "[\r][\n]"
08:33:46.538 [pool-1-thread-4] DEBUG org.apache.http.wire - http-outgoing-4 << "HTTP/1.1 200 OK[\r][\n]"
08:33:46.538 [pool-1-thread-4] DEBUG org.apache.http.wire - http-outgoing-4 << "Date: Mon, 07 Aug 2023 13:33:47 GMT[\r][\n]"
08:33:46.538 [pool-1-thread-4] DEBUG org.apache.http.wire - http-outgoing-4 << "Content-Type: application/json[\r][\n]"
08:33:46.538 [pool-1-thread-4] DEBUG org.apache.http.wire - http-outgoing-4 << "Transfer-Encoding: chunked[\r][\n]"
08:33:46.538 [pool-1-thread-4] DEBUG org.apache.http.wire - http-outgoing-4 << "Connection: keep-alive[\r][\n]"
08:33:46.538 [pool-1-thread-4] DEBUG org.apache.http.wire - http-outgoing-4 << "Access-Control-Allow-Origin: *[\r][\n]"
08:33:46.538 [pool-1-thread-4] DEBUG org.apache.http.wire - http-outgoing-4 << "Access-Control-Allow-Methods: GET, POST, DELETE, PUT[\r][\n]"
08:33:46.538 [pool-1-thread-4] DEBUG org.apache.http.wire - http-outgoing-4 << "Access-Control-Allow-Headers: Content-Type, api_key, Authorization[\r][\n]"
08:33:46.538 [pool-1-thread-4] DEBUG org.apache.http.wire - http-outgoing-4 << "Server: Jetty(9.2.9.v20150224)[\r][\n]"
08:33:46.538 [pool-1-thread-4] DEBUG org.apache.http.wire - http-outgoing-4 << "[\r][\n]"
08:33:46.538 [pool-1-thread-4] DEBUG org.apache.http.wire - http-outgoing-4 << "ad[\r][\n]"
08:33:46.538 [pool-1-thread-4] DEBUG org.apache.http.wire - http-outgoing-4 << "{"id":9223372036854767633,"username":"lgomez","firstName":"Enrique","lastName":"Gomez","email":"lenrique@gmail.com","password":"pass123","phone":"0992910000","userStatus":0}[\r][\n]"
08:33:46.538 [pool-1-thread-4] DEBUG org.apache.http.headers - http-outgoing-4 << HTTP/1.1 200 OK
08:33:46.538 [pool-1-thread-4] DEBUG org.apache.http.headers - http-outgoing-4 << Date: Mon, 07 Aug 2023 13:33:47 GMT
08:33:46.538 [pool-1-thread-4] DEBUG org.apache.http.headers - http-outgoing-4 << Content-Type: application/json
08:33:46.538 [pool-1-thread-4] DEBUG org.apache.http.headers - http-outgoing-4 << Transfer-Encoding: chunked
08:33:46.538 [pool-1-thread-4] DEBUG org.apache.http.headers - http-outgoing-4 << Connection: keep-alive
08:33:46.538 [pool-1-thread-4] DEBUG org.apache.http.headers - http-outgoing-4 << Access-Control-Allow-Origin: *
08:33:46.538 [pool-1-thread-4] DEBUG org.apache.http.headers - http-outgoing-4 << Access-Control-Allow-Methods: GET, POST, DELETE, PUT
08:33:46.538 [pool-1-thread-4] DEBUG org.apache.http.headers - http-outgoing-4 << Access-Control-Allow-Headers: Content-Type, api_key, Authorization
08:33:46.538 [pool-1-thread-4] DEBUG org.apache.http.headers - http-outgoing-4 << Server: Jetty(9.2.9.v20150224)
08:33:46.538 [pool-1-thread-4] DEBUG org.apache.http.impl.execchain.MainClientExec - Connection can be kept alive indefinitely
08:33:46.546 [pool-1-thread-4] DEBUG org.apache.http.wire - http-outgoing-4 << "0[\r][\n]"
08:33:46.546 [pool-1-thread-4] DEBUG org.apache.http.wire - http-outgoing-4 << "[\r][\n]"
08:33:46.546 [pool-1-thread-4] DEBUG org.apache.http.impl.conn.PoolingHttpClientConnectionManager - Connection [id: 4][route: {s}->https://petstore.swagger.io:443] can be kept alive indefinitely
08:33:46.546 [pool-1-thread-4] DEBUG org.apache.http.impl.conn.DefaultManagedHttpClientConnection - http-outgoing-4: set socket timeout to 0
08:33:46.546 [pool-1-thread-4] DEBUG org.apache.http.impl.conn.PoolingHttpClientConnectionManager - Connection released: [id: 4][route: {s}->https://petstore.swagger.io:443][total available: 1; route allocated: 1 of 5; total allocated: 1 of 10]
08:33:46.546 [pool-1-thread-4] DEBUG com.intuit.karate - response time in milliseconds: 355
1 < 200
1 < Date: Mon, 07 Aug 2023 13:33:47 GMT
1 < Content-Type: application/json
1 < Transfer-Encoding: chunked
1 < Connection: keep-alive
1 < Access-Control-Allow-Origin: *
1 < Access-Control-Allow-Methods: GET, POST, DELETE, PUT
1 < Access-Control-Allow-Headers: Content-Type, api_key, Authorization
1 < Server: Jetty(9.2.9.v20150224)
{"id":9223372036854767633,"username":"lgomez","firstName":"Enrique","lastName":"Gomez","email":"lenrique@gmail.com","password":"pass123","phone":"0992910000","userStatus":0}

08:33:46.546 [pool-1-thread-1] DEBUG org.apache.http.wire - http-outgoing-7 << "HTTP/1.1 200 OK[\r][\n]"
08:33:46.546 [pool-1-thread-1] DEBUG org.apache.http.wire - http-outgoing-7 << "Date: Mon, 07 Aug 2023 13:33:47 GMT[\r][\n]"
08:33:46.546 [pool-1-thread-1] DEBUG org.apache.http.wire - http-outgoing-7 << "Content-Type: application/json[\r][\n]"
08:33:46.546 [pool-1-thread-1] DEBUG org.apache.http.wire - http-outgoing-7 << "Transfer-Encoding: chunked[\r][\n]"
08:33:46.546 [pool-1-thread-1] DEBUG org.apache.http.wire - http-outgoing-7 << "Connection: keep-alive[\r][\n]"
08:33:46.546 [pool-1-thread-1] DEBUG org.apache.http.wire - http-outgoing-7 << "Access-Control-Allow-Origin: *[\r][\n]"
08:33:46.546 [pool-1-thread-1] DEBUG org.apache.http.wire - http-outgoing-7 << "Access-Control-Allow-Methods: GET, POST, DELETE, PUT[\r][\n]"
08:33:46.546 [pool-1-thread-1] DEBUG org.apache.http.wire - http-outgoing-7 << "Access-Control-Allow-Headers: Content-Type, api_key, Authorization[\r][\n]"
08:33:46.546 [pool-1-thread-1] DEBUG org.apache.http.wire - http-outgoing-7 << "Server: Jetty(9.2.9.v20150224)[\r][\n]"
08:33:46.546 [pool-1-thread-1] DEBUG org.apache.http.wire - http-outgoing-7 << "[\r][\n]"
08:33:46.546 [pool-1-thread-1] DEBUG org.apache.http.wire - http-outgoing-7 << "ad[\r][\n]"
08:33:46.546 [pool-1-thread-1] DEBUG org.apache.http.wire - http-outgoing-7 << "{"id":9223372036854767633,"username":"lgomez","firstName":"Enrique","lastName":"Gomez","email":"lenrique@gmail.com","password":"pass123","phone":"0992910000","userStatus":0}[\r][\n]"
08:33:46.546 [pool-1-thread-1] DEBUG org.apache.http.headers - http-outgoing-7 << HTTP/1.1 200 OK
08:33:46.546 [pool-1-thread-1] DEBUG org.apache.http.headers - http-outgoing-7 << Date: Mon, 07 Aug 2023 13:33:47 GMT
08:33:46.546 [pool-1-thread-1] DEBUG org.apache.http.headers - http-outgoing-7 << Content-Type: application/json
08:33:46.546 [pool-1-thread-1] DEBUG org.apache.http.headers - http-outgoing-7 << Transfer-Encoding: chunked
08:33:46.546 [pool-1-thread-1] DEBUG org.apache.http.headers - http-outgoing-7 << Connection: keep-alive
08:33:46.546 [pool-1-thread-1] DEBUG org.apache.http.headers - http-outgoing-7 << Access-Control-Allow-Origin: *
08:33:46.546 [pool-1-thread-1] DEBUG org.apache.http.headers - http-outgoing-7 << Access-Control-Allow-Methods: GET, POST, DELETE, PUT
08:33:46.546 [pool-1-thread-1] DEBUG org.apache.http.headers - http-outgoing-7 << Access-Control-Allow-Headers: Content-Type, api_key, Authorization
08:33:46.546 [pool-1-thread-1] DEBUG org.apache.http.headers - http-outgoing-7 << Server: Jetty(9.2.9.v20150224)
08:33:46.546 [pool-1-thread-1] DEBUG org.apache.http.impl.execchain.MainClientExec - Connection can be kept alive indefinitely
08:33:46.546 [pool-1-thread-1] DEBUG org.apache.http.wire - http-outgoing-7 << "0[\r][\n]"
08:33:46.546 [pool-1-thread-1] DEBUG org.apache.http.wire - http-outgoing-7 << "[\r][\n]"
08:33:46.546 [pool-1-thread-1] DEBUG org.apache.http.impl.conn.PoolingHttpClientConnectionManager - Connection [id: 7][route: {s}->https://petstore.swagger.io:443] can be kept alive indefinitely
08:33:46.546 [pool-1-thread-1] DEBUG org.apache.http.impl.conn.DefaultManagedHttpClientConnection - http-outgoing-7: set socket timeout to 0
08:33:46.546 [pool-1-thread-1] DEBUG org.apache.http.impl.conn.PoolingHttpClientConnectionManager - Connection released: [id: 7][route: {s}->https://petstore.swagger.io:443][total available: 1; route allocated: 1 of 5; total allocated: 1 of 10]
08:33:46.546 [pool-1-thread-1] DEBUG com.intuit.karate - response time in milliseconds: 355
1 < 200
1 < Date: Mon, 07 Aug 2023 13:33:47 GMT
1 < Content-Type: application/json
1 < Transfer-Encoding: chunked
1 < Connection: keep-alive
1 < Access-Control-Allow-Origin: *
[...]
08:33:49.005 [Test worker] DEBUG org.apache.velocity.loader - ResourceManager: found /templates/macros/page/navigation.vm with loader org.apache.velocity.runtime.resource.loader.ClasspathResourceLoader
08:33:49.005 [Test worker] DEBUG org.apache.velocity.macro - added VM includeReportInfo: source=org.apache.velocity.Template@19dc887
08:33:49.005 [Test worker] DEBUG org.apache.velocity.loader - ResourceManager: found /templates/macros/page/reportInfo.vm with loader org.apache.velocity.runtime.resource.loader.ClasspathResourceLoader
08:33:49.005 [Test worker] DEBUG org.apache.velocity.macro - added VM includeTitle: source=org.apache.velocity.Template@5e3aff3
08:33:49.005 [Test worker] DEBUG org.apache.velocity.loader - ResourceManager: found /templates/macros/page/title.vm with loader org.apache.velocity.runtime.resource.loader.ClasspathResourceLoader
08:33:49.007 [Test worker] DEBUG org.apache.velocity.macro - added VM includeExpandingButtons: source=org.apache.velocity.Template@4b6f02d3
08:33:49.007 [Test worker] DEBUG org.apache.velocity.loader - ResourceManager: found /templates/macros/report/expandAllButtons.vm with loader org.apache.velocity.runtime.resource.loader.ClasspathResourceLoader
08:33:49.007 [Test worker] DEBUG org.apache.velocity.macro - added VM includeReportTable: source=org.apache.velocity.Template@24e4c341
08:33:49.007 [Test worker] DEBUG org.apache.velocity.loader - ResourceManager: found /templates/macros/report/reportTable.vm with loader org.apache.velocity.runtime.resource.loader.ClasspathResourceLoader
08:33:49.007 [Test worker] DEBUG org.apache.velocity.macro - added VM includeReportHeader: source=org.apache.velocity.Template@441ff7eb
08:33:49.007 [Test worker] DEBUG org.apache.velocity.loader - ResourceManager: found /templates/macros/report/reportHeader.vm with loader org.apache.velocity.runtime.resource.loader.ClasspathResourceLoader
08:33:49.007 [Test worker] DEBUG org.apache.velocity.macro - added VM includeStatsTable: source=org.apache.velocity.Template@786c1522
08:33:49.007 [Test worker] DEBUG org.apache.velocity.loader - ResourceManager: found /templates/macros/report/statsTable.vm with loader org.apache.velocity.runtime.resource.loader.ClasspathResourceLoader
08:33:49.007 [Test worker] DEBUG org.apache.velocity.macro - added VM includeBrief: source=org.apache.velocity.Template@412fa24c
08:33:49.007 [Test worker] DEBUG org.apache.velocity.loader - ResourceManager: found /templates/macros/json/brief.vm with loader org.apache.velocity.runtime.resource.loader.ClasspathResourceLoader
08:33:49.007 [Test worker] DEBUG org.apache.velocity.macro - added VM includeDocString: source=org.apache.velocity.Template@66137d2a
08:33:49.007 [Test worker] DEBUG org.apache.velocity.loader - ResourceManager: found /templates/macros/json/docstring.vm with loader org.apache.velocity.runtime.resource.loader.ClasspathResourceLoader
08:33:49.007 [Test worker] DEBUG org.apache.velocity.macro - added VM includeDuration: source=org.apache.velocity.Template@19a6baf9
08:33:49.007 [Test worker] DEBUG org.apache.velocity.loader - ResourceManager: found /templates/macros/json/duration.vm with loader org.apache.velocity.runtime.resource.loader.ClasspathResourceLoader
08:33:49.015 [Test worker] DEBUG org.apache.velocity.macro - added VM includeElement: source=org.apache.velocity.Template@7f580488
08:33:49.015 [Test worker] DEBUG org.apache.velocity.loader - ResourceManager: found /templates/macros/json/element.vm with loader org.apache.velocity.runtime.resource.loader.ClasspathResourceLoader
08:33:49.017 [Test worker] DEBUG org.apache.velocity.macro - added VM includeEmbeddings: source=org.apache.velocity.Template@67849360
08:33:49.017 [Test worker] DEBUG org.apache.velocity.macro - added VM includeHtmlEmbedding: source=org.apache.velocity.Template@67849360
08:33:49.017 [Test worker] DEBUG org.apache.velocity.macro - added VM includeVideoEmbedding: source=org.apache.velocity.Template@67849360
08:33:49.017 [Test worker] DEBUG org.apache.velocity.macro - added VM includeImageEmbedding: source=org.apache.velocity.Template@67849360
08:33:49.017 [Test worker] DEBUG org.apache.velocity.macro - added VM includeImageReferenceEmbedding: source=org.apache.velocity.Template@67849360
08:33:49.017 [Test worker] DEBUG org.apache.velocity.macro - added VM includeTextEmbedding: source=org.apache.velocity.Template@67849360
08:33:49.017 [Test worker] DEBUG org.apache.velocity.macro - added VM includeUnknownEmbedding: source=org.apache.velocity.Template@67849360
08:33:49.017 [Test worker] DEBUG org.apache.velocity.loader - ResourceManager: found /templates/macros/json/embeddings.vm with loader org.apache.velocity.runtime.resource.loader.ClasspathResourceLoader
08:33:49.017 [Test worker] DEBUG org.apache.velocity.macro - added VM includeHooks: source=org.apache.velocity.Template@704b5ffc
08:33:49.017 [Test worker] DEBUG org.apache.velocity.loader - ResourceManager: found /templates/macros/json/hooks.vm with loader org.apache.velocity.runtime.resource.loader.ClasspathResourceLoader
08:33:49.017 [Test worker] DEBUG org.apache.velocity.macro - added VM includeOutput: source=org.apache.velocity.Template@49424dc
08:33:49.017 [Test worker] DEBUG org.apache.velocity.loader - ResourceManager: found /templates/macros/json/output.vm with loader org.apache.velocity.runtime.resource.loader.ClasspathResourceLoader
08:33:49.017 [Test worker] DEBUG org.apache.velocity.macro - added VM includeMessage: source=org.apache.velocity.Template@a55213e
08:33:49.017 [Test worker] DEBUG org.apache.velocity.loader - ResourceManager: found /templates/macros/json/message.vm with loader org.apache.velocity.runtime.resource.loader.ClasspathResourceLoader
08:33:49.017 [Test worker] DEBUG org.apache.velocity.macro - added VM includeSteps: source=org.apache.velocity.Template@3294d5e0
08:33:49.017 [Test worker] DEBUG org.apache.velocity.loader - ResourceManager: found /templates/macros/json/steps.vm with loader org.apache.velocity.runtime.resource.loader.ClasspathResourceLoader
08:33:49.025 [Test worker] DEBUG org.apache.velocity.macro - added VM includeStepName: source=org.apache.velocity.Template@3f171f6
08:33:49.025 [Test worker] DEBUG org.apache.velocity.loader - ResourceManager: found /templates/macros/json/stepName.vm with loader org.apache.velocity.runtime.resource.loader.ClasspathResourceLoader
08:33:49.025 [Test worker] DEBUG org.apache.velocity.macro - added VM includeTags: source=org.apache.velocity.Template@48e68c4d
08:33:49.027 [Test worker] DEBUG org.apache.velocity.loader - ResourceManager: found /templates/macros/json/tags.vm with loader org.apache.velocity.runtime.resource.loader.ClasspathResourceLoader
08:33:49.027 [Test worker] DEBUG org.apache.velocity.loader - ResourceManager: found /templates/footer.vm with loader org.apache.velocity.runtime.resource.loader.ClasspathResourceLoader
08:33:49.027 [Test worker] DEBUG org.apache.velocity - Initializing Velocity, Calling init()...
08:33:49.027 [Test worker] DEBUG org.apache.velocity - Starting Apache Velocity v2.3
08:33:49.027 [Test worker] DEBUG org.apache.velocity - Default Properties resource: org/apache/velocity/runtime/defaults/velocity.properties
08:33:49.027 [Test worker] DEBUG org.apache.velocity - ResourceLoader instantiated: org.apache.velocity.runtime.resource.loader.ClasspathResourceLoader
08:33:49.027 [Test worker] DEBUG org.apache.velocity - initialized (class org.apache.velocity.runtime.resource.ResourceCacheImpl) with class java.util.Collections$SynchronizedMap cache map.
08:33:49.027 [Test worker] DEBUG org.apache.velocity - Loaded System Directive: org.apache.velocity.runtime.directive.Stop
08:33:49.027 [Test worker] DEBUG org.apache.velocity - Loaded System Directive: org.apache.velocity.runtime.directive.Define
08:33:49.027 [Test worker] DEBUG org.apache.velocity - Loaded System Directive: org.apache.velocity.runtime.directive.Break
08:33:49.027 [Test worker] DEBUG org.apache.velocity - Loaded System Directive: org.apache.velocity.runtime.directive.Evaluate
08:33:49.027 [Test worker] DEBUG org.apache.velocity - Loaded System Directive: org.apache.velocity.runtime.directive.Macro
08:33:49.027 [Test worker] DEBUG org.apache.velocity - Loaded System Directive: org.apache.velocity.runtime.directive.Parse
08:33:49.027 [Test worker] DEBUG org.apache.velocity - Loaded System Directive: org.apache.velocity.runtime.directive.Include
08:33:49.027 [Test worker] DEBUG org.apache.velocity - Loaded System Directive: org.apache.velocity.runtime.directive.Foreach
08:33:49.027 [Test worker] DEBUG org.apache.velocity.parser - Created '20' parsers.
08:33:49.027 [Test worker] DEBUG org.apache.velocity.macro - "velocimacro.library.path" is not set. Trying default library: velocimacros.vtl
08:33:49.027 [Test worker] DEBUG org.apache.velocity.loader.class - Could not load resource 'velocimacros.vtl' from ResourceLoader org.apache.velocity.runtime.resource.loader.ClasspathResourceLoader
08:33:49.027 [Test worker] DEBUG org.apache.velocity.macro - Default library velocimacros.vtl not found. Trying old default library: VM_global_library.vm
08:33:49.027 [Test worker] DEBUG org.apache.velocity.loader.class - Could not load resource 'VM_global_library.vm' from ResourceLoader org.apache.velocity.runtime.resource.loader.ClasspathResourceLoader
08:33:49.027 [Test worker] DEBUG org.apache.velocity.macro - Old default library VM_global_library.vm not found.
08:33:49.027 [Test worker] DEBUG org.apache.velocity.macro - allowInline = true: VMs can be defined inline in templates
08:33:49.027 [Test worker] DEBUG org.apache.velocity.macro - allowInlineToOverride = false: VMs defined inline may NOT replace previous VM definitions
08:33:49.027 [Test worker] DEBUG org.apache.velocity.macro - allowInlineLocal = false: VMs defined inline will be global in scope if allowed.
08:33:49.027 [Test worker] DEBUG org.apache.velocity.macro - autoload off: VM system will not automatically reload global library macros
08:33:49.035 [Test worker] DEBUG org.apache.velocity.loader - ResourceManager: found templates/generators/overviewFailures.vm with loader org.apache.velocity.runtime.resource.loader.ClasspathResourceLoader
08:33:49.037 [Test worker] DEBUG org.apache.velocity.loader - ResourceManager: found /templates/headers.vm with loader org.apache.velocity.runtime.resource.loader.ClasspathResourceLoader
08:33:49.037 [Test worker] DEBUG org.apache.velocity.loader - ResourceManager: found /templates/head.vm with loader org.apache.velocity.runtime.resource.loader.ClasspathResourceLoader
08:33:49.037 [Test worker] DEBUG org.apache.velocity.macro - added VM stringArray: source=org.apache.velocity.Template@765230a8
08:33:49.037 [Test worker] DEBUG org.apache.velocity.macro - added VM numberArray: source=org.apache.velocity.Template@765230a8
08:33:49.037 [Test worker] DEBUG org.apache.velocity.loader - ResourceManager: found /templates/macros/array.js.vm with loader org.apache.velocity.runtime.resource.loader.ClasspathResourceLoader
08:33:49.037 [Test worker] DEBUG org.apache.velocity.macro - added VM includeBuildInfo: source=org.apache.velocity.Template@3cea70ca
08:33:49.037 [Test worker] DEBUG org.apache.velocity.loader - ResourceManager: found /templates/macros/page/buildinfo.vm with loader org.apache.velocity.runtime.resource.loader.ClasspathResourceLoader
08:33:49.037 [Test worker] DEBUG org.apache.velocity.macro - added VM includeClassifications: source=org.apache.velocity.Template@785cdc3e
08:33:49.037 [Test worker] DEBUG org.apache.velocity.loader - ResourceManager: found /templates/macros/page/classifications.vm with loader org.apache.velocity.runtime.resource.loader.ClasspathResourceLoader
08:33:49.037 [Test worker] DEBUG org.apache.velocity.macro - added VM includeLead: source=org.apache.velocity.Template@11b87ada
08:33:49.037 [Test worker] DEBUG org.apache.velocity.loader - ResourceManager: found /templates/macros/page/lead.vm with loader org.apache.velocity.runtime.resource.loader.ClasspathResourceLoader
08:33:49.037 [Test worker] DEBUG org.apache.velocity.macro - added VM includeNavigation: source=org.apache.velocity.Template@1dfc95ce
08:33:49.037 [Test worker] DEBUG org.apache.velocity.loader - ResourceManager: found /templates/macros/page/navigation.vm with loader org.apache.velocity.runtime.resource.loader.ClasspathResourceLoader
08:33:49.037 [Test worker] DEBUG org.apache.velocity.macro - added VM includeReportInfo: source=org.apache.velocity.Template@76893745
08:33:49.037 [Test worker] DEBUG org.apache.velocity.loader - ResourceManager: found /templates/macros/page/reportInfo.vm with loader org.apache.velocity.runtime.resource.loader.ClasspathResourceLoader
08:33:49.037 [Test worker] DEBUG org.apache.velocity.macro - added VM includeTitle: source=org.apache.velocity.Template@7db41f66
08:33:49.045 [Test worker] DEBUG org.apache.velocity.loader - ResourceManager: found /templates/macros/page/title.vm with loader org.apache.velocity.runtime.resource.loader.ClasspathResourceLoader
08:33:49.045 [Test worker] DEBUG org.apache.velocity.macro - added VM includeExpandingButtons: source=org.apache.velocity.Template@63591c3f
08:33:49.045 [Test worker] DEBUG org.apache.velocity.loader - ResourceManager: found /templates/macros/report/expandAllButtons.vm with loader org.apache.velocity.runtime.resource.loader.ClasspathResourceLoader
08:33:49.047 [Test worker] DEBUG org.apache.velocity.macro - added VM includeReportTable: source=org.apache.velocity.Template@44b13921
08:33:49.047 [Test worker] DEBUG org.apache.velocity.loader - ResourceManager: found /templates/macros/report/reportTable.vm with loader org.apache.velocity.runtime.resource.loader.ClasspathResourceLoader
08:33:49.047 [Test worker] DEBUG org.apache.velocity.macro - added VM includeReportHeader: source=org.apache.velocity.Template@11ba58a9
08:33:49.047 [Test worker] DEBUG org.apache.velocity.loader - ResourceManager: found /templates/macros/report/reportHeader.vm with loader org.apache.velocity.runtime.resource.loader.ClasspathResourceLoader
08:33:49.047 [Test worker] DEBUG org.apache.velocity.macro - added VM includeStatsTable: source=org.apache.velocity.Template@4bc587af
08:33:49.047 [Test worker] DEBUG org.apache.velocity.loader - ResourceManager: found /templates/macros/report/statsTable.vm with loader org.apache.velocity.runtime.resource.loader.ClasspathResourceLoader
08:33:49.047 [Test worker] DEBUG org.apache.velocity.macro - added VM includeBrief: source=org.apache.velocity.Template@5ae1f0d7
08:33:49.047 [Test worker] DEBUG org.apache.velocity.loader - ResourceManager: found /templates/macros/json/brief.vm with loader org.apache.velocity.runtime.resource.loader.ClasspathResourceLoader
08:33:49.047 [Test worker] DEBUG org.apache.velocity.macro - added VM includeDocString: source=org.apache.velocity.Template@22d9adae
08:33:49.047 [Test worker] DEBUG org.apache.velocity.loader - ResourceManager: found /templates/macros/json/docstring.vm with loader org.apache.velocity.runtime.resource.loader.ClasspathResourceLoader
08:33:49.047 [Test worker] DEBUG org.apache.velocity.macro - added VM includeDuration: source=org.apache.velocity.Template@1f146c04
08:33:49.047 [Test worker] DEBUG org.apache.velocity.loader - ResourceManager: found /templates/macros/json/duration.vm with loader org.apache.velocity.runtime.resource.loader.ClasspathResourceLoader
08:33:49.047 [Test worker] DEBUG org.apache.velocity.macro - added VM includeElement: source=org.apache.velocity.Template@2b56f3cb
08:33:49.047 [Test worker] DEBUG org.apache.velocity.loader - ResourceManager: found /templates/macros/json/element.vm with loader org.apache.velocity.runtime.resource.loader.ClasspathResourceLoader
08:33:49.047 [Test worker] DEBUG org.apache.velocity.macro - added VM includeEmbeddings: source=org.apache.velocity.Template@20df917a
08:33:49.047 [Test worker] DEBUG org.apache.velocity.macro - added VM includeHtmlEmbedding: source=org.apache.velocity.Template@20df917a
08:33:49.047 [Test worker] DEBUG org.apache.velocity.macro - added VM includeVideoEmbedding: source=org.apache.velocity.Template@20df917a
08:33:49.047 [Test worker] DEBUG org.apache.velocity.macro - added VM includeImageEmbedding: source=org.apache.velocity.Template@20df917a
08:33:49.055 [Test worker] DEBUG org.apache.velocity.macro - added VM includeImageReferenceEmbedding: source=org.apache.velocity.Template@20df917a
08:33:49.055 [Test worker] DEBUG org.apache.velocity.macro - added VM includeTextEmbedding: source=org.apache.velocity.Template@20df917a
08:33:49.055 [Test worker] DEBUG org.apache.velocity.macro - added VM includeUnknownEmbedding: source=org.apache.velocity.Template@20df917a
08:33:49.055 [Test worker] DEBUG org.apache.velocity.loader - ResourceManager: found /templates/macros/json/embeddings.vm with loader org.apache.velocity.runtime.resource.loader.ClasspathResourceLoader
08:33:49.057 [Test worker] DEBUG org.apache.velocity.macro - added VM includeHooks: source=org.apache.velocity.Template@2a50a07f
08:33:49.057 [Test worker] DEBUG org.apache.velocity.loader - ResourceManager: found /templates/macros/json/hooks.vm with loader org.apache.velocity.runtime.resource.loader.ClasspathResourceLoader
08:33:49.057 [Test worker] DEBUG org.apache.velocity.macro - added VM includeOutput: source=org.apache.velocity.Template@54b5eb13
08:33:49.057 [Test worker] DEBUG org.apache.velocity.loader - ResourceManager: found /templates/macros/json/output.vm with loader org.apache.velocity.runtime.resource.loader.ClasspathResourceLoader
08:33:49.057 [Test worker] DEBUG org.apache.velocity.macro - added VM includeMessage: source=org.apache.velocity.Template@5ae98690
08:33:49.057 [Test worker] DEBUG org.apache.velocity.loader - ResourceManager: found /templates/macros/json/message.vm with loader org.apache.velocity.runtime.resource.loader.ClasspathResourceLoader
08:33:49.057 [Test worker] DEBUG org.apache.velocity.macro - added VM includeSteps: source=org.apache.velocity.Template@4a426ca0
08:33:49.057 [Test worker] DEBUG org.apache.velocity.loader - ResourceManager: found /templates/macros/json/steps.vm with loader org.apache.velocity.runtime.resource.loader.ClasspathResourceLoader
08:33:49.057 [Test worker] DEBUG org.apache.velocity.macro - added VM includeStepName: source=org.apache.velocity.Template@2f4144f4
08:33:49.057 [Test worker] DEBUG org.apache.velocity.loader - ResourceManager: found /templates/macros/json/stepName.vm with loader org.apache.velocity.runtime.resource.loader.ClasspathResourceLoader
08:33:49.057 [Test worker] DEBUG org.apache.velocity.macro - added VM includeTags: source=org.apache.velocity.Template@77179b90
08:33:49.057 [Test worker] DEBUG org.apache.velocity.loader - ResourceManager: found /templates/macros/json/tags.vm with loader org.apache.velocity.runtime.resource.loader.ClasspathResourceLoader
08:33:49.065 [Test worker] DEBUG org.apache.velocity.loader - ResourceManager: found /templates/footer.vm with loader org.apache.velocity.runtime.resource.loader.ClasspathResourceLoader
]]></system-out>
  <system-err><![CDATA[ago. 07, 2023 8:33:48 A. M. net.masterthought.cucumber.ReportParser parseJsonFiles
INFO: File 'C:\Users\Jaime\Documents\Portafolio\API_Karate\build\karate-reports\users.delete.user-delete.json' contains 1 features
ago. 07, 2023 8:33:48 A. M. net.masterthought.cucumber.ReportParser parseJsonFiles
INFO: File 'C:\Users\Jaime\Documents\Portafolio\API_Karate\build\karate-reports\users.get.user-get-update.json' contains 1 features
ago. 07, 2023 8:33:48 A. M. net.masterthought.cucumber.ReportParser parseJsonFiles
INFO: File 'C:\Users\Jaime\Documents\Portafolio\API_Karate\build\karate-reports\users.get.user-get.json' contains 1 features
ago. 07, 2023 8:33:48 A. M. net.masterthought.cucumber.ReportParser parseJsonFiles
INFO: File 'C:\Users\Jaime\Documents\Portafolio\API_Karate\build\karate-reports\users.put.user-put.json' contains 1 features
]]></system-err>
</testsuite>
