<?xml version="1.0" encoding="UTF-8"?>
<testsuite name="users.ManagementTest" tests="1" skipped="0" failures="0" errors="0" timestamp="2023-08-07T14:06:15" hostname="LAPTOP-VFJTKINN" time="7.135">
  <properties/>
  <testcase name="testParallel()" classname="users.ManagementTest" time="7.135"/>
  <system-out><![CDATA[09:06:16.889 [Test worker] INFO com.intuit.karate.Suite - backed up existing 'build\karate-reports' dir to: build\karate-reports_1691417176889
09:06:16.905 [Test worker] DEBUG com.intuit.karate.Suite - waiting for 5 features to complete
09:06:18.143 [pool-1-thread-4] DEBUG com.jayway.jsonpath.internal.path.CompiledPath - Evaluating path: $
09:06:18.143 [pool-1-thread-2] DEBUG com.jayway.jsonpath.internal.path.CompiledPath - Evaluating path: $
09:06:18.143 [pool-1-thread-3] DEBUG com.jayway.jsonpath.internal.path.CompiledPath - Evaluating path: $
09:06:18.143 [pool-1-thread-1] DEBUG com.jayway.jsonpath.internal.path.CompiledPath - Evaluating path: $
09:06:18.243 [pool-1-thread-1] DEBUG io.netty.util.internal.logging.InternalLoggerFactory - Using SLF4J as the default logging framework
09:06:18.259 [pool-1-thread-1] DEBUG io.netty.util.internal.PlatformDependent0 - -Dio.netty.noUnsafe: false
09:06:18.259 [pool-1-thread-1] DEBUG io.netty.util.internal.PlatformDependent0 - Java version: 11
09:06:18.265 [pool-1-thread-1] DEBUG io.netty.util.internal.PlatformDependent0 - sun.misc.Unsafe.theUnsafe: available
09:06:18.265 [pool-1-thread-1] DEBUG io.netty.util.internal.PlatformDependent0 - sun.misc.Unsafe.copyMemory: available
09:06:18.265 [pool-1-thread-1] DEBUG io.netty.util.internal.PlatformDependent0 - sun.misc.Unsafe.storeFence: available
09:06:18.265 [pool-1-thread-1] DEBUG io.netty.util.internal.PlatformDependent0 - java.nio.Buffer.address: available
09:06:18.265 [pool-1-thread-1] DEBUG io.netty.util.internal.PlatformDependent0 - direct buffer constructor: unavailable: Reflective setAccessible(true) disabled
09:06:18.265 [pool-1-thread-1] DEBUG io.netty.util.internal.PlatformDependent0 - java.nio.Bits.unaligned: available, true
09:06:18.265 [pool-1-thread-1] DEBUG io.netty.util.internal.PlatformDependent0 - jdk.internal.misc.Unsafe.allocateUninitializedArray(int): unavailable: class io.netty.util.internal.PlatformDependent0$7 cannot access class jdk.internal.misc.Unsafe (in module java.base) because module java.base does not export jdk.internal.misc to unnamed module @7ef9b019
09:06:18.265 [pool-1-thread-1] DEBUG io.netty.util.internal.PlatformDependent0 - java.nio.DirectByteBuffer.<init>(long, int): unavailable
09:06:18.265 [pool-1-thread-1] DEBUG io.netty.util.internal.PlatformDependent - sun.misc.Unsafe: available
09:06:18.296 [pool-1-thread-1] DEBUG io.netty.util.internal.PlatformDependent - maxDirectMemory: 536870912 bytes (maybe)
09:06:18.296 [pool-1-thread-1] DEBUG io.netty.util.internal.PlatformDependent - -Dio.netty.tmpdir: C:\Users\Jaime\AppData\Local\Temp (java.io.tmpdir)
09:06:18.296 [pool-1-thread-1] DEBUG io.netty.util.internal.PlatformDependent - -Dio.netty.bitMode: 64 (sun.arch.data.model)
09:06:18.296 [pool-1-thread-1] DEBUG io.netty.util.internal.PlatformDependent - Platform: Windows
09:06:18.296 [pool-1-thread-1] DEBUG io.netty.util.internal.PlatformDependent - -Dio.netty.maxDirectMemory: -1 bytes
09:06:18.296 [pool-1-thread-1] DEBUG io.netty.util.internal.PlatformDependent - -Dio.netty.uninitializedArrayAllocationThreshold: -1
09:06:18.296 [pool-1-thread-1] DEBUG io.netty.util.internal.CleanerJava9 - java.nio.ByteBuffer.cleaner(): available
09:06:18.296 [pool-1-thread-1] DEBUG io.netty.util.internal.PlatformDependent - -Dio.netty.noPreferDirect: false
09:06:18.632 [pool-1-thread-2] DEBUG org.apache.http.client.protocol.RequestAddCookies - CookieSpec selected: karate
09:06:18.632 [pool-1-thread-1] DEBUG org.apache.http.client.protocol.RequestAddCookies - CookieSpec selected: karate
09:06:18.632 [pool-1-thread-3] DEBUG org.apache.http.client.protocol.RequestAddCookies - CookieSpec selected: karate
09:06:18.632 [pool-1-thread-4] DEBUG org.apache.http.client.protocol.RequestAddCookies - CookieSpec selected: karate
09:06:18.642 [pool-1-thread-4] DEBUG org.apache.http.client.protocol.RequestAuthCache - Auth cache not set in the context
09:06:18.642 [pool-1-thread-2] DEBUG org.apache.http.client.protocol.RequestAuthCache - Auth cache not set in the context
09:06:18.642 [pool-1-thread-3] DEBUG org.apache.http.client.protocol.RequestAuthCache - Auth cache not set in the context
09:06:18.642 [pool-1-thread-1] DEBUG org.apache.http.client.protocol.RequestAuthCache - Auth cache not set in the context
09:06:18.650 [pool-1-thread-3] DEBUG com.intuit.karate - request:
1 > POST https://petstore.swagger.io/v2/user
1 > Content-Type: application/json; charset=UTF-8
1 > Content-Length: 145
1 > Host: petstore.swagger.io
1 > Connection: Keep-Alive
1 > User-Agent: Apache-HttpClient/4.5.13 (Java/11.0.9)
1 > Accept-Encoding: gzip,deflate
{"id":0,"username":"lgomez","firstName":"Luis","lastName":"Gomez","email":"lg@gmail.com","password":"pass123","phone":"099291555","userStatus":0}

09:06:18.650 [pool-1-thread-4] DEBUG com.intuit.karate - request:
1 > POST https://petstore.swagger.io/v2/user
1 > Content-Type: application/json; charset=UTF-8
1 > Content-Length: 145
1 > Host: petstore.swagger.io
1 > Connection: Keep-Alive
1 > User-Agent: Apache-HttpClient/4.5.13 (Java/11.0.9)
1 > Accept-Encoding: gzip,deflate
{"id":0,"username":"lgomez","firstName":"Luis","lastName":"Gomez","email":"lg@gmail.com","password":"pass123","phone":"099291555","userStatus":0}

09:06:18.650 [pool-1-thread-2] DEBUG com.intuit.karate - request:
1 > POST https://petstore.swagger.io/v2/user
1 > Content-Type: application/json; charset=UTF-8
1 > Content-Length: 145
1 > Host: petstore.swagger.io
1 > Connection: Keep-Alive
1 > User-Agent: Apache-HttpClient/4.5.13 (Java/11.0.9)
1 > Accept-Encoding: gzip,deflate
{"id":0,"username":"lgomez","firstName":"Luis","lastName":"Gomez","email":"lg@gmail.com","password":"pass123","phone":"099291555","userStatus":0}

09:06:18.650 [pool-1-thread-1] DEBUG com.intuit.karate - request:
1 > POST https://petstore.swagger.io/v2/user
1 > Content-Type: application/json; charset=UTF-8
1 > Content-Length: 145
1 > Host: petstore.swagger.io
1 > Connection: Keep-Alive
1 > User-Agent: Apache-HttpClient/4.5.13 (Java/11.0.9)
1 > Accept-Encoding: gzip,deflate
{"id":0,"username":"lgomez","firstName":"Luis","lastName":"Gomez","email":"lg@gmail.com","password":"pass123","phone":"099291555","userStatus":0}

09:06:18.652 [pool-1-thread-3] DEBUG org.apache.http.impl.conn.PoolingHttpClientConnectionManager - Connection request: [route: {s}->https://petstore.swagger.io:443][total available: 0; route allocated: 0 of 5; total allocated: 0 of 10]
09:06:18.652 [pool-1-thread-4] DEBUG org.apache.http.impl.conn.PoolingHttpClientConnectionManager - Connection request: [route: {s}->https://petstore.swagger.io:443][total available: 0; route allocated: 0 of 5; total allocated: 0 of 10]
09:06:18.652 [pool-1-thread-2] DEBUG org.apache.http.impl.conn.PoolingHttpClientConnectionManager - Connection request: [route: {s}->https://petstore.swagger.io:443][total available: 0; route allocated: 0 of 5; total allocated: 0 of 10]
09:06:18.652 [pool-1-thread-1] DEBUG org.apache.http.impl.conn.PoolingHttpClientConnectionManager - Connection request: [route: {s}->https://petstore.swagger.io:443][total available: 0; route allocated: 0 of 5; total allocated: 0 of 10]
09:06:18.672 [pool-1-thread-3] DEBUG org.apache.http.impl.conn.PoolingHttpClientConnectionManager - Connection leased: [id: 0][route: {s}->https://petstore.swagger.io:443][total available: 0; route allocated: 1 of 5; total allocated: 1 of 10]
09:06:18.672 [pool-1-thread-4] DEBUG org.apache.http.impl.conn.PoolingHttpClientConnectionManager - Connection leased: [id: 2][route: {s}->https://petstore.swagger.io:443][total available: 0; route allocated: 1 of 5; total allocated: 1 of 10]
09:06:18.672 [pool-1-thread-2] DEBUG org.apache.http.impl.conn.PoolingHttpClientConnectionManager - Connection leased: [id: 3][route: {s}->https://petstore.swagger.io:443][total available: 0; route allocated: 1 of 5; total allocated: 1 of 10]
09:06:18.672 [pool-1-thread-1] DEBUG org.apache.http.impl.conn.PoolingHttpClientConnectionManager - Connection leased: [id: 1][route: {s}->https://petstore.swagger.io:443][total available: 0; route allocated: 1 of 5; total allocated: 1 of 10]
09:06:18.681 [pool-1-thread-2] DEBUG org.apache.http.impl.execchain.MainClientExec - Opening connection {s}->https://petstore.swagger.io:443
09:06:18.681 [pool-1-thread-1] DEBUG org.apache.http.impl.execchain.MainClientExec - Opening connection {s}->https://petstore.swagger.io:443
09:06:18.681 [pool-1-thread-3] DEBUG org.apache.http.impl.execchain.MainClientExec - Opening connection {s}->https://petstore.swagger.io:443
09:06:18.681 [pool-1-thread-4] DEBUG org.apache.http.impl.execchain.MainClientExec - Opening connection {s}->https://petstore.swagger.io:443
09:06:18.803 [pool-1-thread-1] DEBUG org.apache.http.impl.conn.DefaultHttpClientConnectionOperator - Connecting to petstore.swagger.io/54.147.109.72:443
09:06:18.803 [pool-1-thread-4] DEBUG org.apache.http.impl.conn.DefaultHttpClientConnectionOperator - Connecting to petstore.swagger.io/54.147.109.72:443
09:06:18.803 [pool-1-thread-3] DEBUG org.apache.http.impl.conn.DefaultHttpClientConnectionOperator - Connecting to petstore.swagger.io/54.147.109.72:443
09:06:18.803 [pool-1-thread-2] DEBUG org.apache.http.impl.conn.DefaultHttpClientConnectionOperator - Connecting to petstore.swagger.io/54.147.109.72:443
09:06:18.803 [pool-1-thread-1] DEBUG org.apache.http.conn.ssl.SSLConnectionSocketFactory - Connecting socket to petstore.swagger.io/54.147.109.72:443 with timeout 30000
09:06:18.805 [pool-1-thread-4] DEBUG org.apache.http.conn.ssl.SSLConnectionSocketFactory - Connecting socket to petstore.swagger.io/54.147.109.72:443 with timeout 30000
09:06:18.805 [pool-1-thread-2] DEBUG org.apache.http.conn.ssl.SSLConnectionSocketFactory - Connecting socket to petstore.swagger.io/54.147.109.72:443 with timeout 30000
09:06:18.805 [pool-1-thread-3] DEBUG org.apache.http.conn.ssl.SSLConnectionSocketFactory - Connecting socket to petstore.swagger.io/54.147.109.72:443 with timeout 30000
09:06:18.937 [pool-1-thread-1] DEBUG org.apache.http.conn.ssl.SSLConnectionSocketFactory - Enabled protocols: [TLSv1.3, TLSv1.2, TLSv1.1, TLSv1]
09:06:18.937 [pool-1-thread-4] DEBUG org.apache.http.conn.ssl.SSLConnectionSocketFactory - Enabled protocols: [TLSv1.3, TLSv1.2, TLSv1.1, TLSv1]
09:06:18.937 [pool-1-thread-2] DEBUG org.apache.http.conn.ssl.SSLConnectionSocketFactory - Enabled protocols: [TLSv1.3, TLSv1.2, TLSv1.1, TLSv1]
09:06:18.937 [pool-1-thread-4] DEBUG org.apache.http.conn.ssl.SSLConnectionSocketFactory - Enabled cipher suites:[TLS_AES_128_GCM_SHA256, TLS_AES_256_GCM_SHA384, TLS_ECDHE_ECDSA_WITH_AES_256_GCM_SHA384, TLS_ECDHE_ECDSA_WITH_AES_128_GCM_SHA256, TLS_ECDHE_RSA_WITH_AES_256_GCM_SHA384, TLS_RSA_WITH_AES_256_GCM_SHA384, TLS_ECDH_ECDSA_WITH_AES_256_GCM_SHA384, TLS_ECDH_RSA_WITH_AES_256_GCM_SHA384, TLS_DHE_RSA_WITH_AES_256_GCM_SHA384, TLS_DHE_DSS_WITH_AES_256_GCM_SHA384, TLS_ECDHE_RSA_WITH_AES_128_GCM_SHA256, TLS_RSA_WITH_AES_128_GCM_SHA256, TLS_ECDH_ECDSA_WITH_AES_128_GCM_SHA256, TLS_ECDH_RSA_WITH_AES_128_GCM_SHA256, TLS_DHE_RSA_WITH_AES_128_GCM_SHA256, TLS_DHE_DSS_WITH_AES_128_GCM_SHA256, TLS_ECDHE_ECDSA_WITH_AES_256_CBC_SHA384, TLS_ECDHE_RSA_WITH_AES_256_CBC_SHA384, TLS_RSA_WITH_AES_256_CBC_SHA256, TLS_ECDH_ECDSA_WITH_AES_256_CBC_SHA384, TLS_ECDH_RSA_WITH_AES_256_CBC_SHA384, TLS_DHE_RSA_WITH_AES_256_CBC_SHA256, TLS_DHE_DSS_WITH_AES_256_CBC_SHA256, TLS_ECDHE_ECDSA_WITH_AES_256_CBC_SHA, TLS_ECDHE_RSA_WITH_AES_256_CBC_SHA, TLS_RSA_WITH_AES_256_CBC_SHA, TLS_ECDH_ECDSA_WITH_AES_256_CBC_SHA, TLS_ECDH_RSA_WITH_AES_256_CBC_SHA, TLS_DHE_RSA_WITH_AES_256_CBC_SHA, TLS_DHE_DSS_WITH_AES_256_CBC_SHA, TLS_ECDHE_ECDSA_WITH_AES_128_CBC_SHA256, TLS_ECDHE_RSA_WITH_AES_128_CBC_SHA256, TLS_RSA_WITH_AES_128_CBC_SHA256, TLS_ECDH_ECDSA_WITH_AES_128_CBC_SHA256, TLS_ECDH_RSA_WITH_AES_128_CBC_SHA256, TLS_DHE_RSA_WITH_AES_128_CBC_SHA256, TLS_DHE_DSS_WITH_AES_128_CBC_SHA256, TLS_ECDHE_ECDSA_WITH_AES_128_CBC_SHA, TLS_ECDHE_RSA_WITH_AES_128_CBC_SHA, TLS_RSA_WITH_AES_128_CBC_SHA, TLS_ECDH_ECDSA_WITH_AES_128_CBC_SHA, TLS_ECDH_RSA_WITH_AES_128_CBC_SHA, TLS_DHE_RSA_WITH_AES_128_CBC_SHA, TLS_DHE_DSS_WITH_AES_128_CBC_SHA, TLS_EMPTY_RENEGOTIATION_INFO_SCSV]
09:06:18.937 [pool-1-thread-3] DEBUG org.apache.http.conn.ssl.SSLConnectionSocketFactory - Enabled protocols: [TLSv1.3, TLSv1.2, TLSv1.1, TLSv1]
09:06:18.937 [pool-1-thread-1] DEBUG org.apache.http.conn.ssl.SSLConnectionSocketFactory - Enabled cipher suites:[TLS_AES_128_GCM_SHA256, TLS_AES_256_GCM_SHA384, TLS_ECDHE_ECDSA_WITH_AES_256_GCM_SHA384, TLS_ECDHE_ECDSA_WITH_AES_128_GCM_SHA256, TLS_ECDHE_RSA_WITH_AES_256_GCM_SHA384, TLS_RSA_WITH_AES_256_GCM_SHA384, TLS_ECDH_ECDSA_WITH_AES_256_GCM_SHA384, TLS_ECDH_RSA_WITH_AES_256_GCM_SHA384, TLS_DHE_RSA_WITH_AES_256_GCM_SHA384, TLS_DHE_DSS_WITH_AES_256_GCM_SHA384, TLS_ECDHE_RSA_WITH_AES_128_GCM_SHA256, TLS_RSA_WITH_AES_128_GCM_SHA256, TLS_ECDH_ECDSA_WITH_AES_128_GCM_SHA256, TLS_ECDH_RSA_WITH_AES_128_GCM_SHA256, TLS_DHE_RSA_WITH_AES_128_GCM_SHA256, TLS_DHE_DSS_WITH_AES_128_GCM_SHA256, TLS_ECDHE_ECDSA_WITH_AES_256_CBC_SHA384, TLS_ECDHE_RSA_WITH_AES_256_CBC_SHA384, TLS_RSA_WITH_AES_256_CBC_SHA256, TLS_ECDH_ECDSA_WITH_AES_256_CBC_SHA384, TLS_ECDH_RSA_WITH_AES_256_CBC_SHA384, TLS_DHE_RSA_WITH_AES_256_CBC_SHA256, TLS_DHE_DSS_WITH_AES_256_CBC_SHA256, TLS_ECDHE_ECDSA_WITH_AES_256_CBC_SHA, TLS_ECDHE_RSA_WITH_AES_256_CBC_SHA, TLS_RSA_WITH_AES_256_CBC_SHA, TLS_ECDH_ECDSA_WITH_AES_256_CBC_SHA, TLS_ECDH_RSA_WITH_AES_256_CBC_SHA, TLS_DHE_RSA_WITH_AES_256_CBC_SHA, TLS_DHE_DSS_WITH_AES_256_CBC_SHA, TLS_ECDHE_ECDSA_WITH_AES_128_CBC_SHA256, TLS_ECDHE_RSA_WITH_AES_128_CBC_SHA256, TLS_RSA_WITH_AES_128_CBC_SHA256, TLS_ECDH_ECDSA_WITH_AES_128_CBC_SHA256, TLS_ECDH_RSA_WITH_AES_128_CBC_SHA256, TLS_DHE_RSA_WITH_AES_128_CBC_SHA256, TLS_DHE_DSS_WITH_AES_128_CBC_SHA256, TLS_ECDHE_ECDSA_WITH_AES_128_CBC_SHA, TLS_ECDHE_RSA_WITH_AES_128_CBC_SHA, TLS_RSA_WITH_AES_128_CBC_SHA, TLS_ECDH_ECDSA_WITH_AES_128_CBC_SHA, TLS_ECDH_RSA_WITH_AES_128_CBC_SHA, TLS_DHE_RSA_WITH_AES_128_CBC_SHA, TLS_DHE_DSS_WITH_AES_128_CBC_SHA, TLS_EMPTY_RENEGOTIATION_INFO_SCSV]
09:06:18.937 [pool-1-thread-2] DEBUG org.apache.http.conn.ssl.SSLConnectionSocketFactory - Enabled cipher suites:[TLS_AES_128_GCM_SHA256, TLS_AES_256_GCM_SHA384, TLS_ECDHE_ECDSA_WITH_AES_256_GCM_SHA384, TLS_ECDHE_ECDSA_WITH_AES_128_GCM_SHA256, TLS_ECDHE_RSA_WITH_AES_256_GCM_SHA384, TLS_RSA_WITH_AES_256_GCM_SHA384, TLS_ECDH_ECDSA_WITH_AES_256_GCM_SHA384, TLS_ECDH_RSA_WITH_AES_256_GCM_SHA384, TLS_DHE_RSA_WITH_AES_256_GCM_SHA384, TLS_DHE_DSS_WITH_AES_256_GCM_SHA384, TLS_ECDHE_RSA_WITH_AES_128_GCM_SHA256, TLS_RSA_WITH_AES_128_GCM_SHA256, TLS_ECDH_ECDSA_WITH_AES_128_GCM_SHA256, TLS_ECDH_RSA_WITH_AES_128_GCM_SHA256, TLS_DHE_RSA_WITH_AES_128_GCM_SHA256, TLS_DHE_DSS_WITH_AES_128_GCM_SHA256, TLS_ECDHE_ECDSA_WITH_AES_256_CBC_SHA384, TLS_ECDHE_RSA_WITH_AES_256_CBC_SHA384, TLS_RSA_WITH_AES_256_CBC_SHA256, TLS_ECDH_ECDSA_WITH_AES_256_CBC_SHA384, TLS_ECDH_RSA_WITH_AES_256_CBC_SHA384, TLS_DHE_RSA_WITH_AES_256_CBC_SHA256, TLS_DHE_DSS_WITH_AES_256_CBC_SHA256, TLS_ECDHE_ECDSA_WITH_AES_256_CBC_SHA, TLS_ECDHE_RSA_WITH_AES_256_CBC_SHA, TLS_RSA_WITH_AES_256_CBC_SHA, TLS_ECDH_ECDSA_WITH_AES_256_CBC_SHA, TLS_ECDH_RSA_WITH_AES_256_CBC_SHA, TLS_DHE_RSA_WITH_AES_256_CBC_SHA, TLS_DHE_DSS_WITH_AES_256_CBC_SHA, TLS_ECDHE_ECDSA_WITH_AES_128_CBC_SHA256, TLS_ECDHE_RSA_WITH_AES_128_CBC_SHA256, TLS_RSA_WITH_AES_128_CBC_SHA256, TLS_ECDH_ECDSA_WITH_AES_128_CBC_SHA256, TLS_ECDH_RSA_WITH_AES_128_CBC_SHA256, TLS_DHE_RSA_WITH_AES_128_CBC_SHA256, TLS_DHE_DSS_WITH_AES_128_CBC_SHA256, TLS_ECDHE_ECDSA_WITH_AES_128_CBC_SHA, TLS_ECDHE_RSA_WITH_AES_128_CBC_SHA, TLS_RSA_WITH_AES_128_CBC_SHA, TLS_ECDH_ECDSA_WITH_AES_128_CBC_SHA, TLS_ECDH_RSA_WITH_AES_128_CBC_SHA, TLS_DHE_RSA_WITH_AES_128_CBC_SHA, TLS_DHE_DSS_WITH_AES_128_CBC_SHA, TLS_EMPTY_RENEGOTIATION_INFO_SCSV]
09:06:18.937 [pool-1-thread-4] DEBUG org.apache.http.conn.ssl.SSLConnectionSocketFactory - Starting handshake
09:06:18.937 [pool-1-thread-3] DEBUG org.apache.http.conn.ssl.SSLConnectionSocketFactory - Enabled cipher suites:[TLS_AES_128_GCM_SHA256, TLS_AES_256_GCM_SHA384, TLS_ECDHE_ECDSA_WITH_AES_256_GCM_SHA384, TLS_ECDHE_ECDSA_WITH_AES_128_GCM_SHA256, TLS_ECDHE_RSA_WITH_AES_256_GCM_SHA384, TLS_RSA_WITH_AES_256_GCM_SHA384, TLS_ECDH_ECDSA_WITH_AES_256_GCM_SHA384, TLS_ECDH_RSA_WITH_AES_256_GCM_SHA384, TLS_DHE_RSA_WITH_AES_256_GCM_SHA384, TLS_DHE_DSS_WITH_AES_256_GCM_SHA384, TLS_ECDHE_RSA_WITH_AES_128_GCM_SHA256, TLS_RSA_WITH_AES_128_GCM_SHA256, TLS_ECDH_ECDSA_WITH_AES_128_GCM_SHA256, TLS_ECDH_RSA_WITH_AES_128_GCM_SHA256, TLS_DHE_RSA_WITH_AES_128_GCM_SHA256, TLS_DHE_DSS_WITH_AES_128_GCM_SHA256, TLS_ECDHE_ECDSA_WITH_AES_256_CBC_SHA384, TLS_ECDHE_RSA_WITH_AES_256_CBC_SHA384, TLS_RSA_WITH_AES_256_CBC_SHA256, TLS_ECDH_ECDSA_WITH_AES_256_CBC_SHA384, TLS_ECDH_RSA_WITH_AES_256_CBC_SHA384, TLS_DHE_RSA_WITH_AES_256_CBC_SHA256, TLS_DHE_DSS_WITH_AES_256_CBC_SHA256, TLS_ECDHE_ECDSA_WITH_AES_256_CBC_SHA, TLS_ECDHE_RSA_WITH_AES_256_CBC_SHA, TLS_RSA_WITH_AES_256_CBC_SHA, TLS_ECDH_ECDSA_WITH_AES_256_CBC_SHA, TLS_ECDH_RSA_WITH_AES_256_CBC_SHA, TLS_DHE_RSA_WITH_AES_256_CBC_SHA, TLS_DHE_DSS_WITH_AES_256_CBC_SHA, TLS_ECDHE_ECDSA_WITH_AES_128_CBC_SHA256, TLS_ECDHE_RSA_WITH_AES_128_CBC_SHA256, TLS_RSA_WITH_AES_128_CBC_SHA256, TLS_ECDH_ECDSA_WITH_AES_128_CBC_SHA256, TLS_ECDH_RSA_WITH_AES_128_CBC_SHA256, TLS_DHE_RSA_WITH_AES_128_CBC_SHA256, TLS_DHE_DSS_WITH_AES_128_CBC_SHA256, TLS_ECDHE_ECDSA_WITH_AES_128_CBC_SHA, TLS_ECDHE_RSA_WITH_AES_128_CBC_SHA, TLS_RSA_WITH_AES_128_CBC_SHA, TLS_ECDH_ECDSA_WITH_AES_128_CBC_SHA, TLS_ECDH_RSA_WITH_AES_128_CBC_SHA, TLS_DHE_RSA_WITH_AES_128_CBC_SHA, TLS_DHE_DSS_WITH_AES_128_CBC_SHA, TLS_EMPTY_RENEGOTIATION_INFO_SCSV]
09:06:18.937 [pool-1-thread-1] DEBUG org.apache.http.conn.ssl.SSLConnectionSocketFactory - Starting handshake
09:06:18.937 [pool-1-thread-2] DEBUG org.apache.http.conn.ssl.SSLConnectionSocketFactory - Starting handshake
09:06:18.937 [pool-1-thread-3] DEBUG org.apache.http.conn.ssl.SSLConnectionSocketFactory - Starting handshake
09:06:19.379 [pool-1-thread-3] DEBUG org.apache.http.conn.ssl.SSLConnectionSocketFactory - Secure session established
09:06:19.379 [pool-1-thread-2] DEBUG org.apache.http.conn.ssl.SSLConnectionSocketFactory - Secure session established
09:06:19.379 [pool-1-thread-4] DEBUG org.apache.http.conn.ssl.SSLConnectionSocketFactory - Secure session established
09:06:19.379 [pool-1-thread-4] DEBUG org.apache.http.conn.ssl.SSLConnectionSocketFactory -  negotiated protocol: TLSv1.2
09:06:19.379 [pool-1-thread-1] DEBUG org.apache.http.conn.ssl.SSLConnectionSocketFactory - Secure session established
09:06:19.379 [pool-1-thread-3] DEBUG org.apache.http.conn.ssl.SSLConnectionSocketFactory -  negotiated protocol: TLSv1.2
09:06:19.379 [pool-1-thread-1] DEBUG org.apache.http.conn.ssl.SSLConnectionSocketFactory -  negotiated protocol: TLSv1.2
09:06:19.379 [pool-1-thread-2] DEBUG org.apache.http.conn.ssl.SSLConnectionSocketFactory -  negotiated protocol: TLSv1.2
09:06:19.379 [pool-1-thread-2] DEBUG org.apache.http.conn.ssl.SSLConnectionSocketFactory -  negotiated cipher suite: TLS_ECDHE_RSA_WITH_AES_128_GCM_SHA256
09:06:19.379 [pool-1-thread-4] DEBUG org.apache.http.conn.ssl.SSLConnectionSocketFactory -  negotiated cipher suite: TLS_ECDHE_RSA_WITH_AES_128_GCM_SHA256
09:06:19.379 [pool-1-thread-3] DEBUG org.apache.http.conn.ssl.SSLConnectionSocketFactory -  negotiated cipher suite: TLS_ECDHE_RSA_WITH_AES_128_GCM_SHA256
09:06:19.379 [pool-1-thread-1] DEBUG org.apache.http.conn.ssl.SSLConnectionSocketFactory -  negotiated cipher suite: TLS_ECDHE_RSA_WITH_AES_128_GCM_SHA256
09:06:19.379 [pool-1-thread-1] DEBUG org.apache.http.conn.ssl.SSLConnectionSocketFactory -  peer principal: CN=*.swagger.io
09:06:19.379 [pool-1-thread-2] DEBUG org.apache.http.conn.ssl.SSLConnectionSocketFactory -  peer principal: CN=*.swagger.io
09:06:19.379 [pool-1-thread-3] DEBUG org.apache.http.conn.ssl.SSLConnectionSocketFactory -  peer principal: CN=*.swagger.io
09:06:19.379 [pool-1-thread-4] DEBUG org.apache.http.conn.ssl.SSLConnectionSocketFactory -  peer principal: CN=*.swagger.io
09:06:19.379 [pool-1-thread-3] DEBUG org.apache.http.conn.ssl.SSLConnectionSocketFactory -  peer alternative names: [*.swagger.io]
09:06:19.379 [pool-1-thread-1] DEBUG org.apache.http.conn.ssl.SSLConnectionSocketFactory -  peer alternative names: [*.swagger.io]
09:06:19.379 [pool-1-thread-2] DEBUG org.apache.http.conn.ssl.SSLConnectionSocketFactory -  peer alternative names: [*.swagger.io]
09:06:19.379 [pool-1-thread-4] DEBUG org.apache.http.conn.ssl.SSLConnectionSocketFactory -  peer alternative names: [*.swagger.io]
09:06:19.379 [pool-1-thread-3] DEBUG org.apache.http.conn.ssl.SSLConnectionSocketFactory -  issuer principal: CN=Amazon RSA 2048 M02, O=Amazon, C=US
09:06:19.379 [pool-1-thread-1] DEBUG org.apache.http.conn.ssl.SSLConnectionSocketFactory -  issuer principal: CN=Amazon RSA 2048 M02, O=Amazon, C=US
09:06:19.379 [pool-1-thread-4] DEBUG org.apache.http.conn.ssl.SSLConnectionSocketFactory -  issuer principal: CN=Amazon RSA 2048 M02, O=Amazon, C=US
09:06:19.379 [pool-1-thread-2] DEBUG org.apache.http.conn.ssl.SSLConnectionSocketFactory -  issuer principal: CN=Amazon RSA 2048 M02, O=Amazon, C=US
09:06:19.379 [pool-1-thread-1] DEBUG org.apache.http.impl.conn.DefaultHttpClientConnectionOperator - Connection established 192.168.100.10:49671<->54.147.109.72:443
09:06:19.379 [pool-1-thread-2] DEBUG org.apache.http.impl.conn.DefaultHttpClientConnectionOperator - Connection established 192.168.100.10:49663<->54.147.109.72:443
09:06:19.379 [pool-1-thread-3] DEBUG org.apache.http.impl.conn.DefaultHttpClientConnectionOperator - Connection established 192.168.100.10:49662<->54.147.109.72:443
09:06:19.379 [pool-1-thread-4] DEBUG org.apache.http.impl.conn.DefaultHttpClientConnectionOperator - Connection established 192.168.100.10:49670<->54.147.109.72:443
09:06:19.379 [pool-1-thread-1] DEBUG org.apache.http.impl.conn.DefaultManagedHttpClientConnection - http-outgoing-1: set socket timeout to 30000
09:06:19.379 [pool-1-thread-2] DEBUG org.apache.http.impl.conn.DefaultManagedHttpClientConnection - http-outgoing-3: set socket timeout to 30000
09:06:19.379 [pool-1-thread-3] DEBUG org.apache.http.impl.conn.DefaultManagedHttpClientConnection - http-outgoing-0: set socket timeout to 30000
09:06:19.379 [pool-1-thread-2] DEBUG org.apache.http.impl.execchain.MainClientExec - Executing request POST /v2/user HTTP/1.1
09:06:19.379 [pool-1-thread-4] DEBUG org.apache.http.impl.conn.DefaultManagedHttpClientConnection - http-outgoing-2: set socket timeout to 30000
09:06:19.379 [pool-1-thread-1] DEBUG org.apache.http.impl.execchain.MainClientExec - Executing request POST /v2/user HTTP/1.1
09:06:19.379 [pool-1-thread-3] DEBUG org.apache.http.impl.execchain.MainClientExec - Executing request POST /v2/user HTTP/1.1
09:06:19.379 [pool-1-thread-2] DEBUG org.apache.http.impl.execchain.MainClientExec - Target auth state: UNCHALLENGED
09:06:19.379 [pool-1-thread-1] DEBUG org.apache.http.impl.execchain.MainClientExec - Target auth state: UNCHALLENGED
09:06:19.379 [pool-1-thread-4] DEBUG org.apache.http.impl.execchain.MainClientExec - Executing request POST /v2/user HTTP/1.1
09:06:19.379 [pool-1-thread-3] DEBUG org.apache.http.impl.execchain.MainClientExec - Target auth state: UNCHALLENGED
09:06:19.379 [pool-1-thread-4] DEBUG org.apache.http.impl.execchain.MainClientExec - Target auth state: UNCHALLENGED
09:06:19.379 [pool-1-thread-1] DEBUG org.apache.http.impl.execchain.MainClientExec - Proxy auth state: UNCHALLENGED
09:06:19.379 [pool-1-thread-3] DEBUG org.apache.http.impl.execchain.MainClientExec - Proxy auth state: UNCHALLENGED
09:06:19.379 [pool-1-thread-2] DEBUG org.apache.http.impl.execchain.MainClientExec - Proxy auth state: UNCHALLENGED
09:06:19.379 [pool-1-thread-4] DEBUG org.apache.http.impl.execchain.MainClientExec - Proxy auth state: UNCHALLENGED
09:06:19.379 [pool-1-thread-4] DEBUG org.apache.http.headers - http-outgoing-2 >> POST /v2/user HTTP/1.1
09:06:19.379 [pool-1-thread-1] DEBUG org.apache.http.headers - http-outgoing-1 >> POST /v2/user HTTP/1.1
09:06:19.379 [pool-1-thread-3] DEBUG org.apache.http.headers - http-outgoing-0 >> POST /v2/user HTTP/1.1
09:06:19.379 [pool-1-thread-2] DEBUG org.apache.http.headers - http-outgoing-3 >> POST /v2/user HTTP/1.1
09:06:19.379 [pool-1-thread-4] DEBUG org.apache.http.headers - http-outgoing-2 >> Content-Type: application/json; charset=UTF-8
09:06:19.379 [pool-1-thread-1] DEBUG org.apache.http.headers - http-outgoing-1 >> Content-Type: application/json; charset=UTF-8
09:06:19.379 [pool-1-thread-2] DEBUG org.apache.http.headers - http-outgoing-3 >> Content-Type: application/json; charset=UTF-8
09:06:19.379 [pool-1-thread-3] DEBUG org.apache.http.headers - http-outgoing-0 >> Content-Type: application/json; charset=UTF-8
09:06:19.379 [pool-1-thread-4] DEBUG org.apache.http.headers - http-outgoing-2 >> Content-Length: 145
09:06:19.379 [pool-1-thread-1] DEBUG org.apache.http.headers - http-outgoing-1 >> Content-Length: 145
09:06:19.379 [pool-1-thread-2] DEBUG org.apache.http.headers - http-outgoing-3 >> Content-Length: 145
09:06:19.379 [pool-1-thread-3] DEBUG org.apache.http.headers - http-outgoing-0 >> Content-Length: 145
09:06:19.379 [pool-1-thread-4] DEBUG org.apache.http.headers - http-outgoing-2 >> Host: petstore.swagger.io
09:06:19.379 [pool-1-thread-3] DEBUG org.apache.http.headers - http-outgoing-0 >> Host: petstore.swagger.io
09:06:19.379 [pool-1-thread-1] DEBUG org.apache.http.headers - http-outgoing-1 >> Host: petstore.swagger.io
09:06:19.379 [pool-1-thread-2] DEBUG org.apache.http.headers - http-outgoing-3 >> Host: petstore.swagger.io
09:06:19.379 [pool-1-thread-1] DEBUG org.apache.http.headers - http-outgoing-1 >> Connection: Keep-Alive
09:06:19.379 [pool-1-thread-4] DEBUG org.apache.http.headers - http-outgoing-2 >> Connection: Keep-Alive
09:06:19.379 [pool-1-thread-3] DEBUG org.apache.http.headers - http-outgoing-0 >> Connection: Keep-Alive
09:06:19.379 [pool-1-thread-1] DEBUG org.apache.http.headers - http-outgoing-1 >> User-Agent: Apache-HttpClient/4.5.13 (Java/11.0.9)
09:06:19.379 [pool-1-thread-2] DEBUG org.apache.http.headers - http-outgoing-3 >> Connection: Keep-Alive
09:06:19.379 [pool-1-thread-3] DEBUG org.apache.http.headers - http-outgoing-0 >> User-Agent: Apache-HttpClient/4.5.13 (Java/11.0.9)
09:06:19.379 [pool-1-thread-4] DEBUG org.apache.http.headers - http-outgoing-2 >> User-Agent: Apache-HttpClient/4.5.13 (Java/11.0.9)
09:06:19.379 [pool-1-thread-1] DEBUG org.apache.http.headers - http-outgoing-1 >> Accept-Encoding: gzip,deflate
09:06:19.379 [pool-1-thread-4] DEBUG org.apache.http.headers - http-outgoing-2 >> Accept-Encoding: gzip,deflate
09:06:19.379 [pool-1-thread-2] DEBUG org.apache.http.headers - http-outgoing-3 >> User-Agent: Apache-HttpClient/4.5.13 (Java/11.0.9)
09:06:19.379 [pool-1-thread-3] DEBUG org.apache.http.headers - http-outgoing-0 >> Accept-Encoding: gzip,deflate
09:06:19.379 [pool-1-thread-2] DEBUG org.apache.http.headers - http-outgoing-3 >> Accept-Encoding: gzip,deflate
09:06:19.379 [pool-1-thread-1] DEBUG org.apache.http.wire - http-outgoing-1 >> "POST /v2/user HTTP/1.1[\r][\n]"
09:06:19.379 [pool-1-thread-2] DEBUG org.apache.http.wire - http-outgoing-3 >> "POST /v2/user HTTP/1.1[\r][\n]"
09:06:19.379 [pool-1-thread-3] DEBUG org.apache.http.wire - http-outgoing-0 >> "POST /v2/user HTTP/1.1[\r][\n]"
09:06:19.379 [pool-1-thread-4] DEBUG org.apache.http.wire - http-outgoing-2 >> "POST /v2/user HTTP/1.1[\r][\n]"
09:06:19.379 [pool-1-thread-1] DEBUG org.apache.http.wire - http-outgoing-1 >> "Content-Type: application/json; charset=UTF-8[\r][\n]"
09:06:19.379 [pool-1-thread-2] DEBUG org.apache.http.wire - http-outgoing-3 >> "Content-Type: application/json; charset=UTF-8[\r][\n]"
09:06:19.379 [pool-1-thread-3] DEBUG org.apache.http.wire - http-outgoing-0 >> "Content-Type: application/json; charset=UTF-8[\r][\n]"
09:06:19.379 [pool-1-thread-4] DEBUG org.apache.http.wire - http-outgoing-2 >> "Content-Type: application/json; charset=UTF-8[\r][\n]"
09:06:19.379 [pool-1-thread-1] DEBUG org.apache.http.wire - http-outgoing-1 >> "Content-Length: 145[\r][\n]"
09:06:19.379 [pool-1-thread-2] DEBUG org.apache.http.wire - http-outgoing-3 >> "Content-Length: 145[\r][\n]"
09:06:19.379 [pool-1-thread-3] DEBUG org.apache.http.wire - http-outgoing-0 >> "Content-Length: 145[\r][\n]"
09:06:19.379 [pool-1-thread-4] DEBUG org.apache.http.wire - http-outgoing-2 >> "Content-Length: 145[\r][\n]"
09:06:19.379 [pool-1-thread-1] DEBUG org.apache.http.wire - http-outgoing-1 >> "Host: petstore.swagger.io[\r][\n]"
09:06:19.379 [pool-1-thread-2] DEBUG org.apache.http.wire - http-outgoing-3 >> "Host: petstore.swagger.io[\r][\n]"
09:06:19.379 [pool-1-thread-3] DEBUG org.apache.http.wire - http-outgoing-0 >> "Host: petstore.swagger.io[\r][\n]"
09:06:19.379 [pool-1-thread-4] DEBUG org.apache.http.wire - http-outgoing-2 >> "Host: petstore.swagger.io[\r][\n]"
09:06:19.379 [pool-1-thread-1] DEBUG org.apache.http.wire - http-outgoing-1 >> "Connection: Keep-Alive[\r][\n]"
09:06:19.379 [pool-1-thread-2] DEBUG org.apache.http.wire - http-outgoing-3 >> "Connection: Keep-Alive[\r][\n]"
09:06:19.379 [pool-1-thread-3] DEBUG org.apache.http.wire - http-outgoing-0 >> "Connection: Keep-Alive[\r][\n]"
09:06:19.379 [pool-1-thread-4] DEBUG org.apache.http.wire - http-outgoing-2 >> "Connection: Keep-Alive[\r][\n]"
09:06:19.379 [pool-1-thread-1] DEBUG org.apache.http.wire - http-outgoing-1 >> "User-Agent: Apache-HttpClient/4.5.13 (Java/11.0.9)[\r][\n]"
09:06:19.379 [pool-1-thread-1] DEBUG org.apache.http.wire - http-outgoing-1 >> "Accept-Encoding: gzip,deflate[\r][\n]"
09:06:19.379 [pool-1-thread-2] DEBUG org.apache.http.wire - http-outgoing-3 >> "User-Agent: Apache-HttpClient/4.5.13 (Java/11.0.9)[\r][\n]"
09:06:19.379 [pool-1-thread-3] DEBUG org.apache.http.wire - http-outgoing-0 >> "User-Agent: Apache-HttpClient/4.5.13 (Java/11.0.9)[\r][\n]"
09:06:19.379 [pool-1-thread-4] DEBUG org.apache.http.wire - http-outgoing-2 >> "User-Agent: Apache-HttpClient/4.5.13 (Java/11.0.9)[\r][\n]"
09:06:19.379 [pool-1-thread-1] DEBUG org.apache.http.wire - http-outgoing-1 >> "[\r][\n]"
09:06:19.379 [pool-1-thread-2] DEBUG org.apache.http.wire - http-outgoing-3 >> "Accept-Encoding: gzip,deflate[\r][\n]"
09:06:19.379 [pool-1-thread-3] DEBUG org.apache.http.wire - http-outgoing-0 >> "Accept-Encoding: gzip,deflate[\r][\n]"
09:06:19.379 [pool-1-thread-4] DEBUG org.apache.http.wire - http-outgoing-2 >> "Accept-Encoding: gzip,deflate[\r][\n]"
09:06:19.379 [pool-1-thread-2] DEBUG org.apache.http.wire - http-outgoing-3 >> "[\r][\n]"
09:06:19.379 [pool-1-thread-3] DEBUG org.apache.http.wire - http-outgoing-0 >> "[\r][\n]"
09:06:19.379 [pool-1-thread-1] DEBUG org.apache.http.wire - http-outgoing-1 >> "{"id":0,"username":"lgomez","firstName":"Luis","lastName":"Gomez","email":"lg@gmail.com","password":"pass123","phone":"099291555","userStatus":0}"
09:06:19.379 [pool-1-thread-4] DEBUG org.apache.http.wire - http-outgoing-2 >> "[\r][\n]"
09:06:19.379 [pool-1-thread-2] DEBUG org.apache.http.wire - http-outgoing-3 >> "{"id":0,"username":"lgomez","firstName":"Luis","lastName":"Gomez","email":"lg@gmail.com","password":"pass123","phone":"099291555","userStatus":0}"
09:06:19.379 [pool-1-thread-3] DEBUG org.apache.http.wire - http-outgoing-0 >> "{"id":0,"username":"lgomez","firstName":"Luis","lastName":"Gomez","email":"lg@gmail.com","password":"pass123","phone":"099291555","userStatus":0}"
09:06:19.379 [pool-1-thread-4] DEBUG org.apache.http.wire - http-outgoing-2 >> "{"id":0,"username":"lgomez","firstName":"Luis","lastName":"Gomez","email":"lg@gmail.com","password":"pass123","phone":"099291555","userStatus":0}"
09:06:19.480 [pool-1-thread-4] DEBUG org.apache.http.wire - http-outgoing-2 << "HTTP/1.1 200 OK[\r][\n]"
09:06:19.480 [pool-1-thread-1] DEBUG org.apache.http.wire - http-outgoing-1 << "HTTP/1.1 200 OK[\r][\n]"
09:06:19.480 [pool-1-thread-3] DEBUG org.apache.http.wire - http-outgoing-0 << "HTTP/1.1 200 OK[\r][\n]"
09:06:19.480 [pool-1-thread-2] DEBUG org.apache.http.wire - http-outgoing-3 << "HTTP/1.1 200 OK[\r][\n]"
09:06:19.480 [pool-1-thread-4] DEBUG org.apache.http.wire - http-outgoing-2 << "Date: Mon, 07 Aug 2023 14:06:20 GMT[\r][\n]"
09:06:19.480 [pool-1-thread-1] DEBUG org.apache.http.wire - http-outgoing-1 << "Date: Mon, 07 Aug 2023 14:06:20 GMT[\r][\n]"
09:06:19.480 [pool-1-thread-3] DEBUG org.apache.http.wire - http-outgoing-0 << "Date: Mon, 07 Aug 2023 14:06:20 GMT[\r][\n]"
09:06:19.480 [pool-1-thread-2] DEBUG org.apache.http.wire - http-outgoing-3 << "Date: Mon, 07 Aug 2023 14:06:20 GMT[\r][\n]"
09:06:19.480 [pool-1-thread-4] DEBUG org.apache.http.wire - http-outgoing-2 << "Content-Type: application/json[\r][\n]"
09:06:19.480 [pool-1-thread-1] DEBUG org.apache.http.wire - http-outgoing-1 << "Content-Type: application/json[\r][\n]"
09:06:19.480 [pool-1-thread-3] DEBUG org.apache.http.wire - http-outgoing-0 << "Content-Type: application/json[\r][\n]"
09:06:19.480 [pool-1-thread-2] DEBUG org.apache.http.wire - http-outgoing-3 << "Content-Type: application/json[\r][\n]"
09:06:19.480 [pool-1-thread-4] DEBUG org.apache.http.wire - http-outgoing-2 << "Transfer-Encoding: chunked[\r][\n]"
09:06:19.480 [pool-1-thread-1] DEBUG org.apache.http.wire - http-outgoing-1 << "Transfer-Encoding: chunked[\r][\n]"
09:06:19.480 [pool-1-thread-3] DEBUG org.apache.http.wire - http-outgoing-0 << "Transfer-Encoding: chunked[\r][\n]"
09:06:19.480 [pool-1-thread-2] DEBUG org.apache.http.wire - http-outgoing-3 << "Transfer-Encoding: chunked[\r][\n]"
09:06:19.480 [pool-1-thread-4] DEBUG org.apache.http.wire - http-outgoing-2 << "Connection: keep-alive[\r][\n]"
09:06:19.480 [pool-1-thread-1] DEBUG org.apache.http.wire - http-outgoing-1 << "Connection: keep-alive[\r][\n]"
09:06:19.480 [pool-1-thread-3] DEBUG org.apache.http.wire - http-outgoing-0 << "Connection: keep-alive[\r][\n]"
09:06:19.480 [pool-1-thread-2] DEBUG org.apache.http.wire - http-outgoing-3 << "Connection: keep-alive[\r][\n]"
09:06:19.480 [pool-1-thread-4] DEBUG org.apache.http.wire - http-outgoing-2 << "Access-Control-Allow-Origin: *[\r][\n]"
09:06:19.480 [pool-1-thread-1] DEBUG org.apache.http.wire - http-outgoing-1 << "Access-Control-Allow-Origin: *[\r][\n]"
09:06:19.480 [pool-1-thread-3] DEBUG org.apache.http.wire - http-outgoing-0 << "Access-Control-Allow-Origin: *[\r][\n]"
09:06:19.480 [pool-1-thread-2] DEBUG org.apache.http.wire - http-outgoing-3 << "Access-Control-Allow-Origin: *[\r][\n]"
09:06:19.480 [pool-1-thread-2] DEBUG org.apache.http.wire - http-outgoing-3 << "Access-Control-Allow-Methods: GET, POST, DELETE, PUT[\r][\n]"
09:06:19.480 [pool-1-thread-4] DEBUG org.apache.http.wire - http-outgoing-2 << "Access-Control-Allow-Methods: GET, POST, DELETE, PUT[\r][\n]"
09:06:19.480 [pool-1-thread-1] DEBUG org.apache.http.wire - http-outgoing-1 << "Access-Control-Allow-Methods: GET, POST, DELETE, PUT[\r][\n]"
09:06:19.480 [pool-1-thread-3] DEBUG org.apache.http.wire - http-outgoing-0 << "Access-Control-Allow-Methods: GET, POST, DELETE, PUT[\r][\n]"
09:06:19.480 [pool-1-thread-2] DEBUG org.apache.http.wire - http-outgoing-3 << "Access-Control-Allow-Headers: Content-Type, api_key, Authorization[\r][\n]"
09:06:19.480 [pool-1-thread-4] DEBUG org.apache.http.wire - http-outgoing-2 << "Access-Control-Allow-Headers: Content-Type, api_key, Authorization[\r][\n]"
09:06:19.480 [pool-1-thread-1] DEBUG org.apache.http.wire - http-outgoing-1 << "Access-Control-Allow-Headers: Content-Type, api_key, Authorization[\r][\n]"
09:06:19.480 [pool-1-thread-3] DEBUG org.apache.http.wire - http-outgoing-0 << "Access-Control-Allow-Headers: Content-Type, api_key, Authorization[\r][\n]"
09:06:19.480 [pool-1-thread-2] DEBUG org.apache.http.wire - http-outgoing-3 << "Server: Jetty(9.2.9.v20150224)[\r][\n]"
09:06:19.480 [pool-1-thread-4] DEBUG org.apache.http.wire - http-outgoing-2 << "Server: Jetty(9.2.9.v20150224)[\r][\n]"
09:06:19.480 [pool-1-thread-1] DEBUG org.apache.http.wire - http-outgoing-1 << "Server: Jetty(9.2.9.v20150224)[\r][\n]"
09:06:19.480 [pool-1-thread-3] DEBUG org.apache.http.wire - http-outgoing-0 << "Server: Jetty(9.2.9.v20150224)[\r][\n]"
09:06:19.480 [pool-1-thread-2] DEBUG org.apache.http.wire - http-outgoing-3 << "[\r][\n]"
09:06:19.480 [pool-1-thread-4] DEBUG org.apache.http.wire - http-outgoing-2 << "[\r][\n]"
09:06:19.480 [pool-1-thread-1] DEBUG org.apache.http.wire - http-outgoing-1 << "[\r][\n]"
09:06:19.480 [pool-1-thread-1] DEBUG org.apache.http.wire - http-outgoing-1 << "3d[\r][\n]"
09:06:19.480 [pool-1-thread-3] DEBUG org.apache.http.wire - http-outgoing-0 << "[\r][\n]"
09:06:19.480 [pool-1-thread-2] DEBUG org.apache.http.wire - http-outgoing-3 << "3d[\r][\n]"
09:06:19.480 [pool-1-thread-4] DEBUG org.apache.http.wire - http-outgoing-2 << "3d[\r][\n]"
09:06:19.480 [pool-1-thread-1] DEBUG org.apache.http.wire - http-outgoing-1 << "{"code":200,"type":"unknown","message":"9223372036854768238"}[\r][\n]"
09:06:19.480 [pool-1-thread-3] DEBUG org.apache.http.wire - http-outgoing-0 << "3d[\r][\n]"
09:06:19.480 [pool-1-thread-2] DEBUG org.apache.http.wire - http-outgoing-3 << "{"code":200,"type":"unknown","message":"9223372036854768236"}[\r][\n]"
09:06:19.480 [pool-1-thread-4] DEBUG org.apache.http.wire - http-outgoing-2 << "{"code":200,"type":"unknown","message":"9223372036854768236"}[\r][\n]"
09:06:19.480 [pool-1-thread-3] DEBUG org.apache.http.wire - http-outgoing-0 << "{"code":200,"type":"unknown","message":"9223372036854768237"}[\r][\n]"
09:06:19.495 [pool-1-thread-1] DEBUG org.apache.http.headers - http-outgoing-1 << HTTP/1.1 200 OK
09:06:19.495 [pool-1-thread-4] DEBUG org.apache.http.headers - http-outgoing-2 << HTTP/1.1 200 OK
09:06:19.495 [pool-1-thread-3] DEBUG org.apache.http.headers - http-outgoing-0 << HTTP/1.1 200 OK
09:06:19.495 [pool-1-thread-2] DEBUG org.apache.http.headers - http-outgoing-3 << HTTP/1.1 200 OK
09:06:19.495 [pool-1-thread-1] DEBUG org.apache.http.headers - http-outgoing-1 << Date: Mon, 07 Aug 2023 14:06:20 GMT
09:06:19.495 [pool-1-thread-4] DEBUG org.apache.http.headers - http-outgoing-2 << Date: Mon, 07 Aug 2023 14:06:20 GMT
09:06:19.495 [pool-1-thread-3] DEBUG org.apache.http.headers - http-outgoing-0 << Date: Mon, 07 Aug 2023 14:06:20 GMT
09:06:19.495 [pool-1-thread-1] DEBUG org.apache.http.headers - http-outgoing-1 << Content-Type: application/json
09:06:19.495 [pool-1-thread-2] DEBUG org.apache.http.headers - http-outgoing-3 << Date: Mon, 07 Aug 2023 14:06:20 GMT
09:06:19.495 [pool-1-thread-4] DEBUG org.apache.http.headers - http-outgoing-2 << Content-Type: application/json
09:06:19.495 [pool-1-thread-3] DEBUG org.apache.http.headers - http-outgoing-0 << Content-Type: application/json
09:06:19.495 [pool-1-thread-1] DEBUG org.apache.http.headers - http-outgoing-1 << Transfer-Encoding: chunked
09:06:19.495 [pool-1-thread-2] DEBUG org.apache.http.headers - http-outgoing-3 << Content-Type: application/json
09:06:19.495 [pool-1-thread-4] DEBUG org.apache.http.headers - http-outgoing-2 << Transfer-Encoding: chunked
09:06:19.495 [pool-1-thread-3] DEBUG org.apache.http.headers - http-outgoing-0 << Transfer-Encoding: chunked
09:06:19.495 [pool-1-thread-1] DEBUG org.apache.http.headers - http-outgoing-1 << Connection: keep-alive
09:06:19.495 [pool-1-thread-2] DEBUG org.apache.http.headers - http-outgoing-3 << Transfer-Encoding: chunked
09:06:19.495 [pool-1-thread-4] DEBUG org.apache.http.headers - http-outgoing-2 << Connection: keep-alive
09:06:19.495 [pool-1-thread-3] DEBUG org.apache.http.headers - http-outgoing-0 << Connection: keep-alive
09:06:19.495 [pool-1-thread-3] DEBUG org.apache.http.headers - http-outgoing-0 << Access-Control-Allow-Origin: *
09:06:19.495 [pool-1-thread-1] DEBUG org.apache.http.headers - http-outgoing-1 << Access-Control-Allow-Origin: *
09:06:19.495 [pool-1-thread-4] DEBUG org.apache.http.headers - http-outgoing-2 << Access-Control-Allow-Origin: *
09:06:19.495 [pool-1-thread-3] DEBUG org.apache.http.headers - http-outgoing-0 << Access-Control-Allow-Methods: GET, POST, DELETE, PUT
09:06:19.495 [pool-1-thread-3] DEBUG org.apache.http.headers - http-outgoing-0 << Access-Control-Allow-Headers: Content-Type, api_key, Authorization
09:06:19.495 [pool-1-thread-2] DEBUG org.apache.http.headers - http-outgoing-3 << Connection: keep-alive
09:06:19.495 [pool-1-thread-1] DEBUG org.apache.http.headers - http-outgoing-1 << Access-Control-Allow-Methods: GET, POST, DELETE, PUT
09:06:19.495 [pool-1-thread-4] DEBUG org.apache.http.headers - http-outgoing-2 << Access-Control-Allow-Methods: GET, POST, DELETE, PUT
09:06:19.495 [pool-1-thread-3] DEBUG org.apache.http.headers - http-outgoing-0 << Server: Jetty(9.2.9.v20150224)
09:06:19.495 [pool-1-thread-2] DEBUG org.apache.http.headers - http-outgoing-3 << Access-Control-Allow-Origin: *
09:06:19.495 [pool-1-thread-1] DEBUG org.apache.http.headers - http-outgoing-1 << Access-Control-Allow-Headers: Content-Type, api_key, Authorization
09:06:19.495 [pool-1-thread-4] DEBUG org.apache.http.headers - http-outgoing-2 << Access-Control-Allow-Headers: Content-Type, api_key, Authorization
09:06:19.495 [pool-1-thread-2] DEBUG org.apache.http.headers - http-outgoing-3 << Access-Control-Allow-Methods: GET, POST, DELETE, PUT
09:06:19.495 [pool-1-thread-1] DEBUG org.apache.http.headers - http-outgoing-1 << Server: Jetty(9.2.9.v20150224)
09:06:19.495 [pool-1-thread-4] DEBUG org.apache.http.headers - http-outgoing-2 << Server: Jetty(9.2.9.v20150224)
09:06:19.495 [pool-1-thread-2] DEBUG org.apache.http.headers - http-outgoing-3 << Access-Control-Allow-Headers: Content-Type, api_key, Authorization
09:06:19.495 [pool-1-thread-2] DEBUG org.apache.http.headers - http-outgoing-3 << Server: Jetty(9.2.9.v20150224)
09:06:19.495 [pool-1-thread-2] DEBUG org.apache.http.impl.execchain.MainClientExec - Connection can be kept alive indefinitely
09:06:19.495 [pool-1-thread-1] DEBUG org.apache.http.impl.execchain.MainClientExec - Connection can be kept alive indefinitely
09:06:19.495 [pool-1-thread-4] DEBUG org.apache.http.impl.execchain.MainClientExec - Connection can be kept alive indefinitely
09:06:19.495 [pool-1-thread-3] DEBUG org.apache.http.impl.execchain.MainClientExec - Connection can be kept alive indefinitely
09:06:19.511 [pool-1-thread-1] DEBUG org.apache.http.wire - http-outgoing-1 << "0[\r][\n]"
09:06:19.511 [pool-1-thread-4] DEBUG org.apache.http.wire - http-outgoing-2 << "0[\r][\n]"
09:06:19.511 [pool-1-thread-3] DEBUG org.apache.http.wire - http-outgoing-0 << "0[\r][\n]"
09:06:19.511 [pool-1-thread-2] DEBUG org.apache.http.wire - http-outgoing-3 << "0[\r][\n]"
09:06:19.511 [pool-1-thread-1] DEBUG org.apache.http.wire - http-outgoing-1 << "[\r][\n]"
09:06:19.511 [pool-1-thread-4] DEBUG org.apache.http.wire - http-outgoing-2 << "[\r][\n]"
09:06:19.511 [pool-1-thread-3] DEBUG org.apache.http.wire - http-outgoing-0 << "[\r][\n]"
09:06:19.511 [pool-1-thread-2] DEBUG org.apache.http.wire - http-outgoing-3 << "[\r][\n]"
09:06:19.511 [pool-1-thread-1] DEBUG org.apache.http.impl.conn.PoolingHttpClientConnectionManager - Connection [id: 1][route: {s}->https://petstore.swagger.io:443] can be kept alive indefinitely
09:06:19.511 [pool-1-thread-3] DEBUG org.apache.http.impl.conn.PoolingHttpClientConnectionManager - Connection [id: 0][route: {s}->https://petstore.swagger.io:443] can be kept alive indefinitely
09:06:19.511 [pool-1-thread-4] DEBUG org.apache.http.impl.conn.PoolingHttpClientConnectionManager - Connection [id: 2][route: {s}->https://petstore.swagger.io:443] can be kept alive indefinitely
09:06:19.511 [pool-1-thread-2] DEBUG org.apache.http.impl.conn.PoolingHttpClientConnectionManager - Connection [id: 3][route: {s}->https://petstore.swagger.io:443] can be kept alive indefinitely
09:06:19.511 [pool-1-thread-1] DEBUG org.apache.http.impl.conn.DefaultManagedHttpClientConnection - http-outgoing-1: set socket timeout to 0
09:06:19.511 [pool-1-thread-3] DEBUG org.apache.http.impl.conn.DefaultManagedHttpClientConnection - http-outgoing-0: set socket timeout to 0
09:06:19.511 [pool-1-thread-4] DEBUG org.apache.http.impl.conn.DefaultManagedHttpClientConnection - http-outgoing-2: set socket timeout to 0
09:06:19.511 [pool-1-thread-2] DEBUG org.apache.http.impl.conn.DefaultManagedHttpClientConnection - http-outgoing-3: set socket timeout to 0
09:06:19.511 [pool-1-thread-3] DEBUG org.apache.http.impl.conn.PoolingHttpClientConnectionManager - Connection released: [id: 0][route: {s}->https://petstore.swagger.io:443][total available: 1; route allocated: 1 of 5; total allocated: 1 of 10]
09:06:19.511 [pool-1-thread-4] DEBUG org.apache.http.impl.conn.PoolingHttpClientConnectionManager - Connection released: [id: 2][route: {s}->https://petstore.swagger.io:443][total available: 1; route allocated: 1 of 5; total allocated: 1 of 10]
09:06:19.511 [pool-1-thread-2] DEBUG org.apache.http.impl.conn.PoolingHttpClientConnectionManager - Connection released: [id: 3][route: {s}->https://petstore.swagger.io:443][total available: 1; route allocated: 1 of 5; total allocated: 1 of 10]
09:06:19.511 [pool-1-thread-1] DEBUG org.apache.http.impl.conn.PoolingHttpClientConnectionManager - Connection released: [id: 1][route: {s}->https://petstore.swagger.io:443][total available: 1; route allocated: 1 of 5; total allocated: 1 of 10]
09:06:19.511 [pool-1-thread-1] DEBUG com.intuit.karate - response time in milliseconds: 859
1 < 200
1 < Date: Mon, 07 Aug 2023 14:06:20 GMT
1 < Content-Type: application/json
1 < Transfer-Encoding: chunked
1 < Connection: keep-alive
1 < Access-Control-Allow-Origin: *
1 < Access-Control-Allow-Methods: GET, POST, DELETE, PUT
1 < Access-Control-Allow-Headers: Content-Type, api_key, Authorization
1 < Server: Jetty(9.2.9.v20150224)
{"code":200,"type":"unknown","message":"9223372036854768238"}

09:06:19.511 [pool-1-thread-4] DEBUG com.intuit.karate - response time in milliseconds: 859
1 < 200
1 < Date: Mon, 07 Aug 2023 14:06:20 GMT
1 < Content-Type: application/json
1 < Transfer-Encoding: chunked
1 < Connection: keep-alive
1 < Access-Control-Allow-Origin: *
1 < Access-Control-Allow-Methods: GET, POST, DELETE, PUT
1 < Access-Control-Allow-Headers: Content-Type, api_key, Authorization
1 < Server: Jetty(9.2.9.v20150224)
{"code":200,"type":"unknown","message":"9223372036854768236"}

09:06:19.511 [pool-1-thread-3] DEBUG com.intuit.karate - response time in milliseconds: 859
1 < 200
1 < Date: Mon, 07 Aug 2023 14:06:20 GMT
1 < Content-Type: application/json
1 < Transfer-Encoding: chunked
1 < Connection: keep-alive
1 < Access-Control-Allow-Origin: *
1 < Access-Control-Allow-Methods: GET, POST, DELETE, PUT
1 < Access-Control-Allow-Headers: Content-Type, api_key, Authorization
1 < Server: Jetty(9.2.9.v20150224)
{"code":200,"type":"unknown","message":"9223372036854768237"}

09:06:19.511 [pool-1-thread-2] DEBUG com.intuit.karate - response time in milliseconds: 859
1 < 200
1 < Date: Mon, 07 Aug 2023 14:06:20 GMT
1 < Content-Type: application/json
1 < Transfer-Encoding: chunked
1 < Connection: keep-alive
1 < Access-Control-Allow-Origin: *
1 < Access-Control-Allow-Methods: GET, POST, DELETE, PUT
1 < Access-Control-Allow-Headers: Content-Type, api_key, Authorization
1 < Server: Jetty(9.2.9.v20150224)
{"code":200,"type":"unknown","message":"9223372036854768236"}

09:06:19.549 [pool-1-thread-1] DEBUG org.apache.http.client.protocol.RequestAddCookies - CookieSpec selected: karate
09:06:19.549 [pool-1-thread-2] DEBUG org.apache.http.client.protocol.RequestAddCookies - CookieSpec selected: karate
09:06:19.549 [pool-1-thread-4] DEBUG org.apache.http.client.protocol.RequestAddCookies - CookieSpec selected: karate
09:06:19.549 [pool-1-thread-3] DEBUG org.apache.http.client.protocol.RequestAddCookies - CookieSpec selected: karate
09:06:19.549 [pool-1-thread-1] DEBUG org.apache.http.client.protocol.RequestAuthCache - Auth cache not set in the context
09:06:19.549 [pool-1-thread-2] DEBUG org.apache.http.client.protocol.RequestAuthCache - Auth cache not set in the context
09:06:19.549 [pool-1-thread-4] DEBUG org.apache.http.client.protocol.RequestAuthCache - Auth cache not set in the context
09:06:19.549 [pool-1-thread-3] DEBUG org.apache.http.client.protocol.RequestAuthCache - Auth cache not set in the context
09:06:19.549 [pool-1-thread-2] DEBUG com.intuit.karate - request:
1 > GET https://petstore.swagger.io/v2/user/lgomez
1 > Host: petstore.swagger.io
1 > Connection: Keep-Alive
1 > User-Agent: Apache-HttpClient/4.5.13 (Java/11.0.9)
1 > Accept-Encoding: gzip,deflate


09:06:19.549 [pool-1-thread-1] DEBUG com.intuit.karate - request:
1 > GET https://petstore.swagger.io/v2/user/lgomez
1 > Host: petstore.swagger.io
1 > Connection: Keep-Alive
1 > User-Agent: Apache-HttpClient/4.5.13 (Java/11.0.9)
1 > Accept-Encoding: gzip,deflate


09:06:19.549 [pool-1-thread-4] DEBUG com.intuit.karate - request:
1 > GET https://petstore.swagger.io/v2/user/lgomez
1 > Host: petstore.swagger.io
1 > Connection: Keep-Alive
1 > User-Agent: Apache-HttpClient/4.5.13 (Java/11.0.9)
1 > Accept-Encoding: gzip,deflate


09:06:19.549 [pool-1-thread-3] DEBUG com.intuit.karate - request:
1 > GET https://petstore.swagger.io/v2/user/lgomez
1 > Host: petstore.swagger.io
1 > Connection: Keep-Alive
1 > User-Agent: Apache-HttpClient/4.5.13 (Java/11.0.9)
1 > Accept-Encoding: gzip,deflate


09:06:19.549 [pool-1-thread-3] DEBUG org.apache.http.impl.conn.PoolingHttpClientConnectionManager - Connection request: [route: {s}->https://petstore.swagger.io:443][total available: 0; route allocated: 0 of 5; total allocated: 0 of 10]
09:06:19.549 [pool-1-thread-4] DEBUG org.apache.http.impl.conn.PoolingHttpClientConnectionManager - Connection request: [route: {s}->https://petstore.swagger.io:443][total available: 0; route allocated: 0 of 5; total allocated: 0 of 10]
09:06:19.549 [pool-1-thread-1] DEBUG org.apache.http.impl.conn.PoolingHttpClientConnectionManager - Connection request: [route: {s}->https://petstore.swagger.io:443][total available: 0; route allocated: 0 of 5; total allocated: 0 of 10]
09:06:19.549 [pool-1-thread-2] DEBUG org.apache.http.impl.conn.PoolingHttpClientConnectionManager - Connection request: [route: {s}->https://petstore.swagger.io:443][total available: 0; route allocated: 0 of 5; total allocated: 0 of 10]
09:06:19.549 [pool-1-thread-1] DEBUG org.apache.http.impl.conn.PoolingHttpClientConnectionManager - Connection leased: [id: 6][route: {s}->https://petstore.swagger.io:443][total available: 0; route allocated: 1 of 5; total allocated: 1 of 10]
09:06:19.549 [pool-1-thread-4] DEBUG org.apache.http.impl.conn.PoolingHttpClientConnectionManager - Connection leased: [id: 4][route: {s}->https://petstore.swagger.io:443][total available: 0; route allocated: 1 of 5; total allocated: 1 of 10]
09:06:19.549 [pool-1-thread-3] DEBUG org.apache.http.impl.conn.PoolingHttpClientConnectionManager - Connection leased: [id: 5][route: {s}->https://petstore.swagger.io:443][total available: 0; route allocated: 1 of 5; total allocated: 1 of 10]
09:06:19.549 [pool-1-thread-2] DEBUG org.apache.http.impl.conn.PoolingHttpClientConnectionManager - Connection leased: [id: 7][route: {s}->https://petstore.swagger.io:443][total available: 0; route allocated: 1 of 5; total allocated: 1 of 10]
09:06:19.549 [pool-1-thread-1] DEBUG org.apache.http.impl.execchain.MainClientExec - Opening connection {s}->https://petstore.swagger.io:443
09:06:19.549 [pool-1-thread-4] DEBUG org.apache.http.impl.execchain.MainClientExec - Opening connection {s}->https://petstore.swagger.io:443
09:06:19.549 [pool-1-thread-3] DEBUG org.apache.http.impl.execchain.MainClientExec - Opening connection {s}->https://petstore.swagger.io:443
09:06:19.549 [pool-1-thread-2] DEBUG org.apache.http.impl.execchain.MainClientExec - Opening connection {s}->https://petstore.swagger.io:443
09:06:19.549 [pool-1-thread-3] DEBUG org.apache.http.impl.conn.DefaultHttpClientConnectionOperator - Connecting to petstore.swagger.io/54.147.109.72:443
09:06:19.549 [pool-1-thread-1] DEBUG org.apache.http.impl.conn.DefaultHttpClientConnectionOperator - Connecting to petstore.swagger.io/54.147.109.72:443
09:06:19.549 [pool-1-thread-1] DEBUG org.apache.http.conn.ssl.SSLConnectionSocketFactory - Connecting socket to petstore.swagger.io/54.147.109.72:443 with timeout 30000
09:06:19.549 [pool-1-thread-4] DEBUG org.apache.http.impl.conn.DefaultHttpClientConnectionOperator - Connecting to petstore.swagger.io/54.147.109.72:443
09:06:19.549 [pool-1-thread-2] DEBUG org.apache.http.impl.conn.DefaultHttpClientConnectionOperator - Connecting to petstore.swagger.io/54.147.109.72:443
09:06:19.549 [pool-1-thread-3] DEBUG org.apache.http.conn.ssl.SSLConnectionSocketFactory - Connecting socket to petstore.swagger.io/54.147.109.72:443 with timeout 30000
09:06:19.549 [pool-1-thread-4] DEBUG org.apache.http.conn.ssl.SSLConnectionSocketFactory - Connecting socket to petstore.swagger.io/54.147.109.72:443 with timeout 30000
09:06:19.549 [pool-1-thread-2] DEBUG org.apache.http.conn.ssl.SSLConnectionSocketFactory - Connecting socket to petstore.swagger.io/54.147.109.72:443 with timeout 30000
09:06:19.680 [pool-1-thread-2] DEBUG org.apache.http.conn.ssl.SSLConnectionSocketFactory - Enabled protocols: [TLSv1.3, TLSv1.2, TLSv1.1, TLSv1]
09:06:19.680 [pool-1-thread-4] DEBUG org.apache.http.conn.ssl.SSLConnectionSocketFactory - Enabled protocols: [TLSv1.3, TLSv1.2, TLSv1.1, TLSv1]
09:06:19.680 [pool-1-thread-1] DEBUG org.apache.http.conn.ssl.SSLConnectionSocketFactory - Enabled protocols: [TLSv1.3, TLSv1.2, TLSv1.1, TLSv1]
09:06:19.680 [pool-1-thread-4] DEBUG org.apache.http.conn.ssl.SSLConnectionSocketFactory - Enabled cipher suites:[TLS_AES_128_GCM_SHA256, TLS_AES_256_GCM_SHA384, TLS_ECDHE_ECDSA_WITH_AES_256_GCM_SHA384, TLS_ECDHE_ECDSA_WITH_AES_128_GCM_SHA256, TLS_ECDHE_RSA_WITH_AES_256_GCM_SHA384, TLS_RSA_WITH_AES_256_GCM_SHA384, TLS_ECDH_ECDSA_WITH_AES_256_GCM_SHA384, TLS_ECDH_RSA_WITH_AES_256_GCM_SHA384, TLS_DHE_RSA_WITH_AES_256_GCM_SHA384, TLS_DHE_DSS_WITH_AES_256_GCM_SHA384, TLS_ECDHE_RSA_WITH_AES_128_GCM_SHA256, TLS_RSA_WITH_AES_128_GCM_SHA256, TLS_ECDH_ECDSA_WITH_AES_128_GCM_SHA256, TLS_ECDH_RSA_WITH_AES_128_GCM_SHA256, TLS_DHE_RSA_WITH_AES_128_GCM_SHA256, TLS_DHE_DSS_WITH_AES_128_GCM_SHA256, TLS_ECDHE_ECDSA_WITH_AES_256_CBC_SHA384, TLS_ECDHE_RSA_WITH_AES_256_CBC_SHA384, TLS_RSA_WITH_AES_256_CBC_SHA256, TLS_ECDH_ECDSA_WITH_AES_256_CBC_SHA384, TLS_ECDH_RSA_WITH_AES_256_CBC_SHA384, TLS_DHE_RSA_WITH_AES_256_CBC_SHA256, TLS_DHE_DSS_WITH_AES_256_CBC_SHA256, TLS_ECDHE_ECDSA_WITH_AES_256_CBC_SHA, TLS_ECDHE_RSA_WITH_AES_256_CBC_SHA, TLS_RSA_WITH_AES_256_CBC_SHA, TLS_ECDH_ECDSA_WITH_AES_256_CBC_SHA, TLS_ECDH_RSA_WITH_AES_256_CBC_SHA, TLS_DHE_RSA_WITH_AES_256_CBC_SHA, TLS_DHE_DSS_WITH_AES_256_CBC_SHA, TLS_ECDHE_ECDSA_WITH_AES_128_CBC_SHA256, TLS_ECDHE_RSA_WITH_AES_128_CBC_SHA256, TLS_RSA_WITH_AES_128_CBC_SHA256, TLS_ECDH_ECDSA_WITH_AES_128_CBC_SHA256, TLS_ECDH_RSA_WITH_AES_128_CBC_SHA256, TLS_DHE_RSA_WITH_AES_128_CBC_SHA256, TLS_DHE_DSS_WITH_AES_128_CBC_SHA256, TLS_ECDHE_ECDSA_WITH_AES_128_CBC_SHA, TLS_ECDHE_RSA_WITH_AES_128_CBC_SHA, TLS_RSA_WITH_AES_128_CBC_SHA, TLS_ECDH_ECDSA_WITH_AES_128_CBC_SHA, TLS_ECDH_RSA_WITH_AES_128_CBC_SHA, TLS_DHE_RSA_WITH_AES_128_CBC_SHA, TLS_DHE_DSS_WITH_AES_128_CBC_SHA, TLS_EMPTY_RENEGOTIATION_INFO_SCSV]
09:06:19.680 [pool-1-thread-4] DEBUG org.apache.http.conn.ssl.SSLConnectionSocketFactory - Starting handshake
09:06:19.680 [pool-1-thread-3] DEBUG org.apache.http.conn.ssl.SSLConnectionSocketFactory - Enabled protocols: [TLSv1.3, TLSv1.2, TLSv1.1, TLSv1]
09:06:19.680 [pool-1-thread-2] DEBUG org.apache.http.conn.ssl.SSLConnectionSocketFactory - Enabled cipher suites:[TLS_AES_128_GCM_SHA256, TLS_AES_256_GCM_SHA384, TLS_ECDHE_ECDSA_WITH_AES_256_GCM_SHA384, TLS_ECDHE_ECDSA_WITH_AES_128_GCM_SHA256, TLS_ECDHE_RSA_WITH_AES_256_GCM_SHA384, TLS_RSA_WITH_AES_256_GCM_SHA384, TLS_ECDH_ECDSA_WITH_AES_256_GCM_SHA384, TLS_ECDH_RSA_WITH_AES_256_GCM_SHA384, TLS_DHE_RSA_WITH_AES_256_GCM_SHA384, TLS_DHE_DSS_WITH_AES_256_GCM_SHA384, TLS_ECDHE_RSA_WITH_AES_128_GCM_SHA256, TLS_RSA_WITH_AES_128_GCM_SHA256, TLS_ECDH_ECDSA_WITH_AES_128_GCM_SHA256, TLS_ECDH_RSA_WITH_AES_128_GCM_SHA256, TLS_DHE_RSA_WITH_AES_128_GCM_SHA256, TLS_DHE_DSS_WITH_AES_128_GCM_SHA256, TLS_ECDHE_ECDSA_WITH_AES_256_CBC_SHA384, TLS_ECDHE_RSA_WITH_AES_256_CBC_SHA384, TLS_RSA_WITH_AES_256_CBC_SHA256, TLS_ECDH_ECDSA_WITH_AES_256_CBC_SHA384, TLS_ECDH_RSA_WITH_AES_256_CBC_SHA384, TLS_DHE_RSA_WITH_AES_256_CBC_SHA256, TLS_DHE_DSS_WITH_AES_256_CBC_SHA256, TLS_ECDHE_ECDSA_WITH_AES_256_CBC_SHA, TLS_ECDHE_RSA_WITH_AES_256_CBC_SHA, TLS_RSA_WITH_AES_256_CBC_SHA, TLS_ECDH_ECDSA_WITH_AES_256_CBC_SHA, TLS_ECDH_RSA_WITH_AES_256_CBC_SHA, TLS_DHE_RSA_WITH_AES_256_CBC_SHA, TLS_DHE_DSS_WITH_AES_256_CBC_SHA, TLS_ECDHE_ECDSA_WITH_AES_128_CBC_SHA256, TLS_ECDHE_RSA_WITH_AES_128_CBC_SHA256, TLS_RSA_WITH_AES_128_CBC_SHA256, TLS_ECDH_ECDSA_WITH_AES_128_CBC_SHA256, TLS_ECDH_RSA_WITH_AES_128_CBC_SHA256, TLS_DHE_RSA_WITH_AES_128_CBC_SHA256, TLS_DHE_DSS_WITH_AES_128_CBC_SHA256, TLS_ECDHE_ECDSA_WITH_AES_128_CBC_SHA, TLS_ECDHE_RSA_WITH_AES_128_CBC_SHA, TLS_RSA_WITH_AES_128_CBC_SHA, TLS_ECDH_ECDSA_WITH_AES_128_CBC_SHA, TLS_ECDH_RSA_WITH_AES_128_CBC_SHA, TLS_DHE_RSA_WITH_AES_128_CBC_SHA, TLS_DHE_DSS_WITH_AES_128_CBC_SHA, TLS_EMPTY_RENEGOTIATION_INFO_SCSV]
09:06:19.680 [pool-1-thread-1] DEBUG org.apache.http.conn.ssl.SSLConnectionSocketFactory - Enabled cipher suites:[TLS_AES_128_GCM_SHA256, TLS_AES_256_GCM_SHA384, TLS_ECDHE_ECDSA_WITH_AES_256_GCM_SHA384, TLS_ECDHE_ECDSA_WITH_AES_128_GCM_SHA256, TLS_ECDHE_RSA_WITH_AES_256_GCM_SHA384, TLS_RSA_WITH_AES_256_GCM_SHA384, TLS_ECDH_ECDSA_WITH_AES_256_GCM_SHA384, TLS_ECDH_RSA_WITH_AES_256_GCM_SHA384, TLS_DHE_RSA_WITH_AES_256_GCM_SHA384, TLS_DHE_DSS_WITH_AES_256_GCM_SHA384, TLS_ECDHE_RSA_WITH_AES_128_GCM_SHA256, TLS_RSA_WITH_AES_128_GCM_SHA256, TLS_ECDH_ECDSA_WITH_AES_128_GCM_SHA256, TLS_ECDH_RSA_WITH_AES_128_GCM_SHA256, TLS_DHE_RSA_WITH_AES_128_GCM_SHA256, TLS_DHE_DSS_WITH_AES_128_GCM_SHA256, TLS_ECDHE_ECDSA_WITH_AES_256_CBC_SHA384, TLS_ECDHE_RSA_WITH_AES_256_CBC_SHA384, TLS_RSA_WITH_AES_256_CBC_SHA256, TLS_ECDH_ECDSA_WITH_AES_256_CBC_SHA384, TLS_ECDH_RSA_WITH_AES_256_CBC_SHA384, TLS_DHE_RSA_WITH_AES_256_CBC_SHA256, TLS_DHE_DSS_WITH_AES_256_CBC_SHA256, TLS_ECDHE_ECDSA_WITH_AES_256_CBC_SHA, TLS_ECDHE_RSA_WITH_AES_256_CBC_SHA, TLS_RSA_WITH_AES_256_CBC_SHA, TLS_ECDH_ECDSA_WITH_AES_256_CBC_SHA, TLS_ECDH_RSA_WITH_AES_256_CBC_SHA, TLS_DHE_RSA_WITH_AES_256_CBC_SHA, TLS_DHE_DSS_WITH_AES_256_CBC_SHA, TLS_ECDHE_ECDSA_WITH_AES_128_CBC_SHA256, TLS_ECDHE_RSA_WITH_AES_128_CBC_SHA256, TLS_RSA_WITH_AES_128_CBC_SHA256, TLS_ECDH_ECDSA_WITH_AES_128_CBC_SHA256, TLS_ECDH_RSA_WITH_AES_128_CBC_SHA256, TLS_DHE_RSA_WITH_AES_128_CBC_SHA256, TLS_DHE_DSS_WITH_AES_128_CBC_SHA256, TLS_ECDHE_ECDSA_WITH_AES_128_CBC_SHA, TLS_ECDHE_RSA_WITH_AES_128_CBC_SHA, TLS_RSA_WITH_AES_128_CBC_SHA, TLS_ECDH_ECDSA_WITH_AES_128_CBC_SHA, TLS_ECDH_RSA_WITH_AES_128_CBC_SHA, TLS_DHE_RSA_WITH_AES_128_CBC_SHA, TLS_DHE_DSS_WITH_AES_128_CBC_SHA, TLS_EMPTY_RENEGOTIATION_INFO_SCSV]
09:06:19.680 [pool-1-thread-1] DEBUG org.apache.http.conn.ssl.SSLConnectionSocketFactory - Starting handshake
09:06:19.680 [pool-1-thread-3] DEBUG org.apache.http.conn.ssl.SSLConnectionSocketFactory - Enabled cipher suites:[TLS_AES_128_GCM_SHA256, TLS_AES_256_GCM_SHA384, TLS_ECDHE_ECDSA_WITH_AES_256_GCM_SHA384, TLS_ECDHE_ECDSA_WITH_AES_128_GCM_SHA256, TLS_ECDHE_RSA_WITH_AES_256_GCM_SHA384, TLS_RSA_WITH_AES_256_GCM_SHA384, TLS_ECDH_ECDSA_WITH_AES_256_GCM_SHA384, TLS_ECDH_RSA_WITH_AES_256_GCM_SHA384, TLS_DHE_RSA_WITH_AES_256_GCM_SHA384, TLS_DHE_DSS_WITH_AES_256_GCM_SHA384, TLS_ECDHE_RSA_WITH_AES_128_GCM_SHA256, TLS_RSA_WITH_AES_128_GCM_SHA256, TLS_ECDH_ECDSA_WITH_AES_128_GCM_SHA256, TLS_ECDH_RSA_WITH_AES_128_GCM_SHA256, TLS_DHE_RSA_WITH_AES_128_GCM_SHA256, TLS_DHE_DSS_WITH_AES_128_GCM_SHA256, TLS_ECDHE_ECDSA_WITH_AES_256_CBC_SHA384, TLS_ECDHE_RSA_WITH_AES_256_CBC_SHA384, TLS_RSA_WITH_AES_256_CBC_SHA256, TLS_ECDH_ECDSA_WITH_AES_256_CBC_SHA384, TLS_ECDH_RSA_WITH_AES_256_CBC_SHA384, TLS_DHE_RSA_WITH_AES_256_CBC_SHA256, TLS_DHE_DSS_WITH_AES_256_CBC_SHA256, TLS_ECDHE_ECDSA_WITH_AES_256_CBC_SHA, TLS_ECDHE_RSA_WITH_AES_256_CBC_SHA, TLS_RSA_WITH_AES_256_CBC_SHA, TLS_ECDH_ECDSA_WITH_AES_256_CBC_SHA, TLS_ECDH_RSA_WITH_AES_256_CBC_SHA, TLS_DHE_RSA_WITH_AES_256_CBC_SHA, TLS_DHE_DSS_WITH_AES_256_CBC_SHA, TLS_ECDHE_ECDSA_WITH_AES_128_CBC_SHA256, TLS_ECDHE_RSA_WITH_AES_128_CBC_SHA256, TLS_RSA_WITH_AES_128_CBC_SHA256, TLS_ECDH_ECDSA_WITH_AES_128_CBC_SHA256, TLS_ECDH_RSA_WITH_AES_128_CBC_SHA256, TLS_DHE_RSA_WITH_AES_128_CBC_SHA256, TLS_DHE_DSS_WITH_AES_128_CBC_SHA256, TLS_ECDHE_ECDSA_WITH_AES_128_CBC_SHA, TLS_ECDHE_RSA_WITH_AES_128_CBC_SHA, TLS_RSA_WITH_AES_128_CBC_SHA, TLS_ECDH_ECDSA_WITH_AES_128_CBC_SHA, TLS_ECDH_RSA_WITH_AES_128_CBC_SHA, TLS_DHE_RSA_WITH_AES_128_CBC_SHA, TLS_DHE_DSS_WITH_AES_128_CBC_SHA, TLS_EMPTY_RENEGOTIATION_INFO_SCSV]
09:06:19.680 [pool-1-thread-2] DEBUG org.apache.http.conn.ssl.SSLConnectionSocketFactory - Starting handshake
09:06:19.680 [pool-1-thread-3] DEBUG org.apache.http.conn.ssl.SSLConnectionSocketFactory - Starting handshake
09:06:19.781 [pool-1-thread-2] DEBUG org.apache.http.conn.ssl.SSLConnectionSocketFactory - Secure session established
09:06:19.781 [pool-1-thread-2] DEBUG org.apache.http.conn.ssl.SSLConnectionSocketFactory -  negotiated protocol: TLSv1.2
09:06:19.781 [pool-1-thread-1] DEBUG org.apache.http.conn.ssl.SSLConnectionSocketFactory - Secure session established
09:06:19.781 [pool-1-thread-2] DEBUG org.apache.http.conn.ssl.SSLConnectionSocketFactory -  negotiated cipher suite: TLS_ECDHE_RSA_WITH_AES_128_GCM_SHA256
09:06:19.781 [pool-1-thread-1] DEBUG org.apache.http.conn.ssl.SSLConnectionSocketFactory -  negotiated protocol: TLSv1.2
09:06:19.781 [pool-1-thread-1] DEBUG org.apache.http.conn.ssl.SSLConnectionSocketFactory -  negotiated cipher suite: TLS_ECDHE_RSA_WITH_AES_128_GCM_SHA256
09:06:19.781 [pool-1-thread-2] DEBUG org.apache.http.conn.ssl.SSLConnectionSocketFactory -  peer principal: CN=*.swagger.io
09:06:19.781 [pool-1-thread-1] DEBUG org.apache.http.conn.ssl.SSLConnectionSocketFactory -  peer principal: CN=*.swagger.io
09:06:19.781 [pool-1-thread-1] DEBUG org.apache.http.conn.ssl.SSLConnectionSocketFactory -  peer alternative names: [*.swagger.io]
09:06:19.781 [pool-1-thread-2] DEBUG org.apache.http.conn.ssl.SSLConnectionSocketFactory -  peer alternative names: [*.swagger.io]
09:06:19.781 [pool-1-thread-3] DEBUG org.apache.http.conn.ssl.SSLConnectionSocketFactory - Secure session established
09:06:19.781 [pool-1-thread-3] DEBUG org.apache.http.conn.ssl.SSLConnectionSocketFactory -  negotiated protocol: TLSv1.2
09:06:19.781 [pool-1-thread-3] DEBUG org.apache.http.conn.ssl.SSLConnectionSocketFactory -  negotiated cipher suite: TLS_ECDHE_RSA_WITH_AES_128_GCM_SHA256
09:06:19.781 [pool-1-thread-4] DEBUG org.apache.http.conn.ssl.SSLConnectionSocketFactory - Secure session established
09:06:19.781 [pool-1-thread-1] DEBUG org.apache.http.conn.ssl.SSLConnectionSocketFactory -  issuer principal: CN=Amazon RSA 2048 M02, O=Amazon, C=US
09:06:19.781 [pool-1-thread-2] DEBUG org.apache.http.conn.ssl.SSLConnectionSocketFactory -  issuer principal: CN=Amazon RSA 2048 M02, O=Amazon, C=US
09:06:19.781 [pool-1-thread-3] DEBUG org.apache.http.conn.ssl.SSLConnectionSocketFactory -  peer principal: CN=*.swagger.io
09:06:19.781 [pool-1-thread-4] DEBUG org.apache.http.conn.ssl.SSLConnectionSocketFactory -  negotiated protocol: TLSv1.2
09:06:19.781 [pool-1-thread-3] DEBUG org.apache.http.conn.ssl.SSLConnectionSocketFactory -  peer alternative names: [*.swagger.io]
09:06:19.781 [pool-1-thread-4] DEBUG org.apache.http.conn.ssl.SSLConnectionSocketFactory -  negotiated cipher suite: TLS_ECDHE_RSA_WITH_AES_128_GCM_SHA256
09:06:19.781 [pool-1-thread-3] DEBUG org.apache.http.conn.ssl.SSLConnectionSocketFactory -  issuer principal: CN=Amazon RSA 2048 M02, O=Amazon, C=US
09:06:19.781 [pool-1-thread-4] DEBUG org.apache.http.conn.ssl.SSLConnectionSocketFactory -  peer principal: CN=*.swagger.io
09:06:19.781 [pool-1-thread-4] DEBUG org.apache.http.conn.ssl.SSLConnectionSocketFactory -  peer alternative names: [*.swagger.io]
09:06:19.781 [pool-1-thread-4] DEBUG org.apache.http.conn.ssl.SSLConnectionSocketFactory -  issuer principal: CN=Amazon RSA 2048 M02, O=Amazon, C=US
09:06:19.781 [pool-1-thread-3] DEBUG org.apache.http.impl.conn.DefaultHttpClientConnectionOperator - Connection established 192.168.100.10:49683<->54.147.109.72:443
09:06:19.781 [pool-1-thread-1] DEBUG org.apache.http.impl.conn.DefaultHttpClientConnectionOperator - Connection established 192.168.100.10:49672<->54.147.109.72:443
09:06:19.781 [pool-1-thread-2] DEBUG org.apache.http.impl.conn.DefaultHttpClientConnectionOperator - Connection established 192.168.100.10:49684<->54.147.109.72:443
09:06:19.781 [pool-1-thread-4] DEBUG org.apache.http.impl.conn.DefaultHttpClientConnectionOperator - Connection established 192.168.100.10:49674<->54.147.109.72:443
09:06:19.781 [pool-1-thread-3] DEBUG org.apache.http.impl.conn.DefaultManagedHttpClientConnection - http-outgoing-4: set socket timeout to 30000
09:06:19.781 [pool-1-thread-2] DEBUG org.apache.http.impl.conn.DefaultManagedHttpClientConnection - http-outgoing-7: set socket timeout to 30000
09:06:19.781 [pool-1-thread-1] DEBUG org.apache.http.impl.conn.DefaultManagedHttpClientConnection - http-outgoing-6: set socket timeout to 30000
09:06:19.781 [pool-1-thread-3] DEBUG org.apache.http.impl.execchain.MainClientExec - Executing request GET /v2/user/lgomez HTTP/1.1
09:06:19.781 [pool-1-thread-2] DEBUG org.apache.http.impl.execchain.MainClientExec - Executing request GET /v2/user/lgomez HTTP/1.1
09:06:19.781 [pool-1-thread-3] DEBUG org.apache.http.impl.execchain.MainClientExec - Target auth state: UNCHALLENGED
09:06:19.781 [pool-1-thread-2] DEBUG org.apache.http.impl.execchain.MainClientExec - Target auth state: UNCHALLENGED
09:06:19.781 [pool-1-thread-2] DEBUG org.apache.http.impl.execchain.MainClientExec - Proxy auth state: UNCHALLENGED
09:06:19.781 [pool-1-thread-4] DEBUG org.apache.http.impl.conn.DefaultManagedHttpClientConnection - http-outgoing-5: set socket timeout to 30000
09:06:19.781 [pool-1-thread-1] DEBUG org.apache.http.impl.execchain.MainClientExec - Executing request GET /v2/user/lgomez HTTP/1.1
09:06:19.781 [pool-1-thread-1] DEBUG org.apache.http.impl.execchain.MainClientExec - Target auth state: UNCHALLENGED
09:06:19.781 [pool-1-thread-4] DEBUG org.apache.http.impl.execchain.MainClientExec - Executing request GET /v2/user/lgomez HTTP/1.1
09:06:19.781 [pool-1-thread-3] DEBUG org.apache.http.impl.execchain.MainClientExec - Proxy auth state: UNCHALLENGED
09:06:19.781 [pool-1-thread-1] DEBUG org.apache.http.impl.execchain.MainClientExec - Proxy auth state: UNCHALLENGED
09:06:19.781 [pool-1-thread-4] DEBUG org.apache.http.impl.execchain.MainClientExec - Target auth state: UNCHALLENGED
09:06:19.781 [pool-1-thread-2] DEBUG org.apache.http.headers - http-outgoing-7 >> GET /v2/user/lgomez HTTP/1.1
09:06:19.781 [pool-1-thread-4] DEBUG org.apache.http.impl.execchain.MainClientExec - Proxy auth state: UNCHALLENGED
09:06:19.781 [pool-1-thread-2] DEBUG org.apache.http.headers - http-outgoing-7 >> Host: petstore.swagger.io
09:06:19.781 [pool-1-thread-3] DEBUG org.apache.http.headers - http-outgoing-4 >> GET /v2/user/lgomez HTTP/1.1
09:06:19.781 [pool-1-thread-2] DEBUG org.apache.http.headers - http-outgoing-7 >> Connection: Keep-Alive
09:06:19.781 [pool-1-thread-3] DEBUG org.apache.http.headers - http-outgoing-4 >> Host: petstore.swagger.io
09:06:19.781 [pool-1-thread-1] DEBUG org.apache.http.headers - http-outgoing-6 >> GET /v2/user/lgomez HTTP/1.1
09:06:19.781 [pool-1-thread-4] DEBUG org.apache.http.headers - http-outgoing-5 >> GET /v2/user/lgomez HTTP/1.1
09:06:19.781 [pool-1-thread-2] DEBUG org.apache.http.headers - http-outgoing-7 >> User-Agent: Apache-HttpClient/4.5.13 (Java/11.0.9)
09:06:19.781 [pool-1-thread-3] DEBUG org.apache.http.headers - http-outgoing-4 >> Connection: Keep-Alive
09:06:19.781 [pool-1-thread-2] DEBUG org.apache.http.headers - http-outgoing-7 >> Accept-Encoding: gzip,deflate
09:06:19.781 [pool-1-thread-1] DEBUG org.apache.http.headers - http-outgoing-6 >> Host: petstore.swagger.io
09:06:19.781 [pool-1-thread-4] DEBUG org.apache.http.headers - http-outgoing-5 >> Host: petstore.swagger.io
09:06:19.781 [pool-1-thread-1] DEBUG org.apache.http.headers - http-outgoing-6 >> Connection: Keep-Alive
09:06:19.781 [pool-1-thread-3] DEBUG org.apache.http.headers - http-outgoing-4 >> User-Agent: Apache-HttpClient/4.5.13 (Java/11.0.9)
09:06:19.781 [pool-1-thread-2] DEBUG org.apache.http.wire - http-outgoing-7 >> "GET /v2/user/lgomez HTTP/1.1[\r][\n]"
09:06:19.781 [pool-1-thread-3] DEBUG org.apache.http.headers - http-outgoing-4 >> Accept-Encoding: gzip,deflate
09:06:19.781 [pool-1-thread-2] DEBUG org.apache.http.wire - http-outgoing-7 >> "Host: petstore.swagger.io[\r][\n]"
09:06:19.781 [pool-1-thread-4] DEBUG org.apache.http.headers - http-outgoing-5 >> Connection: Keep-Alive
09:06:19.781 [pool-1-thread-1] DEBUG org.apache.http.headers - http-outgoing-6 >> User-Agent: Apache-HttpClient/4.5.13 (Java/11.0.9)
09:06:19.781 [pool-1-thread-3] DEBUG org.apache.http.wire - http-outgoing-4 >> "GET /v2/user/lgomez HTTP/1.1[\r][\n]"
09:06:19.781 [pool-1-thread-4] DEBUG org.apache.http.headers - http-outgoing-5 >> User-Agent: Apache-HttpClient/4.5.13 (Java/11.0.9)
09:06:19.781 [pool-1-thread-1] DEBUG org.apache.http.headers - http-outgoing-6 >> Accept-Encoding: gzip,deflate
09:06:19.781 [pool-1-thread-2] DEBUG org.apache.http.wire - http-outgoing-7 >> "Connection: Keep-Alive[\r][\n]"
09:06:19.781 [pool-1-thread-3] DEBUG org.apache.http.wire - http-outgoing-4 >> "Host: petstore.swagger.io[\r][\n]"
09:06:19.781 [pool-1-thread-4] DEBUG org.apache.http.headers - http-outgoing-5 >> Accept-Encoding: gzip,deflate
09:06:19.781 [pool-1-thread-3] DEBUG org.apache.http.wire - http-outgoing-4 >> "Connection: Keep-Alive[\r][\n]"
09:06:19.781 [pool-1-thread-1] DEBUG org.apache.http.wire - http-outgoing-6 >> "GET /v2/user/lgomez HTTP/1.1[\r][\n]"
09:06:19.781 [pool-1-thread-4] DEBUG org.apache.http.wire - http-outgoing-5 >> "GET /v2/user/lgomez HTTP/1.1[\r][\n]"
09:06:19.781 [pool-1-thread-2] DEBUG org.apache.http.wire - http-outgoing-7 >> "User-Agent: Apache-HttpClient/4.5.13 (Java/11.0.9)[\r][\n]"
09:06:19.781 [pool-1-thread-3] DEBUG org.apache.http.wire - http-outgoing-4 >> "User-Agent: Apache-HttpClient/4.5.13 (Java/11.0.9)[\r][\n]"
09:06:19.781 [pool-1-thread-2] DEBUG org.apache.http.wire - http-outgoing-7 >> "Accept-Encoding: gzip,deflate[\r][\n]"
09:06:19.781 [pool-1-thread-4] DEBUG org.apache.http.wire - http-outgoing-5 >> "Host: petstore.swagger.io[\r][\n]"
09:06:19.781 [pool-1-thread-3] DEBUG org.apache.http.wire - http-outgoing-4 >> "Accept-Encoding: gzip,deflate[\r][\n]"
09:06:19.781 [pool-1-thread-1] DEBUG org.apache.http.wire - http-outgoing-6 >> "Host: petstore.swagger.io[\r][\n]"
09:06:19.781 [pool-1-thread-4] DEBUG org.apache.http.wire - http-outgoing-5 >> "Connection: Keep-Alive[\r][\n]"
09:06:19.781 [pool-1-thread-3] DEBUG org.apache.http.wire - http-outgoing-4 >> "[\r][\n]"
09:06:19.781 [pool-1-thread-2] DEBUG org.apache.http.wire - http-outgoing-7 >> "[\r][\n]"
09:06:19.781 [pool-1-thread-1] DEBUG org.apache.http.wire - http-outgoing-6 >> "Connection: Keep-Alive[\r][\n]"
09:06:19.781 [pool-1-thread-4] DEBUG org.apache.http.wire - http-outgoing-5 >> "User-Agent: Apache-HttpClient/4.5.13 (Java/11.0.9)[\r][\n]"
09:06:19.781 [pool-1-thread-4] DEBUG org.apache.http.wire - http-outgoing-5 >> "Accept-Encoding: gzip,deflate[\r][\n]"
09:06:19.781 [pool-1-thread-1] DEBUG org.apache.http.wire - http-outgoing-6 >> "User-Agent: Apache-HttpClient/4.5.13 (Java/11.0.9)[\r][\n]"
09:06:19.781 [pool-1-thread-1] DEBUG org.apache.http.wire - http-outgoing-6 >> "Accept-Encoding: gzip,deflate[\r][\n]"
09:06:19.781 [pool-1-thread-4] DEBUG org.apache.http.wire - http-outgoing-5 >> "[\r][\n]"
09:06:19.781 [pool-1-thread-1] DEBUG org.apache.http.wire - http-outgoing-6 >> "[\r][\n]"
09:06:19.897 [pool-1-thread-1] DEBUG org.apache.http.wire - http-outgoing-6 << "HTTP/1.1 200 OK[\r][\n]"
09:06:19.897 [pool-1-thread-2] DEBUG org.apache.http.wire - http-outgoing-7 << "HTTP/1.1 200 OK[\r][\n]"
09:06:19.897 [pool-1-thread-4] DEBUG org.apache.http.wire - http-outgoing-5 << "HTTP/1.1 200 OK[\r][\n]"
09:06:19.897 [pool-1-thread-1] DEBUG org.apache.http.wire - http-outgoing-6 << "Date: Mon, 07 Aug 2023 14:06:20 GMT[\r][\n]"
09:06:19.897 [pool-1-thread-2] DEBUG org.apache.http.wire - http-outgoing-7 << "Date: Mon, 07 Aug 2023 14:06:20 GMT[\r][\n]"
09:06:19.897 [pool-1-thread-1] DEBUG org.apache.http.wire - http-outgoing-6 << "Content-Type: application/json[\r][\n]"
09:06:19.897 [pool-1-thread-3] DEBUG org.apache.http.wire - http-outgoing-4 << "HTTP/1.1 200 OK[\r][\n]"
09:06:19.897 [pool-1-thread-1] DEBUG org.apache.http.wire - http-outgoing-6 << "Transfer-Encoding: chunked[\r][\n]"
09:06:19.897 [pool-1-thread-4] DEBUG org.apache.http.wire - http-outgoing-5 << "Date: Mon, 07 Aug 2023 14:06:20 GMT[\r][\n]"
09:06:19.897 [pool-1-thread-2] DEBUG org.apache.http.wire - http-outgoing-7 << "Content-Type: application/json[\r][\n]"
09:06:19.897 [pool-1-thread-3] DEBUG org.apache.http.wire - http-outgoing-4 << "Date: Mon, 07 Aug 2023 14:06:20 GMT[\r][\n]"
09:06:19.897 [pool-1-thread-2] DEBUG org.apache.http.wire - http-outgoing-7 << "Transfer-Encoding: chunked[\r][\n]"
09:06:19.897 [pool-1-thread-1] DEBUG org.apache.http.wire - http-outgoing-6 << "Connection: keep-alive[\r][\n]"
09:06:19.897 [pool-1-thread-4] DEBUG org.apache.http.wire - http-outgoing-5 << "Content-Type: application/json[\r][\n]"
09:06:19.897 [pool-1-thread-2] DEBUG org.apache.http.wire - http-outgoing-7 << "Connection: keep-alive[\r][\n]"
09:06:19.897 [pool-1-thread-3] DEBUG org.apache.http.wire - http-outgoing-4 << "Content-Type: application/json[\r][\n]"
09:06:19.897 [pool-1-thread-2] DEBUG org.apache.http.wire - http-outgoing-7 << "Access-Control-Allow-Origin: *[\r][\n]"
09:06:19.897 [pool-1-thread-1] DEBUG org.apache.http.wire - http-outgoing-6 << "Access-Control-Allow-Origin: *[\r][\n]"
09:06:19.897 [pool-1-thread-2] DEBUG org.apache.http.wire - http-outgoing-7 << "Access-Control-Allow-Methods: GET, POST, DELETE, PUT[\r][\n]"
09:06:19.897 [pool-1-thread-4] DEBUG org.apache.http.wire - http-outgoing-5 << "Transfer-Encoding: chunked[\r][\n]"
09:06:19.897 [pool-1-thread-2] DEBUG org.apache.http.wire - http-outgoing-7 << "Access-Control-Allow-Headers: Content-Type, api_key, Authorization[\r][\n]"
09:06:19.897 [pool-1-thread-3] DEBUG org.apache.http.wire - http-outgoing-4 << "Transfer-Encoding: chunked[\r][\n]"
09:06:19.897 [pool-1-thread-1] DEBUG org.apache.http.wire - http-outgoing-6 << "Access-Control-Allow-Methods: GET, POST, DELETE, PUT[\r][\n]"
09:06:19.897 [pool-1-thread-4] DEBUG org.apache.http.wire - http-outgoing-5 << "Connection: keep-alive[\r][\n]"
09:06:19.897 [pool-1-thread-3] DEBUG org.apache.http.wire - http-outgoing-4 << "Connection: keep-alive[\r][\n]"
09:06:19.897 [pool-1-thread-4] DEBUG org.apache.http.wire - http-outgoing-5 << "Access-Control-Allow-Origin: *[\r][\n]"
09:06:19.897 [pool-1-thread-2] DEBUG org.apache.http.wire - http-outgoing-7 << "Server: Jetty(9.2.9.v20150224)[\r][\n]"
09:06:19.897 [pool-1-thread-4] DEBUG org.apache.http.wire - http-outgoing-5 << "Access-Control-Allow-Methods: GET, POST, DELETE, PUT[\r][\n]"
09:06:19.897 [pool-1-thread-1] DEBUG org.apache.http.wire - http-outgoing-6 << "Access-Control-Allow-Headers: Content-Type, api_key, Authorization[\r][\n]"
09:06:19.897 [pool-1-thread-4] DEBUG org.apache.http.wire - http-outgoing-5 << "Access-Control-Allow-Headers: Content-Type, api_key, Authorization[\r][\n]"
09:06:19.897 [pool-1-thread-2] DEBUG org.apache.http.wire - http-outgoing-7 << "[\r][\n]"
09:06:19.897 [pool-1-thread-1] DEBUG org.apache.http.wire - http-outgoing-6 << "Server: Jetty(9.2.9.v20150224)[\r][\n]"
09:06:19.897 [pool-1-thread-3] DEBUG org.apache.http.wire - http-outgoing-4 << "Access-Control-Allow-Origin: *[\r][\n]"
09:06:19.897 [pool-1-thread-4] DEBUG org.apache.http.wire - http-outgoing-5 << "Server: Jetty(9.2.9.v20150224)[\r][\n]"
09:06:19.897 [pool-1-thread-3] DEBUG org.apache.http.wire - http-outgoing-4 << "Access-Control-Allow-Methods: GET, POST, DELETE, PUT[\r][\n]"
09:06:19.897 [pool-1-thread-4] DEBUG org.apache.http.wire - http-outgoing-5 << "[\r][\n]"
09:06:19.897 [pool-1-thread-2] DEBUG org.apache.http.wire - http-outgoing-7 << "a3[\r][\n]"
09:06:19.897 [pool-1-thread-1] DEBUG org.apache.http.wire - http-outgoing-6 << "[\r][\n]"
09:06:19.897 [pool-1-thread-4] DEBUG org.apache.http.wire - http-outgoing-5 << "a3[\r][\n]"
09:06:19.897 [pool-1-thread-3] DEBUG org.apache.http.wire - http-outgoing-4 << "Access-Control-Allow-Headers: Content-Type, api_key, Authorization[\r][\n]"
09:06:19.897 [pool-1-thread-1] DEBUG org.apache.http.wire - http-outgoing-6 << "a3[\r][\n]"
09:06:19.897 [pool-1-thread-4] DEBUG org.apache.http.wire - http-outgoing-5 << "{"id":9223372036854767752,"username":"lgomez","firstName":"Luis","lastName":"Gomez","email":"lg@gmail.com","password":"pass123","phone":"099291555","userStatus":0}[\r][\n]"
09:06:19.897 [pool-1-thread-2] DEBUG org.apache.http.wire - http-outgoing-7 << "{"id":9223372036854767752,"username":"lgomez","firstName":"Luis","lastName":"Gomez","email":"lg@gmail.com","password":"pass123","phone":"099291555","userStatus":0}[\r][\n]"
09:06:19.897 [pool-1-thread-1] DEBUG org.apache.http.wire - http-outgoing-6 << "{"id":9223372036854767752,"username":"lgomez","firstName":"Luis","lastName":"Gomez","email":"lg@gmail.com","password":"pass123","phone":"099291555","userStatus":0}[\r][\n]"
09:06:19.897 [pool-1-thread-3] DEBUG org.apache.http.wire - http-outgoing-4 << "Server: Jetty(9.2.9.v20150224)[\r][\n]"
09:06:19.897 [pool-1-thread-3] DEBUG org.apache.http.wire - http-outgoing-4 << "[\r][\n]"
09:06:19.897 [pool-1-thread-3] DEBUG org.apache.http.wire - http-outgoing-4 << "a3[\r][\n]"
09:06:19.897 [pool-1-thread-3] DEBUG org.apache.http.wire - http-outgoing-4 << "{"id":9223372036854767752,"username":"lgomez","firstName":"Luis","lastName":"Gomez","email":"lg@gmail.com","password":"pass123","phone":"099291555","userStatus":0}[\r][\n]"
09:06:19.897 [pool-1-thread-4] DEBUG org.apache.http.headers - http-outgoing-5 << HTTP/1.1 200 OK
09:06:19.897 [pool-1-thread-2] DEBUG org.apache.http.headers - http-outgoing-7 << HTTP/1.1 200 OK
09:06:19.897 [pool-1-thread-4] DEBUG org.apache.http.headers - http-outgoing-5 << Date: Mon, 07 Aug 2023 14:06:20 GMT
09:06:19.897 [pool-1-thread-2] DEBUG org.apache.http.headers - http-outgoing-7 << Date: Mon, 07 Aug 2023 14:06:20 GMT
09:06:19.897 [pool-1-thread-1] DEBUG org.apache.http.headers - http-outgoing-6 << HTTP/1.1 200 OK
09:06:19.897 [pool-1-thread-3] DEBUG org.apache.http.headers - http-outgoing-4 << HTTP/1.1 200 OK
09:06:19.897 [pool-1-thread-4] DEBUG org.apache.http.headers - http-outgoing-5 << Content-Type: application/json
09:06:19.897 [pool-1-thread-2] DEBUG org.apache.http.headers - http-outgoing-7 << Content-Type: application/json
09:06:19.897 [pool-1-thread-1] DEBUG org.apache.http.headers - http-outgoing-6 << Date: Mon, 07 Aug 2023 14:06:20 GMT
09:06:19.897 [pool-1-thread-3] DEBUG org.apache.http.headers - http-outgoing-4 << Date: Mon, 07 Aug 2023 14:06:20 GMT
09:06:19.897 [pool-1-thread-4] DEBUG org.apache.http.headers - http-outgoing-5 << Transfer-Encoding: chunked
09:06:19.897 [pool-1-thread-4] DEBUG org.apache.http.headers - http-outgoing-5 << Connection: keep-alive
09:06:19.897 [pool-1-thread-2] DEBUG org.apache.http.headers - http-outgoing-7 << Transfer-Encoding: chunked
09:06:19.897 [pool-1-thread-2] DEBUG org.apache.http.headers - http-outgoing-7 << Connection: keep-alive
[...]
09:06:22.804 [Test worker] DEBUG org.apache.velocity.macro - added VM includeReportInfo: source=org.apache.velocity.Template@7fd04142
09:06:22.804 [Test worker] DEBUG org.apache.velocity.loader - ResourceManager: found /templates/macros/page/reportInfo.vm with loader org.apache.velocity.runtime.resource.loader.ClasspathResourceLoader
09:06:22.804 [Test worker] DEBUG org.apache.velocity.macro - added VM includeTitle: source=org.apache.velocity.Template@111ccd42
09:06:22.804 [Test worker] DEBUG org.apache.velocity.loader - ResourceManager: found /templates/macros/page/title.vm with loader org.apache.velocity.runtime.resource.loader.ClasspathResourceLoader
09:06:22.804 [Test worker] DEBUG org.apache.velocity.macro - added VM includeExpandingButtons: source=org.apache.velocity.Template@2baa5fe8
09:06:22.804 [Test worker] DEBUG org.apache.velocity.loader - ResourceManager: found /templates/macros/report/expandAllButtons.vm with loader org.apache.velocity.runtime.resource.loader.ClasspathResourceLoader
09:06:22.804 [Test worker] DEBUG org.apache.velocity.macro - added VM includeReportTable: source=org.apache.velocity.Template@26feb448
09:06:22.804 [Test worker] DEBUG org.apache.velocity.loader - ResourceManager: found /templates/macros/report/reportTable.vm with loader org.apache.velocity.runtime.resource.loader.ClasspathResourceLoader
09:06:22.812 [Test worker] DEBUG org.apache.velocity.macro - added VM includeReportHeader: source=org.apache.velocity.Template@1f05b2e8
09:06:22.812 [Test worker] DEBUG org.apache.velocity.loader - ResourceManager: found /templates/macros/report/reportHeader.vm with loader org.apache.velocity.runtime.resource.loader.ClasspathResourceLoader
09:06:22.814 [Test worker] DEBUG org.apache.velocity.macro - added VM includeStatsTable: source=org.apache.velocity.Template@4d63e935
09:06:22.814 [Test worker] DEBUG org.apache.velocity.loader - ResourceManager: found /templates/macros/report/statsTable.vm with loader org.apache.velocity.runtime.resource.loader.ClasspathResourceLoader
09:06:22.814 [Test worker] DEBUG org.apache.velocity.macro - added VM includeBrief: source=org.apache.velocity.Template@789df0a9
09:06:22.814 [Test worker] DEBUG org.apache.velocity.loader - ResourceManager: found /templates/macros/json/brief.vm with loader org.apache.velocity.runtime.resource.loader.ClasspathResourceLoader
09:06:22.814 [Test worker] DEBUG org.apache.velocity.macro - added VM includeDocString: source=org.apache.velocity.Template@69f28516
09:06:22.814 [Test worker] DEBUG org.apache.velocity.loader - ResourceManager: found /templates/macros/json/docstring.vm with loader org.apache.velocity.runtime.resource.loader.ClasspathResourceLoader
09:06:22.814 [Test worker] DEBUG org.apache.velocity.macro - added VM includeDuration: source=org.apache.velocity.Template@3f4aacc4
09:06:22.814 [Test worker] DEBUG org.apache.velocity.loader - ResourceManager: found /templates/macros/json/duration.vm with loader org.apache.velocity.runtime.resource.loader.ClasspathResourceLoader
09:06:22.822 [Test worker] DEBUG org.apache.velocity.macro - added VM includeElement: source=org.apache.velocity.Template@6d40540e
09:06:22.822 [Test worker] DEBUG org.apache.velocity.loader - ResourceManager: found /templates/macros/json/element.vm with loader org.apache.velocity.runtime.resource.loader.ClasspathResourceLoader
09:06:22.824 [Test worker] DEBUG org.apache.velocity.macro - added VM includeEmbeddings: source=org.apache.velocity.Template@4e401712
09:06:22.824 [Test worker] DEBUG org.apache.velocity.macro - added VM includeHtmlEmbedding: source=org.apache.velocity.Template@4e401712
09:06:22.824 [Test worker] DEBUG org.apache.velocity.macro - added VM includeVideoEmbedding: source=org.apache.velocity.Template@4e401712
09:06:22.824 [Test worker] DEBUG org.apache.velocity.macro - added VM includeImageEmbedding: source=org.apache.velocity.Template@4e401712
09:06:22.824 [Test worker] DEBUG org.apache.velocity.macro - added VM includeImageReferenceEmbedding: source=org.apache.velocity.Template@4e401712
09:06:22.824 [Test worker] DEBUG org.apache.velocity.macro - added VM includeTextEmbedding: source=org.apache.velocity.Template@4e401712
09:06:22.824 [Test worker] DEBUG org.apache.velocity.macro - added VM includeUnknownEmbedding: source=org.apache.velocity.Template@4e401712
09:06:22.824 [Test worker] DEBUG org.apache.velocity.loader - ResourceManager: found /templates/macros/json/embeddings.vm with loader org.apache.velocity.runtime.resource.loader.ClasspathResourceLoader
09:06:22.824 [Test worker] DEBUG org.apache.velocity.macro - added VM includeHooks: source=org.apache.velocity.Template@22675e9c
09:06:22.824 [Test worker] DEBUG org.apache.velocity.loader - ResourceManager: found /templates/macros/json/hooks.vm with loader org.apache.velocity.runtime.resource.loader.ClasspathResourceLoader
09:06:22.824 [Test worker] DEBUG org.apache.velocity.macro - added VM includeOutput: source=org.apache.velocity.Template@127441d7
09:06:22.824 [Test worker] DEBUG org.apache.velocity.loader - ResourceManager: found /templates/macros/json/output.vm with loader org.apache.velocity.runtime.resource.loader.ClasspathResourceLoader
09:06:22.824 [Test worker] DEBUG org.apache.velocity.macro - added VM includeMessage: source=org.apache.velocity.Template@6b200367
09:06:22.824 [Test worker] DEBUG org.apache.velocity.loader - ResourceManager: found /templates/macros/json/message.vm with loader org.apache.velocity.runtime.resource.loader.ClasspathResourceLoader
09:06:22.833 [Test worker] DEBUG org.apache.velocity.macro - added VM includeSteps: source=org.apache.velocity.Template@4dda7aca
09:06:22.833 [Test worker] DEBUG org.apache.velocity.loader - ResourceManager: found /templates/macros/json/steps.vm with loader org.apache.velocity.runtime.resource.loader.ClasspathResourceLoader
09:06:22.835 [Test worker] DEBUG org.apache.velocity.macro - added VM includeStepName: source=org.apache.velocity.Template@a66059b
09:06:22.835 [Test worker] DEBUG org.apache.velocity.loader - ResourceManager: found /templates/macros/json/stepName.vm with loader org.apache.velocity.runtime.resource.loader.ClasspathResourceLoader
09:06:22.835 [Test worker] DEBUG org.apache.velocity.macro - added VM includeTags: source=org.apache.velocity.Template@7c809ab8
09:06:22.835 [Test worker] DEBUG org.apache.velocity.loader - ResourceManager: found /templates/macros/json/tags.vm with loader org.apache.velocity.runtime.resource.loader.ClasspathResourceLoader
09:06:22.835 [Test worker] DEBUG org.apache.velocity.loader - ResourceManager: found /templates/footer.vm with loader org.apache.velocity.runtime.resource.loader.ClasspathResourceLoader
09:06:22.835 [Test worker] DEBUG org.apache.velocity - Initializing Velocity, Calling init()...
09:06:22.835 [Test worker] DEBUG org.apache.velocity - Starting Apache Velocity v2.3
09:06:22.835 [Test worker] DEBUG org.apache.velocity - Default Properties resource: org/apache/velocity/runtime/defaults/velocity.properties
09:06:22.835 [Test worker] DEBUG org.apache.velocity - ResourceLoader instantiated: org.apache.velocity.runtime.resource.loader.ClasspathResourceLoader
09:06:22.835 [Test worker] DEBUG org.apache.velocity - initialized (class org.apache.velocity.runtime.resource.ResourceCacheImpl) with class java.util.Collections$SynchronizedMap cache map.
09:06:22.843 [Test worker] DEBUG org.apache.velocity - Loaded System Directive: org.apache.velocity.runtime.directive.Stop
09:06:22.843 [Test worker] DEBUG org.apache.velocity - Loaded System Directive: org.apache.velocity.runtime.directive.Define
09:06:22.843 [Test worker] DEBUG org.apache.velocity - Loaded System Directive: org.apache.velocity.runtime.directive.Break
09:06:22.843 [Test worker] DEBUG org.apache.velocity - Loaded System Directive: org.apache.velocity.runtime.directive.Evaluate
09:06:22.843 [Test worker] DEBUG org.apache.velocity - Loaded System Directive: org.apache.velocity.runtime.directive.Macro
09:06:22.843 [Test worker] DEBUG org.apache.velocity - Loaded System Directive: org.apache.velocity.runtime.directive.Parse
09:06:22.843 [Test worker] DEBUG org.apache.velocity - Loaded System Directive: org.apache.velocity.runtime.directive.Include
09:06:22.843 [Test worker] DEBUG org.apache.velocity - Loaded System Directive: org.apache.velocity.runtime.directive.Foreach
09:06:22.845 [Test worker] DEBUG org.apache.velocity.parser - Created '20' parsers.
09:06:22.845 [Test worker] DEBUG org.apache.velocity.macro - "velocimacro.library.path" is not set. Trying default library: velocimacros.vtl
09:06:22.845 [Test worker] DEBUG org.apache.velocity.loader.class - Could not load resource 'velocimacros.vtl' from ResourceLoader org.apache.velocity.runtime.resource.loader.ClasspathResourceLoader
09:06:22.845 [Test worker] DEBUG org.apache.velocity.macro - Default library velocimacros.vtl not found. Trying old default library: VM_global_library.vm
09:06:22.845 [Test worker] DEBUG org.apache.velocity.loader.class - Could not load resource 'VM_global_library.vm' from ResourceLoader org.apache.velocity.runtime.resource.loader.ClasspathResourceLoader
09:06:22.845 [Test worker] DEBUG org.apache.velocity.macro - Old default library VM_global_library.vm not found.
09:06:22.845 [Test worker] DEBUG org.apache.velocity.macro - allowInline = true: VMs can be defined inline in templates
09:06:22.845 [Test worker] DEBUG org.apache.velocity.macro - allowInlineToOverride = false: VMs defined inline may NOT replace previous VM definitions
09:06:22.845 [Test worker] DEBUG org.apache.velocity.macro - allowInlineLocal = false: VMs defined inline will be global in scope if allowed.
09:06:22.845 [Test worker] DEBUG org.apache.velocity.macro - autoload off: VM system will not automatically reload global library macros
09:06:22.845 [Test worker] DEBUG org.apache.velocity.loader - ResourceManager: found templates/generators/overviewFailures.vm with loader org.apache.velocity.runtime.resource.loader.ClasspathResourceLoader
09:06:22.845 [Test worker] DEBUG org.apache.velocity.loader - ResourceManager: found /templates/headers.vm with loader org.apache.velocity.runtime.resource.loader.ClasspathResourceLoader
09:06:22.853 [Test worker] DEBUG org.apache.velocity.loader - ResourceManager: found /templates/head.vm with loader org.apache.velocity.runtime.resource.loader.ClasspathResourceLoader
09:06:22.855 [Test worker] DEBUG org.apache.velocity.macro - added VM stringArray: source=org.apache.velocity.Template@63f731d7
09:06:22.855 [Test worker] DEBUG org.apache.velocity.macro - added VM numberArray: source=org.apache.velocity.Template@63f731d7
09:06:22.855 [Test worker] DEBUG org.apache.velocity.loader - ResourceManager: found /templates/macros/array.js.vm with loader org.apache.velocity.runtime.resource.loader.ClasspathResourceLoader
09:06:22.855 [Test worker] DEBUG org.apache.velocity.macro - added VM includeBuildInfo: source=org.apache.velocity.Template@34bce506
09:06:22.855 [Test worker] DEBUG org.apache.velocity.loader - ResourceManager: found /templates/macros/page/buildinfo.vm with loader org.apache.velocity.runtime.resource.loader.ClasspathResourceLoader
09:06:22.855 [Test worker] DEBUG org.apache.velocity.macro - added VM includeClassifications: source=org.apache.velocity.Template@34aa0
09:06:22.855 [Test worker] DEBUG org.apache.velocity.loader - ResourceManager: found /templates/macros/page/classifications.vm with loader org.apache.velocity.runtime.resource.loader.ClasspathResourceLoader
09:06:22.855 [Test worker] DEBUG org.apache.velocity.macro - added VM includeLead: source=org.apache.velocity.Template@342e70da
09:06:22.855 [Test worker] DEBUG org.apache.velocity.loader - ResourceManager: found /templates/macros/page/lead.vm with loader org.apache.velocity.runtime.resource.loader.ClasspathResourceLoader
09:06:22.855 [Test worker] DEBUG org.apache.velocity.macro - added VM includeNavigation: source=org.apache.velocity.Template@7dae594
09:06:22.855 [Test worker] DEBUG org.apache.velocity.loader - ResourceManager: found /templates/macros/page/navigation.vm with loader org.apache.velocity.runtime.resource.loader.ClasspathResourceLoader
09:06:22.855 [Test worker] DEBUG org.apache.velocity.macro - added VM includeReportInfo: source=org.apache.velocity.Template@538336f1
09:06:22.855 [Test worker] DEBUG org.apache.velocity.loader - ResourceManager: found /templates/macros/page/reportInfo.vm with loader org.apache.velocity.runtime.resource.loader.ClasspathResourceLoader
09:06:22.863 [Test worker] DEBUG org.apache.velocity.macro - added VM includeTitle: source=org.apache.velocity.Template@692e96b2
09:06:22.863 [Test worker] DEBUG org.apache.velocity.loader - ResourceManager: found /templates/macros/page/title.vm with loader org.apache.velocity.runtime.resource.loader.ClasspathResourceLoader
09:06:22.865 [Test worker] DEBUG org.apache.velocity.macro - added VM includeExpandingButtons: source=org.apache.velocity.Template@5858dfaa
09:06:22.865 [Test worker] DEBUG org.apache.velocity.loader - ResourceManager: found /templates/macros/report/expandAllButtons.vm with loader org.apache.velocity.runtime.resource.loader.ClasspathResourceLoader
09:06:22.865 [Test worker] DEBUG org.apache.velocity.macro - added VM includeReportTable: source=org.apache.velocity.Template@6c267023
09:06:22.865 [Test worker] DEBUG org.apache.velocity.loader - ResourceManager: found /templates/macros/report/reportTable.vm with loader org.apache.velocity.runtime.resource.loader.ClasspathResourceLoader
09:06:22.865 [Test worker] DEBUG org.apache.velocity.macro - added VM includeReportHeader: source=org.apache.velocity.Template@39160653
09:06:22.865 [Test worker] DEBUG org.apache.velocity.loader - ResourceManager: found /templates/macros/report/reportHeader.vm with loader org.apache.velocity.runtime.resource.loader.ClasspathResourceLoader
09:06:22.865 [Test worker] DEBUG org.apache.velocity.macro - added VM includeStatsTable: source=org.apache.velocity.Template@5a3e604b
09:06:22.865 [Test worker] DEBUG org.apache.velocity.loader - ResourceManager: found /templates/macros/report/statsTable.vm with loader org.apache.velocity.runtime.resource.loader.ClasspathResourceLoader
09:06:22.865 [Test worker] DEBUG org.apache.velocity.macro - added VM includeBrief: source=org.apache.velocity.Template@298062
09:06:22.865 [Test worker] DEBUG org.apache.velocity.loader - ResourceManager: found /templates/macros/json/brief.vm with loader org.apache.velocity.runtime.resource.loader.ClasspathResourceLoader
09:06:22.865 [Test worker] DEBUG org.apache.velocity.macro - added VM includeDocString: source=org.apache.velocity.Template@458573d3
09:06:22.865 [Test worker] DEBUG org.apache.velocity.loader - ResourceManager: found /templates/macros/json/docstring.vm with loader org.apache.velocity.runtime.resource.loader.ClasspathResourceLoader
09:06:22.865 [Test worker] DEBUG org.apache.velocity.macro - added VM includeDuration: source=org.apache.velocity.Template@4675282d
09:06:22.865 [Test worker] DEBUG org.apache.velocity.loader - ResourceManager: found /templates/macros/json/duration.vm with loader org.apache.velocity.runtime.resource.loader.ClasspathResourceLoader
09:06:22.873 [Test worker] DEBUG org.apache.velocity.macro - added VM includeElement: source=org.apache.velocity.Template@6c5d9271
09:06:22.873 [Test worker] DEBUG org.apache.velocity.loader - ResourceManager: found /templates/macros/json/element.vm with loader org.apache.velocity.runtime.resource.loader.ClasspathResourceLoader
09:06:22.875 [Test worker] DEBUG org.apache.velocity.macro - added VM includeEmbeddings: source=org.apache.velocity.Template@51b26bf9
09:06:22.875 [Test worker] DEBUG org.apache.velocity.macro - added VM includeHtmlEmbedding: source=org.apache.velocity.Template@51b26bf9
09:06:22.875 [Test worker] DEBUG org.apache.velocity.macro - added VM includeVideoEmbedding: source=org.apache.velocity.Template@51b26bf9
09:06:22.875 [Test worker] DEBUG org.apache.velocity.macro - added VM includeImageEmbedding: source=org.apache.velocity.Template@51b26bf9
09:06:22.875 [Test worker] DEBUG org.apache.velocity.macro - added VM includeImageReferenceEmbedding: source=org.apache.velocity.Template@51b26bf9
09:06:22.875 [Test worker] DEBUG org.apache.velocity.macro - added VM includeTextEmbedding: source=org.apache.velocity.Template@51b26bf9
09:06:22.875 [Test worker] DEBUG org.apache.velocity.macro - added VM includeUnknownEmbedding: source=org.apache.velocity.Template@51b26bf9
09:06:22.875 [Test worker] DEBUG org.apache.velocity.loader - ResourceManager: found /templates/macros/json/embeddings.vm with loader org.apache.velocity.runtime.resource.loader.ClasspathResourceLoader
09:06:22.875 [Test worker] DEBUG org.apache.velocity.macro - added VM includeHooks: source=org.apache.velocity.Template@3bcb780c
09:06:22.875 [Test worker] DEBUG org.apache.velocity.loader - ResourceManager: found /templates/macros/json/hooks.vm with loader org.apache.velocity.runtime.resource.loader.ClasspathResourceLoader
09:06:22.875 [Test worker] DEBUG org.apache.velocity.macro - added VM includeOutput: source=org.apache.velocity.Template@39d59d13
09:06:22.875 [Test worker] DEBUG org.apache.velocity.loader - ResourceManager: found /templates/macros/json/output.vm with loader org.apache.velocity.runtime.resource.loader.ClasspathResourceLoader
09:06:22.875 [Test worker] DEBUG org.apache.velocity.macro - added VM includeMessage: source=org.apache.velocity.Template@43190c85
09:06:22.875 [Test worker] DEBUG org.apache.velocity.loader - ResourceManager: found /templates/macros/json/message.vm with loader org.apache.velocity.runtime.resource.loader.ClasspathResourceLoader
09:06:22.883 [Test worker] DEBUG org.apache.velocity.macro - added VM includeSteps: source=org.apache.velocity.Template@238b513d
09:06:22.883 [Test worker] DEBUG org.apache.velocity.loader - ResourceManager: found /templates/macros/json/steps.vm with loader org.apache.velocity.runtime.resource.loader.ClasspathResourceLoader
09:06:22.886 [Test worker] DEBUG org.apache.velocity.macro - added VM includeStepName: source=org.apache.velocity.Template@513ae55a
09:06:22.886 [Test worker] DEBUG org.apache.velocity.loader - ResourceManager: found /templates/macros/json/stepName.vm with loader org.apache.velocity.runtime.resource.loader.ClasspathResourceLoader
09:06:22.886 [Test worker] DEBUG org.apache.velocity.macro - added VM includeTags: source=org.apache.velocity.Template@3c2648c6
09:06:22.886 [Test worker] DEBUG org.apache.velocity.loader - ResourceManager: found /templates/macros/json/tags.vm with loader org.apache.velocity.runtime.resource.loader.ClasspathResourceLoader
09:06:22.886 [Test worker] DEBUG org.apache.velocity.loader - ResourceManager: found /templates/footer.vm with loader org.apache.velocity.runtime.resource.loader.ClasspathResourceLoader
]]></system-out>
  <system-err><![CDATA[ago. 07, 2023 9:06:22 A. M. net.masterthought.cucumber.ReportParser parseJsonFiles
INFO: File 'C:\Users\Jaime\Documents\Portafolio\ex-karate-api-jaime-aguilar\build\karate-reports\users.delete.user-delete.json' contains 1 features
ago. 07, 2023 9:06:22 A. M. net.masterthought.cucumber.ReportParser parseJsonFiles
INFO: File 'C:\Users\Jaime\Documents\Portafolio\ex-karate-api-jaime-aguilar\build\karate-reports\users.get.user-get-update.json' contains 1 features
ago. 07, 2023 9:06:22 A. M. net.masterthought.cucumber.ReportParser parseJsonFiles
INFO: File 'C:\Users\Jaime\Documents\Portafolio\ex-karate-api-jaime-aguilar\build\karate-reports\users.get.user-get.json' contains 1 features
ago. 07, 2023 9:06:22 A. M. net.masterthought.cucumber.ReportParser parseJsonFiles
INFO: File 'C:\Users\Jaime\Documents\Portafolio\ex-karate-api-jaime-aguilar\build\karate-reports\users.put.user-put.json' contains 1 features
]]></system-err>
</testsuite>
